<?xml version="1.0" encoding="UTF-8"?>
<!-- Generated by org.testng.reporters.JUnitXMLReporter -->
<testsuite ignored="0" hostname="Deepika-2AT30NI" failures="1" tests="1" name="MTR Testcase100" time="87.756" errors="0" timestamp="2021-10-13T14:44:09 IST">
  <testcase classname="tests.testcase100_DefaultProfile2" name="GoToUrlusernamepositiveinputPositiveEnterctl00cPHpassClickLoginPositiveEnterctl00cPHFiltertxtAg" time="79.855">
    <failure type="java.lang.AssertionError" message="expected [105869.22] but found [105869.23]">
      <![CDATA[java.lang.AssertionError: expected [105869.22] but found [105869.23]
at pages.Testcase100.Click_Review_Tax_Calculation_(Testcase100.java:1463)
at tests.testcase100_DefaultProfile2.GoToUrlusernamepositiveinputPositiveEnterctl00cPHpassClickLoginPositiveEnterctl00cPHFiltertxtAg(testcase100_DefaultProfile2.java:274)
at java.base/java.util.ArrayList.forEach(ArrayList.java:1540)
... Removed 31 stack frames]]>
    </failure>
  </testcase> <!-- GoToUrlusernamepositiveinputPositiveEnterctl00cPHpassClickLoginPositiveEnterctl00cPHFiltertxtAg -->
</testsuite> <!-- MTR Testcase100 -->
