<?xml version="1.0" encoding="UTF-8"?>
<!-- Generated by org.testng.reporters.JUnitXMLReporter -->
<testsuite ignored="0" hostname="Deepika-2AT30NI" failures="1" tests="1" name="MTR Testcase174" time="87.279" errors="0" timestamp="2021-10-13T16:03:45 IST">
  <testcase classname="tests.testcase174_DefaultProfile2" name="GoToUrlusernamepositiveinputPositiveEnterctl00cPHpassClickLoginPositiveEnterctl00cPHFiltertxtAg" time="77.232">
    <failure type="java.lang.AssertionError" message="expected [19376.5] but found [19376.6]">
      <![CDATA[java.lang.AssertionError: expected [19376.5] but found [19376.6]
at pages.Testcase174.Click_Review_Tax_Calculation_(Testcase174.java:1489)
at tests.testcase174_DefaultProfile2.GoToUrlusernamepositiveinputPositiveEnterctl00cPHpassClickLoginPositiveEnterctl00cPHFiltertxtAg(testcase174_DefaultProfile2.java:274)
at java.base/java.util.ArrayList.forEach(ArrayList.java:1540)
... Removed 31 stack frames]]>
    </failure>
  </testcase> <!-- GoToUrlusernamepositiveinputPositiveEnterctl00cPHpassClickLoginPositiveEnterctl00cPHFiltertxtAg -->
</testsuite> <!-- MTR Testcase174 -->
