<?xml version="1.0" encoding="UTF-8"?>
<!-- Generated by org.testng.reporters.JUnitXMLReporter -->
<testsuite ignored="0" hostname="Deepika-2AT30NI" failures="1" tests="1" name="MTR Testcase101" time="82.861" errors="0" timestamp="2021-10-13T14:45:33 IST">
  <testcase classname="tests.testcase101_DefaultProfile2" name="GoToUrlusernamepositiveinputPositiveEnterctl00cPHpassClickLoginPositiveEnterctl00cPHFiltertxtAg" time="75.887">
    <failure type="java.lang.AssertionError" message="expected [97621.83] but found [97621.82]">
      <![CDATA[java.lang.AssertionError: expected [97621.83] but found [97621.82]
at pages.Testcase101.Click_Review_Tax_Calculation_(Testcase101.java:1489)
at tests.testcase101_DefaultProfile2.GoToUrlusernamepositiveinputPositiveEnterctl00cPHpassClickLoginPositiveEnterctl00cPHFiltertxtAg(testcase101_DefaultProfile2.java:274)
at java.base/java.util.ArrayList.forEach(ArrayList.java:1540)
... Removed 31 stack frames]]>
    </failure>
  </testcase> <!-- GoToUrlusernamepositiveinputPositiveEnterctl00cPHpassClickLoginPositiveEnterctl00cPHFiltertxtAg -->
</testsuite> <!-- MTR Testcase101 -->
