<html>
<head>
<title>TestNG:  MTR Testcase24</title>
<link href="../testng.css" rel="stylesheet" type="text/css" />
<link href="../my-testng.css" rel="stylesheet" type="text/css" />

<style type="text/css">
.log { display: none;} 
.stack-trace { display: none;} 
</style>
<script type="text/javascript">
<!--
function flip(e) {
  current = e.style.display;
  if (current == 'block') {
    e.style.display = 'none';
    return 0;
  }
  else {
    e.style.display = 'block';
    return 1;
  }
}

function toggleBox(szDivId, elem, msg1, msg2)
{
  var res = -1;  if (document.getElementById) {
    res = flip(document.getElementById(szDivId));
  }
  else if (document.all) {
    // this is the way old msie versions work
    res = flip(document.all[szDivId]);
  }
  if(elem) {
    if(res == 0) elem.innerHTML = msg1; else elem.innerHTML = msg2;
  }

}

function toggleAllBoxes() {
  if (document.getElementsByTagName) {
    d = document.getElementsByTagName('div');
    for (i = 0; i < d.length; i++) {
      if (d[i].className == 'log') {
        flip(d[i]);
      }
    }
  }
}

// -->
</script>

</head>
<body>
<h2 align='center'>MTR Testcase24</h2><table border='1' align="center">
<tr>
<td>Tests passed/Failed/Skipped:</td><td>1/0/0</td>
</tr><tr>
<td>Started on:</td><td>Thu Jul 29 02:29:22 IST 2021</td>
</tr>
<tr><td>Total time:</td><td>82 seconds (82884 ms)</td>
</tr><tr>
<td>Included groups:</td><td></td>
</tr><tr>
<td>Excluded groups:</td><td></td>
</tr>
</table><p/>
<small><i>(Hover the method name to see the test class name)</i></small><p/>
<table width='100%' border='1' class='invocation-failed'>
<tr><td colspan='4' align='center'><b>FAILED TESTS</b></td></tr>
<tr><td><b>Test method</b></td>
<td width="30%"><b>Exception</b></td>
<td width="10%"><b>Time (seconds)</b></td>
<td><b>Instance</b></td>
</tr>
<tr>
<td title='tests.testcase2_DefaultProfile.GoToUrlusernamepositiveinputPositiveEnterctl00cPHpassClickLoginPositiveEnterctl00cPHFiltertxtAg()'><b>GoToUrlusernamepositiveinputPositiveEnterctl00cPHpassClickLoginPositiveEnterctl00cPHFiltertxtAg</b><br>Test class: tests.testcase2_DefaultProfile</td>
<td><div><pre>org.openqa.selenium.ElementNotVisibleException: element not interactable
  (Session info: chrome=71.0.3578.98)
  (Driver info: chromedriver=2.46.628402 (536cd7adbad73a3783fdc2cab92ab2ba7ec361e1),platform=Windows NT 10.0.19043 x86_64) (WARNING: The server did not provide any stacktrace information)
Command duration or timeout: 0 milliseconds
Build info: version: &apos;3.11.0&apos;, revision: &apos;e59cfb3&apos;, time: &apos;2018-03-11T20:26:55.152Z&apos;
System info: host: &apos;DEEPIKA-2AT30NI&apos;, ip: &apos;192.168.1.23&apos;, os.name: &apos;Windows 10&apos;, os.arch: &apos;amd64&apos;, os.version: &apos;10.0&apos;, java.version: &apos;12.0.2&apos;
Driver info: org.openqa.selenium.chrome.ChromeDriver
Capabilities {acceptInsecureCerts: false, acceptSslCerts: false, applicationCacheEnabled: false, browserConnectionEnabled: false, browserName: chrome, chrome: {chromedriverVersion: 2.46.628402 (536cd7adbad73a..., userDataDir: C:\Users\ADMINI~1\AppData\L...}, cssSelectorsEnabled: true, databaseEnabled: false, goog:chromeOptions: {debuggerAddress: localhost:50473}, handlesAlerts: true, hasTouchScreen: false, javascriptEnabled: true, locationContextEnabled: true, mobileEmulationEnabled: false, nativeEvents: true, networkConnectionEnabled: false, pageLoadStrategy: normal, platform: XP, platformName: XP, proxy: Proxy(), rotatable: false, setWindowRect: true, strictFileInteractability: false, takesHeapSnapshot: true, takesScreenshot: true, timeouts: {implicit: 0, pageLoad: 300000, script: 30000}, unexpectedAlertBehaviour: ignore, unhandledPromptBehavior: ignore, version: 71.0.3578.98, webStorageEnabled: true}
Session ID: 38c36d86fd234d6477fad862dabb5fcd
	at org.openqa.selenium.remote.ErrorHandler.createThrowable(ErrorHandler.java:214)
	at org.openqa.selenium.remote.ErrorHandler.throwIfResponseFailed(ErrorHandler.java:166)
	at org.openqa.selenium.remote.http.JsonHttpResponseCodec.reconstructValue(JsonHttpResponseCodec.java:40)
	at org.openqa.selenium.remote.http.AbstractHttpResponseCodec.decode(AbstractHttpResponseCodec.java:80)
	at org.openqa.selenium.remote.http.AbstractHttpResponseCodec.decode(AbstractHttpResponseCodec.java:44)
	at org.openqa.selenium.remote.HttpCommandExecutor.execute(HttpCommandExecutor.java:158)
	at org.openqa.selenium.remote.service.DriverCommandExecutor.execute(DriverCommandExecutor.java:83)
	at org.openqa.selenium.remote.RemoteWebDriver.execute(RemoteWebDriver.java:545)
	at org.openqa.selenium.remote.RemoteWebElement.execute(RemoteWebElement.java:279)
	at org.openqa.selenium.remote.RemoteWebElement.click(RemoteWebElement.java:83)
	at pages.SA_Left_menu.Click_Client_List(SA_Left_menu.java:388)
	at tests.testcase2_DefaultProfile.GoToUrlusernamepositiveinputPositiveEnterctl00cPHpassClickLoginPositiveEnterctl00cPHFiltertxtAg(testcase2_DefaultProfile.java:72)
	at java.base/java.util.ArrayList.forEach(ArrayList.java:1540)
... Removed 32 stack frames</pre></div><a href='#' onClick='toggleBox("stack-trace1465800495", this, "Click to show all stack frames", "Click to hide stack frames")'>Click to show all stack frames</a>
<div class='stack-trace' id='stack-trace1465800495'><pre>org.openqa.selenium.ElementNotVisibleException: element not interactable
  (Session info: chrome=71.0.3578.98)
  (Driver info: chromedriver=2.46.628402 (536cd7adbad73a3783fdc2cab92ab2ba7ec361e1),platform=Windows NT 10.0.19043 x86_64) (WARNING: The server did not provide any stacktrace information)
Command duration or timeout: 0 milliseconds
Build info: version: &apos;3.11.0&apos;, revision: &apos;e59cfb3&apos;, time: &apos;2018-03-11T20:26:55.152Z&apos;
System info: host: &apos;DEEPIKA-2AT30NI&apos;, ip: &apos;192.168.1.23&apos;, os.name: &apos;Windows 10&apos;, os.arch: &apos;amd64&apos;, os.version: &apos;10.0&apos;, java.version: &apos;12.0.2&apos;
Driver info: org.openqa.selenium.chrome.ChromeDriver
Capabilities {acceptInsecureCerts: false, acceptSslCerts: false, applicationCacheEnabled: false, browserConnectionEnabled: false, browserName: chrome, chrome: {chromedriverVersion: 2.46.628402 (536cd7adbad73a..., userDataDir: C:\Users\ADMINI~1\AppData\L...}, cssSelectorsEnabled: true, databaseEnabled: false, goog:chromeOptions: {debuggerAddress: localhost:50473}, handlesAlerts: true, hasTouchScreen: false, javascriptEnabled: true, locationContextEnabled: true, mobileEmulationEnabled: false, nativeEvents: true, networkConnectionEnabled: false, pageLoadStrategy: normal, platform: XP, platformName: XP, proxy: Proxy(), rotatable: false, setWindowRect: true, strictFileInteractability: false, takesHeapSnapshot: true, takesScreenshot: true, timeouts: {implicit: 0, pageLoad: 300000, script: 30000}, unexpectedAlertBehaviour: ignore, unhandledPromptBehavior: ignore, version: 71.0.3578.98, webStorageEnabled: true}
Session ID: 38c36d86fd234d6477fad862dabb5fcd
	at java.base/jdk.internal.reflect.NativeConstructorAccessorImpl.newInstance0(Native Method)
	at java.base/jdk.internal.reflect.NativeConstructorAccessorImpl.newInstance(NativeConstructorAccessorImpl.java:62)
	at java.base/jdk.internal.reflect.DelegatingConstructorAccessorImpl.newInstance(DelegatingConstructorAccessorImpl.java:45)
	at java.base/java.lang.reflect.Constructor.newInstanceWithCaller(Constructor.java:500)
	at java.base/java.lang.reflect.Constructor.newInstance(Constructor.java:481)
	at org.openqa.selenium.remote.ErrorHandler.createThrowable(ErrorHandler.java:214)
	at org.openqa.selenium.remote.ErrorHandler.throwIfResponseFailed(ErrorHandler.java:166)
	at org.openqa.selenium.remote.http.JsonHttpResponseCodec.reconstructValue(JsonHttpResponseCodec.java:40)
	at org.openqa.selenium.remote.http.AbstractHttpResponseCodec.decode(AbstractHttpResponseCodec.java:80)
	at org.openqa.selenium.remote.http.AbstractHttpResponseCodec.decode(AbstractHttpResponseCodec.java:44)
	at org.openqa.selenium.remote.HttpCommandExecutor.execute(HttpCommandExecutor.java:158)
	at org.openqa.selenium.remote.service.DriverCommandExecutor.execute(DriverCommandExecutor.java:83)
	at org.openqa.selenium.remote.RemoteWebDriver.execute(RemoteWebDriver.java:545)
	at org.openqa.selenium.remote.RemoteWebElement.execute(RemoteWebElement.java:279)
	at org.openqa.selenium.remote.RemoteWebElement.click(RemoteWebElement.java:83)
	at pages.SA_Left_menu.Click_Client_List(SA_Left_menu.java:388)
	at tests.testcase2_DefaultProfile.GoToUrlusernamepositiveinputPositiveEnterctl00cPHpassClickLoginPositiveEnterctl00cPHFiltertxtAg(testcase2_DefaultProfile.java:72)
	at java.base/jdk.internal.reflect.NativeMethodAccessorImpl.invoke0(Native Method)
	at java.base/jdk.internal.reflect.NativeMethodAccessorImpl.invoke(NativeMethodAccessorImpl.java:62)
	at java.base/jdk.internal.reflect.DelegatingMethodAccessorImpl.invoke(DelegatingMethodAccessorImpl.java:43)
	at java.base/java.lang.reflect.Method.invoke(Method.java:567)
	at org.testng.internal.MethodInvocationHelper.invokeMethod(MethodInvocationHelper.java:134)
	at org.testng.internal.TestInvoker.invokeMethod(TestInvoker.java:597)
	at org.testng.internal.TestInvoker.invokeTestMethod(TestInvoker.java:173)
	at org.testng.internal.MethodRunner.runInSequence(MethodRunner.java:46)
	at org.testng.internal.TestInvoker$MethodInvocationAgent.invoke(TestInvoker.java:816)
	at org.testng.internal.TestInvoker.invokeTestMethods(TestInvoker.java:146)
	at org.testng.internal.TestMethodWorker.invokeTestMethods(TestMethodWorker.java:146)
	at org.testng.internal.TestMethodWorker.run(TestMethodWorker.java:128)
	at java.base/java.util.ArrayList.forEach(ArrayList.java:1540)
	at org.testng.TestRunner.privateRun(TestRunner.java:766)
	at org.testng.TestRunner.run(TestRunner.java:587)
	at org.testng.SuiteRunner.runTest(SuiteRunner.java:384)
	at org.testng.SuiteRunner.runSequentially(SuiteRunner.java:378)
	at org.testng.SuiteRunner.privateRun(SuiteRunner.java:337)
	at org.testng.SuiteRunner.run(SuiteRunner.java:286)
	at org.testng.SuiteRunnerWorker.runSuite(SuiteRunnerWorker.java:53)
	at org.testng.SuiteRunnerWorker.run(SuiteRunnerWorker.java:96)
	at org.testng.TestNG.runSuitesSequentially(TestNG.java:1187)
	at org.testng.TestNG.runSuitesLocally(TestNG.java:1109)
	at org.testng.TestNG.runSuites(TestNG.java:1039)
	at org.testng.TestNG.run(TestNG.java:1007)
	at org.testng.remote.AbstractRemoteTestNG.run(AbstractRemoteTestNG.java:115)
	at org.testng.remote.RemoteTestNG.initAndRun(RemoteTestNG.java:251)
	at org.testng.remote.RemoteTestNG.main(RemoteTestNG.java:77)
</pre></div></td>
<td>34</td>
<td>tests.testcase2_DefaultProfile@6c2ed0cd</td></tr>
<tr>
<td title='tests.testcase18_DefaultProfile2.GoToUrlusernamepositiveinputPositiveEnterctl00cPHpassClickLoginPositiveEnterctl00cPHFiltertxtAg()'><b>GoToUrlusernamepositiveinputPositiveEnterctl00cPHpassClickLoginPositiveEnterctl00cPHFiltertxtAg</b><br>Test class: tests.testcase18_DefaultProfile2</td>
<td><div><pre>org.openqa.selenium.WebDriverException: unknown error: Element &lt;a href=&quot;SAList.aspx&quot;&gt;...&lt;/a&gt; is not clickable at point (110, 259). Other element would receive the click: &lt;a href=&quot;#&quot;&gt;...&lt;/a&gt;
  (Session info: chrome=71.0.3578.98)
  (Driver info: chromedriver=2.46.628402 (536cd7adbad73a3783fdc2cab92ab2ba7ec361e1),platform=Windows NT 10.0.19043 x86_64) (WARNING: The server did not provide any stacktrace information)
Command duration or timeout: 0 milliseconds
Build info: version: &apos;3.11.0&apos;, revision: &apos;e59cfb3&apos;, time: &apos;2018-03-11T20:26:55.152Z&apos;
System info: host: &apos;DEEPIKA-2AT30NI&apos;, ip: &apos;192.168.1.23&apos;, os.name: &apos;Windows 10&apos;, os.arch: &apos;amd64&apos;, os.version: &apos;10.0&apos;, java.version: &apos;12.0.2&apos;
Driver info: org.openqa.selenium.chrome.ChromeDriver
Capabilities {acceptInsecureCerts: false, acceptSslCerts: false, applicationCacheEnabled: false, browserConnectionEnabled: false, browserName: chrome, chrome: {chromedriverVersion: 2.46.628402 (536cd7adbad73a..., userDataDir: C:\Users\ADMINI~1\AppData\L...}, cssSelectorsEnabled: true, databaseEnabled: false, goog:chromeOptions: {debuggerAddress: localhost:53662}, handlesAlerts: true, hasTouchScreen: false, javascriptEnabled: true, locationContextEnabled: true, mobileEmulationEnabled: false, nativeEvents: true, networkConnectionEnabled: false, pageLoadStrategy: normal, platform: XP, platformName: XP, proxy: Proxy(), rotatable: false, setWindowRect: true, strictFileInteractability: false, takesHeapSnapshot: true, takesScreenshot: true, timeouts: {implicit: 0, pageLoad: 300000, script: 30000}, unexpectedAlertBehaviour: ignore, unhandledPromptBehavior: ignore, version: 71.0.3578.98, webStorageEnabled: true}
Session ID: d860990dc1877bdffffc10f73f089e98
	at org.openqa.selenium.remote.ErrorHandler.createThrowable(ErrorHandler.java:214)
	at org.openqa.selenium.remote.ErrorHandler.throwIfResponseFailed(ErrorHandler.java:166)
	at org.openqa.selenium.remote.http.JsonHttpResponseCodec.reconstructValue(JsonHttpResponseCodec.java:40)
	at org.openqa.selenium.remote.http.AbstractHttpResponseCodec.decode(AbstractHttpResponseCodec.java:80)
	at org.openqa.selenium.remote.http.AbstractHttpResponseCodec.decode(AbstractHttpResponseCodec.java:44)
	at org.openqa.selenium.remote.HttpCommandExecutor.execute(HttpCommandExecutor.java:158)
	at org.openqa.selenium.remote.service.DriverCommandExecutor.execute(DriverCommandExecutor.java:83)
	at org.openqa.selenium.remote.RemoteWebDriver.execute(RemoteWebDriver.java:545)
	at org.openqa.selenium.remote.RemoteWebElement.execute(RemoteWebElement.java:279)
	at org.openqa.selenium.remote.RemoteWebElement.click(RemoteWebElement.java:83)
	at pages.SA_Left_menu.Click_Client_List(SA_Left_menu.java:388)
	at tests.testcase18_DefaultProfile2.GoToUrlusernamepositiveinputPositiveEnterctl00cPHpassClickLoginPositiveEnterctl00cPHFiltertxtAg(testcase18_DefaultProfile2.java:72)
	at java.base/java.util.ArrayList.forEach(ArrayList.java:1540)
... Removed 32 stack frames</pre></div><a href='#' onClick='toggleBox("stack-trace796168203", this, "Click to show all stack frames", "Click to hide stack frames")'>Click to show all stack frames</a>
<div class='stack-trace' id='stack-trace796168203'><pre>org.openqa.selenium.WebDriverException: unknown error: Element &lt;a href=&quot;SAList.aspx&quot;&gt;...&lt;/a&gt; is not clickable at point (110, 259). Other element would receive the click: &lt;a href=&quot;#&quot;&gt;...&lt;/a&gt;
  (Session info: chrome=71.0.3578.98)
  (Driver info: chromedriver=2.46.628402 (536cd7adbad73a3783fdc2cab92ab2ba7ec361e1),platform=Windows NT 10.0.19043 x86_64) (WARNING: The server did not provide any stacktrace information)
Command duration or timeout: 0 milliseconds
Build info: version: &apos;3.11.0&apos;, revision: &apos;e59cfb3&apos;, time: &apos;2018-03-11T20:26:55.152Z&apos;
System info: host: &apos;DEEPIKA-2AT30NI&apos;, ip: &apos;192.168.1.23&apos;, os.name: &apos;Windows 10&apos;, os.arch: &apos;amd64&apos;, os.version: &apos;10.0&apos;, java.version: &apos;12.0.2&apos;
Driver info: org.openqa.selenium.chrome.ChromeDriver
Capabilities {acceptInsecureCerts: false, acceptSslCerts: false, applicationCacheEnabled: false, browserConnectionEnabled: false, browserName: chrome, chrome: {chromedriverVersion: 2.46.628402 (536cd7adbad73a..., userDataDir: C:\Users\ADMINI~1\AppData\L...}, cssSelectorsEnabled: true, databaseEnabled: false, goog:chromeOptions: {debuggerAddress: localhost:53662}, handlesAlerts: true, hasTouchScreen: false, javascriptEnabled: true, locationContextEnabled: true, mobileEmulationEnabled: false, nativeEvents: true, networkConnectionEnabled: false, pageLoadStrategy: normal, platform: XP, platformName: XP, proxy: Proxy(), rotatable: false, setWindowRect: true, strictFileInteractability: false, takesHeapSnapshot: true, takesScreenshot: true, timeouts: {implicit: 0, pageLoad: 300000, script: 30000}, unexpectedAlertBehaviour: ignore, unhandledPromptBehavior: ignore, version: 71.0.3578.98, webStorageEnabled: true}
Session ID: d860990dc1877bdffffc10f73f089e98
	at java.base/jdk.internal.reflect.NativeConstructorAccessorImpl.newInstance0(Native Method)
	at java.base/jdk.internal.reflect.NativeConstructorAccessorImpl.newInstance(NativeConstructorAccessorImpl.java:62)
	at java.base/jdk.internal.reflect.DelegatingConstructorAccessorImpl.newInstance(DelegatingConstructorAccessorImpl.java:45)
	at java.base/java.lang.reflect.Constructor.newInstanceWithCaller(Constructor.java:500)
	at java.base/java.lang.reflect.Constructor.newInstance(Constructor.java:481)
	at org.openqa.selenium.remote.ErrorHandler.createThrowable(ErrorHandler.java:214)
	at org.openqa.selenium.remote.ErrorHandler.throwIfResponseFailed(ErrorHandler.java:166)
	at org.openqa.selenium.remote.http.JsonHttpResponseCodec.reconstructValue(JsonHttpResponseCodec.java:40)
	at org.openqa.selenium.remote.http.AbstractHttpResponseCodec.decode(AbstractHttpResponseCodec.java:80)
	at org.openqa.selenium.remote.http.AbstractHttpResponseCodec.decode(AbstractHttpResponseCodec.java:44)
	at org.openqa.selenium.remote.HttpCommandExecutor.execute(HttpCommandExecutor.java:158)
	at org.openqa.selenium.remote.service.DriverCommandExecutor.execute(DriverCommandExecutor.java:83)
	at org.openqa.selenium.remote.RemoteWebDriver.execute(RemoteWebDriver.java:545)
	at org.openqa.selenium.remote.RemoteWebElement.execute(RemoteWebElement.java:279)
	at org.openqa.selenium.remote.RemoteWebElement.click(RemoteWebElement.java:83)
	at pages.SA_Left_menu.Click_Client_List(SA_Left_menu.java:388)
	at tests.testcase18_DefaultProfile2.GoToUrlusernamepositiveinputPositiveEnterctl00cPHpassClickLoginPositiveEnterctl00cPHFiltertxtAg(testcase18_DefaultProfile2.java:72)
	at java.base/jdk.internal.reflect.NativeMethodAccessorImpl.invoke0(Native Method)
	at java.base/jdk.internal.reflect.NativeMethodAccessorImpl.invoke(NativeMethodAccessorImpl.java:62)
	at java.base/jdk.internal.reflect.DelegatingMethodAccessorImpl.invoke(DelegatingMethodAccessorImpl.java:43)
	at java.base/java.lang.reflect.Method.invoke(Method.java:567)
	at org.testng.internal.MethodInvocationHelper.invokeMethod(MethodInvocationHelper.java:134)
	at org.testng.internal.TestInvoker.invokeMethod(TestInvoker.java:597)
	at org.testng.internal.TestInvoker.invokeTestMethod(TestInvoker.java:173)
	at org.testng.internal.MethodRunner.runInSequence(MethodRunner.java:46)
	at org.testng.internal.TestInvoker$MethodInvocationAgent.invoke(TestInvoker.java:816)
	at org.testng.internal.TestInvoker.invokeTestMethods(TestInvoker.java:146)
	at org.testng.internal.TestMethodWorker.invokeTestMethods(TestMethodWorker.java:146)
	at org.testng.internal.TestMethodWorker.run(TestMethodWorker.java:128)
	at java.base/java.util.ArrayList.forEach(ArrayList.java:1540)
	at org.testng.TestRunner.privateRun(TestRunner.java:766)
	at org.testng.TestRunner.run(TestRunner.java:587)
	at org.testng.SuiteRunner.runTest(SuiteRunner.java:384)
	at org.testng.SuiteRunner.runSequentially(SuiteRunner.java:378)
	at org.testng.SuiteRunner.privateRun(SuiteRunner.java:337)
	at org.testng.SuiteRunner.run(SuiteRunner.java:286)
	at org.testng.SuiteRunnerWorker.runSuite(SuiteRunnerWorker.java:53)
	at org.testng.SuiteRunnerWorker.run(SuiteRunnerWorker.java:96)
	at org.testng.TestNG.runSuitesSequentially(TestNG.java:1187)
	at org.testng.TestNG.runSuitesLocally(TestNG.java:1109)
	at org.testng.TestNG.runSuites(TestNG.java:1039)
	at org.testng.TestNG.run(TestNG.java:1007)
	at org.testng.remote.AbstractRemoteTestNG.run(AbstractRemoteTestNG.java:115)
	at org.testng.remote.RemoteTestNG.initAndRun(RemoteTestNG.java:251)
	at org.testng.remote.RemoteTestNG.main(RemoteTestNG.java:77)
</pre></div></td>
<td>40</td>
<td>tests.testcase18_DefaultProfile2@32c4e8b2</td></tr>
</table><p>
<table width='100%' border='1' class='invocation-passed'>
<tr><td colspan='4' align='center'><b>PASSED TESTS</b></td></tr>
<tr><td><b>Test method</b></td>
<td width="30%"><b>Exception</b></td>
<td width="10%"><b>Time (seconds)</b></td>
<td><b>Instance</b></td>
</tr>
<tr>
<td title='tests.Testcase1_DefaultProfile.GoToUrlusernamepositiveinputPositiveEnterctl00cPHpassClickLoginPositiveEnterctl00cPHFiltertxtAg()'><b>GoToUrlusernamepositiveinputPositiveEnterctl00cPHpassClickLoginPositiveEnterctl00cPHFiltertxtAg</b><br>Test class: tests.Testcase1_DefaultProfile<br/>
<a href="#Output-1963980755" onClick='toggleBox("Output-1963980755", this, "Show output", "Hide output");'>Show output</a>

<a href="#Output-1963980755" onClick="toggleAllBoxes();">Show all outputs</a>
<div class='log' id="Output-1963980755">
Income tax due verified successfully: 10.27<br/>
Balance for the year verified successfully: 4803.6<br/>
</div>
</td>
<td></td>
<td>67</td>
<td>tests.Testcase1_DefaultProfile@7b8b43c7</td></tr>
<tr>
<td title='tests.testcase3_DefaultProfile2.GoToUrlusernamepositiveinputPositiveEnterctl00cPHpassClickLoginPositiveEnterctl00cPHFiltertxtAg()'><b>GoToUrlusernamepositiveinputPositiveEnterctl00cPHpassClickLoginPositiveEnterctl00cPHFiltertxtAg</b><br>Test class: tests.testcase3_DefaultProfile2<br/>
<a href="#Output-1777381620" onClick='toggleBox("Output-1777381620", this, "Show output", "Hide output");'>Show output</a>

<a href="#Output-1777381620" onClick="toggleAllBoxes();">Show all outputs</a>
<div class='log' id="Output-1777381620">
Income tax due verified successfully: 7328.37<br/>
Balance Tax for the year verified successfully: 3322.3<br/>
</div>
</td>
<td></td>
<td>68</td>
<td>tests.testcase3_DefaultProfile2@babafc2</td></tr>
<tr>
<td title='tests.testcase4_DefaultProfile2.GoToUrlusernamepositiveinputPositiveEnterctl00cPHpassClickLoginPositiveEnterctl00cPHFiltertxtAg()'><b>GoToUrlusernamepositiveinputPositiveEnterctl00cPHpassClickLoginPositiveEnterctl00cPHFiltertxtAg</b><br>Test class: tests.testcase4_DefaultProfile2<br/>
<a href="#Output-1157624710" onClick='toggleBox("Output-1157624710", this, "Show output", "Hide output");'>Show output</a>

<a href="#Output-1157624710" onClick="toggleAllBoxes();">Show all outputs</a>
<div class='log' id="Output-1157624710">
Income tax due verified successfully: 9904.1<br/>
Balance Tax for the year verified successfully: 3984.1<br/>
</div>
</td>
<td></td>
<td>50</td>
<td>tests.testcase4_DefaultProfile2@51549490</td></tr>
<tr>
<td title='tests.testcase5_DefaultProfile2.GoToUrlusernamepositiveinputPositiveEnterctl00cPHpassClickLoginPositiveEnterctl00cPHFiltertxtAg()'><b>GoToUrlusernamepositiveinputPositiveEnterctl00cPHpassClickLoginPositiveEnterctl00cPHFiltertxtAg</b><br>Test class: tests.testcase5_DefaultProfile2<br/>
<a href="#Output-253613492" onClick='toggleBox("Output-253613492", this, "Show output", "Hide output");'>Show output</a>

<a href="#Output-253613492" onClick="toggleAllBoxes();">Show all outputs</a>
<div class='log' id="Output-253613492">
Income tax due verified successfully: 0.0<br/>
Balance Tax for the year verified successfully: 386.84<br/>
</div>
</td>
<td></td>
<td>67</td>
<td>tests.testcase5_DefaultProfile2@5ef5c734</td></tr>
<tr>
<td title='tests.testcase6_DefaultProfile2.GoToUrlusernamepositiveinputPositiveEnterctl00cPHpassClickLoginPositiveEnterctl00cPHFiltertxtAg()'><b>GoToUrlusernamepositiveinputPositiveEnterctl00cPHpassClickLoginPositiveEnterctl00cPHFiltertxtAg</b><br>Test class: tests.testcase6_DefaultProfile2<br/>
<a href="#Output-848644304" onClick='toggleBox("Output-848644304", this, "Show output", "Hide output");'>Show output</a>

<a href="#Output-848644304" onClick="toggleAllBoxes();">Show all outputs</a>
<div class='log' id="Output-848644304">
Income tax due verified successfully: 6598.26<br/>
Balance Tax for the year verified successfully: 3085.66<br/>
</div>
</td>
<td></td>
<td>61</td>
<td>tests.testcase6_DefaultProfile2@7e5c856f</td></tr>
<tr>
<td title='tests.testcase7_DefaultProfile2.GoToUrlusernamepositiveinputPositiveEnterctl00cPHpassClickLoginPositiveEnterctl00cPHFiltertxtAg()'><b>GoToUrlusernamepositiveinputPositiveEnterctl00cPHpassClickLoginPositiveEnterctl00cPHFiltertxtAg</b><br>Test class: tests.testcase7_DefaultProfile2<br/>
<a href="#Output-1432687668" onClick='toggleBox("Output-1432687668", this, "Show output", "Hide output");'>Show output</a>

<a href="#Output-1432687668" onClick="toggleAllBoxes();">Show all outputs</a>
<div class='log' id="Output-1432687668">
Income tax due verified successfully: 3910.8<br/>
Balance Tax for the year verified successfully: 1707.1<br/>
</div>
</td>
<td></td>
<td>76</td>
<td>tests.testcase7_DefaultProfile2@6c4980d3</td></tr>
<tr>
<td title='tests.testcase8_DefaultProfile2.GoToUrlusernamepositiveinputPositiveEnterctl00cPHpassClickLoginPositiveEnterctl00cPHFiltertxtAg()'><b>GoToUrlusernamepositiveinputPositiveEnterctl00cPHpassClickLoginPositiveEnterctl00cPHFiltertxtAg</b><br>Test class: tests.testcase8_DefaultProfile2<br/>
<a href="#Output-205023576" onClick='toggleBox("Output-205023576", this, "Show output", "Hide output");'>Show output</a>

<a href="#Output-205023576" onClick="toggleAllBoxes();">Show all outputs</a>
<div class='log' id="Output-205023576">
Income tax due verified successfully: 1609.0<br/>
Balance Tax for the year verified successfully: 1213.18<br/>
</div>
</td>
<td></td>
<td>75</td>
<td>tests.testcase8_DefaultProfile2@68702e03</td></tr>
<tr>
<td title='tests.testcase9_DefaultProfile2.GoToUrlusernamepositiveinputPositiveEnterctl00cPHpassClickLoginPositiveEnterctl00cPHFiltertxtAg()'><b>GoToUrlusernamepositiveinputPositiveEnterctl00cPHpassClickLoginPositiveEnterctl00cPHFiltertxtAg</b><br>Test class: tests.testcase9_DefaultProfile2<br/>
<a href="#Output-1965269980" onClick='toggleBox("Output-1965269980", this, "Show output", "Hide output");'>Show output</a>

<a href="#Output-1965269980" onClick="toggleAllBoxes();">Show all outputs</a>
<div class='log' id="Output-1965269980">
Income tax due verified successfully: 298.4<br/>
Balance Tax for the year verified successfully: 128.75<br/>
</div>
</td>
<td></td>
<td>77</td>
<td>tests.testcase9_DefaultProfile2@1fa1cab1</td></tr>
<tr>
<td title='tests.testcase10_DefaultProfile2.GoToUrlusernamepositiveinputPositiveEnterctl00cPHpassClickLoginPositiveEnterctl00cPHFiltertxtAg()'><b>GoToUrlusernamepositiveinputPositiveEnterctl00cPHpassClickLoginPositiveEnterctl00cPHFiltertxtAg</b><br>Test class: tests.testcase10_DefaultProfile2<br/>
<a href="#Output-639482242" onClick='toggleBox("Output-639482242", this, "Show output", "Hide output");'>Show output</a>

<a href="#Output-639482242" onClick="toggleAllBoxes();">Show all outputs</a>
<div class='log' id="Output-639482242">
Income tax due verified successfully: 4266.6<br/>
Balance Tax for the year verified successfully: 3306.6<br/>
</div>
</td>
<td></td>
<td>86</td>
<td>tests.testcase10_DefaultProfile2@106cc338</td></tr>
<tr>
<td title='tests.testcase11_DefaultProfile2.GoToUrlusernamepositiveinputPositiveEnterctl00cPHpassClickLoginPositiveEnterctl00cPHFiltertxtAg()'><b>GoToUrlusernamepositiveinputPositiveEnterctl00cPHpassClickLoginPositiveEnterctl00cPHFiltertxtAg</b><br>Test class: tests.testcase11_DefaultProfile2<br/>
<a href="#Output-1505474932" onClick='toggleBox("Output-1505474932", this, "Show output", "Hide output");'>Show output</a>

<a href="#Output-1505474932" onClick="toggleAllBoxes();">Show all outputs</a>
<div class='log' id="Output-1505474932">
Income tax due verified successfully: 6676.58<br/>
Balance Tax for the year verified successfully: 4176.58<br/>
</div>
</td>
<td></td>
<td>67</td>
<td>tests.testcase11_DefaultProfile2@7a55af6b</td></tr>
<tr>
<td title='tests.testcase12_DefaultProfile2.GoToUrlusernamepositiveinputPositiveEnterctl00cPHpassClickLoginPositiveEnterctl00cPHFiltertxtAg()'><b>GoToUrlusernamepositiveinputPositiveEnterctl00cPHpassClickLoginPositiveEnterctl00cPHFiltertxtAg</b><br>Test class: tests.testcase12_DefaultProfile2<br/>
<a href="#Output-1687293378" onClick='toggleBox("Output-1687293378", this, "Show output", "Hide output");'>Show output</a>

<a href="#Output-1687293378" onClick="toggleAllBoxes();">Show all outputs</a>
<div class='log' id="Output-1687293378">
Income tax due verified successfully: 6587.2<br/>
Balance Tax for the year verified successfully: 6511.97<br/>
</div>
</td>
<td></td>
<td>60</td>
<td>tests.testcase12_DefaultProfile2@74589991</td></tr>
<tr>
<td title='tests.testcase13_DefaultProfile2.GoToUrlusernamepositiveinputPositiveEnterctl00cPHpassClickLoginPositiveEnterctl00cPHFiltertxtAg()'><b>GoToUrlusernamepositiveinputPositiveEnterctl00cPHpassClickLoginPositiveEnterctl00cPHFiltertxtAg</b><br>Test class: tests.testcase13_DefaultProfile2<br/>
<a href="#Output-1771292895" onClick='toggleBox("Output-1771292895", this, "Show output", "Hide output");'>Show output</a>

<a href="#Output-1771292895" onClick="toggleAllBoxes();">Show all outputs</a>
<div class='log' id="Output-1771292895">
Income tax due verified successfully: 53180.49<br/>
Balance Tax for the year verified successfully: 18197.99<br/>
</div>
</td>
<td></td>
<td>78</td>
<td>tests.testcase13_DefaultProfile2@3b7d3a38</td></tr>
<tr>
<td title='tests.testcase14_DefaultProfile2.GoToUrlusernamepositiveinputPositiveEnterctl00cPHpassClickLoginPositiveEnterctl00cPHFiltertxtAg()'><b>GoToUrlusernamepositiveinputPositiveEnterctl00cPHpassClickLoginPositiveEnterctl00cPHFiltertxtAg</b><br>Test class: tests.testcase14_DefaultProfile2<br/>
<a href="#Output-1412392963" onClick='toggleBox("Output-1412392963", this, "Show output", "Hide output");'>Show output</a>

<a href="#Output-1412392963" onClick="toggleAllBoxes();">Show all outputs</a>
<div class='log' id="Output-1412392963">
Income tax due verified successfully: 11795.35<br/>
Balance Tax for the year verified successfully: 5962.55<br/>
</div>
</td>
<td></td>
<td>79</td>
<td>tests.testcase14_DefaultProfile2@632ceb35</td></tr>
<tr>
<td title='tests.testcase15_DefaultProfile2.GoToUrlusernamepositiveinputPositiveEnterctl00cPHpassClickLoginPositiveEnterctl00cPHFiltertxtAg()'><b>GoToUrlusernamepositiveinputPositiveEnterctl00cPHpassClickLoginPositiveEnterctl00cPHFiltertxtAg</b><br>Test class: tests.testcase15_DefaultProfile2<br/>
<a href="#Output-434167806" onClick='toggleBox("Output-434167806", this, "Show output", "Hide output");'>Show output</a>

<a href="#Output-434167806" onClick="toggleAllBoxes();">Show all outputs</a>
<div class='log' id="Output-434167806">
Income tax due verified successfully: 9825.35<br/>
Balance Tax for the year verified successfully: 14449.05<br/>
</div>
</td>
<td></td>
<td>76</td>
<td>tests.testcase15_DefaultProfile2@141e5bef</td></tr>
<tr>
<td title='tests.testcase16_DefaultProfile2.GoToUrlusernamepositiveinputPositiveEnterctl00cPHpassClickLoginPositiveEnterctl00cPHFiltertxtAg()'><b>GoToUrlusernamepositiveinputPositiveEnterctl00cPHpassClickLoginPositiveEnterctl00cPHFiltertxtAg</b><br>Test class: tests.testcase16_DefaultProfile2<br/>
<a href="#Output-634440506" onClick='toggleBox("Output-634440506", this, "Show output", "Hide output");'>Show output</a>

<a href="#Output-634440506" onClick="toggleAllBoxes();">Show all outputs</a>
<div class='log' id="Output-634440506">
Income tax due verified successfully: 27364.12<br/>
Balance Tax for the year verified successfully: 15554.12<br/>
</div>
</td>
<td></td>
<td>75</td>
<td>tests.testcase16_DefaultProfile2@5d066c7d</td></tr>
<tr>
<td title='tests.testcase17_DefaultProfile2.GoToUrlusernamepositiveinputPositiveEnterctl00cPHpassClickLoginPositiveEnterctl00cPHFiltertxtAg()'><b>GoToUrlusernamepositiveinputPositiveEnterctl00cPHpassClickLoginPositiveEnterctl00cPHFiltertxtAg</b><br>Test class: tests.testcase17_DefaultProfile2<br/>
<a href="#Output-1241128308" onClick='toggleBox("Output-1241128308", this, "Show output", "Hide output");'>Show output</a>

<a href="#Output-1241128308" onClick="toggleAllBoxes();">Show all outputs</a>
<div class='log' id="Output-1241128308">
Income tax due verified successfully: 40268.88<br/>
Amount of Relief For Finance Costs is verifired successfully2920.0<br/>
Balance Tax for the year verified successfully: 23148.88<br/>
</div>
</td>
<td></td>
<td>80</td>
<td>tests.testcase17_DefaultProfile2@13ad5cd3</td></tr>
<tr>
<td title='tests.testcase19_DefaultProfile2.GoToUrlusernamepositiveinputPositiveEnterctl00cPHpassClickLoginPositiveEnterctl00cPHFiltertxtAg()'><b>GoToUrlusernamepositiveinputPositiveEnterctl00cPHpassClickLoginPositiveEnterctl00cPHFiltertxtAg</b><br>Test class: tests.testcase19_DefaultProfile2<br/>
<a href="#Output-1010306008" onClick='toggleBox("Output-1010306008", this, "Show output", "Hide output");'>Show output</a>

<a href="#Output-1010306008" onClick="toggleAllBoxes();">Show all outputs</a>
<div class='log' id="Output-1010306008">
Income tax due verified successfully: 1182.6<br/>
Balance Tax for the year verified successfully: 684.0<br/>
</div>
</td>
<td></td>
<td>76</td>
<td>tests.testcase19_DefaultProfile2@2c07545f</td></tr>
<tr>
<td title='tests.testcase20_DefaultProfile2.GoToUrlusernamepositiveinputPositiveEnterctl00cPHpassClickLoginPositiveEnterctl00cPHFiltertxtAg()'><b>GoToUrlusernamepositiveinputPositiveEnterctl00cPHpassClickLoginPositiveEnterctl00cPHFiltertxtAg</b><br>Test class: tests.testcase20_DefaultProfile2<br/>
<a href="#Output-1135936028" onClick='toggleBox("Output-1135936028", this, "Show output", "Hide output");'>Show output</a>

<a href="#Output-1135936028" onClick="toggleAllBoxes();">Show all outputs</a>
<div class='log' id="Output-1135936028">
Income tax due verified successfully: 2607.1<br/>
Balance Tax for the year verified successfully: 2710.35<br/>
</div>
</td>
<td></td>
<td>75</td>
<td>tests.testcase20_DefaultProfile2@524f3b3a</td></tr>
<tr>
<td title='tests.testcase21_DefaultProfile2.GoToUrlusernamepositiveinputPositiveEnterctl00cPHpassClickLoginPositiveEnterctl00cPHFiltertxtAg()'><b>GoToUrlusernamepositiveinputPositiveEnterctl00cPHpassClickLoginPositiveEnterctl00cPHFiltertxtAg</b><br>Test class: tests.testcase21_DefaultProfile2<br/>
<a href="#Output-827039307" onClick='toggleBox("Output-827039307", this, "Show output", "Hide output");'>Show output</a>

<a href="#Output-827039307" onClick="toggleAllBoxes();">Show all outputs</a>
<div class='log' id="Output-827039307">
Income tax due verified successfully: 13677.15<br/>
Balance Tax for the year verified successfully: 12570.75<br/>
</div>
</td>
<td></td>
<td>82</td>
<td>tests.testcase21_DefaultProfile2@50d13246</td></tr>
<tr>
<td title='tests.testcase22_DefaultProfile2.GoToUrlusernamepositiveinputPositiveEnterctl00cPHpassClickLoginPositiveEnterctl00cPHFiltertxtAg()'><b>GoToUrlusernamepositiveinputPositiveEnterctl00cPHpassClickLoginPositiveEnterctl00cPHFiltertxtAg</b><br>Test class: tests.testcase22_DefaultProfile2<br/>
<a href="#Output-1245434971" onClick='toggleBox("Output-1245434971", this, "Show output", "Hide output");'>Show output</a>

<a href="#Output-1245434971" onClick="toggleAllBoxes();">Show all outputs</a>
<div class='log' id="Output-1245434971">
Income tax due verified successfully: 43204.13<br/>
Balance Tax for the year verified successfully: 14417.03<br/>
</div>
</td>
<td></td>
<td>79</td>
<td>tests.testcase22_DefaultProfile2@27eedb64</td></tr>
<tr>
<td title='tests.Testcase1_DefaultProfile.GoToUrlusernamepositiveinputPositiveEnterctl00cPHpassClickLoginPositiveEnterctl00cPHFiltertxtAg()'><b>GoToUrlusernamepositiveinputPositiveEnterctl00cPHpassClickLoginPositiveEnterctl00cPHFiltertxtAg</b><br>Test class: tests.Testcase1_DefaultProfile<br/>
<a href="#Output-1465663131" onClick='toggleBox("Output-1465663131", this, "Show output", "Hide output");'>Show output</a>

<a href="#Output-1465663131" onClick="toggleAllBoxes();">Show all outputs</a>
<div class='log' id="Output-1465663131">
Income tax due verified successfully: 10.27<br/>
Balance for the year verified successfully: 4803.6<br/>
</div>
</td>
<td></td>
<td>65</td>
<td>tests.Testcase1_DefaultProfile@7749bf93</td></tr>
<tr>
<td title='tests.testcase24_DefaultProfile2.GoToUrlusernamepositiveinputPositiveEnterctl00cPHpassClickLoginPositiveEnterctl00cPHFiltertxtAg()'><b>GoToUrlusernamepositiveinputPositiveEnterctl00cPHpassClickLoginPositiveEnterctl00cPHFiltertxtAg</b><br>Test class: tests.testcase24_DefaultProfile2<br/>
<a href="#Output-1169249153" onClick='toggleBox("Output-1169249153", this, "Show output", "Hide output");'>Show output</a>

<a href="#Output-1169249153" onClick="toggleAllBoxes();">Show all outputs</a>
<div class='log' id="Output-1169249153">
Income tax due verified successfully: 6672.03<br/>
Balance Tax for the year verified successfully: -1741.42<br/>
</div>
</td>
<td></td>
<td>76</td>
<td>tests.testcase24_DefaultProfile2@b2c5e07</td></tr>
</table><p>
</body>
</html>