<html>
<head>
<title>TestNG:  Scenario 3:Self-employment linking  done in tax year 2018-19 when status is Not started</title>
<link href="../testng.css" rel="stylesheet" type="text/css" />
<link href="../my-testng.css" rel="stylesheet" type="text/css" />

<style type="text/css">
.log { display: none;} 
.stack-trace { display: none;} 
</style>
<script type="text/javascript">
<!--
function flip(e) {
  current = e.style.display;
  if (current == 'block') {
    e.style.display = 'none';
    return 0;
  }
  else {
    e.style.display = 'block';
    return 1;
  }
}

function toggleBox(szDivId, elem, msg1, msg2)
{
  var res = -1;  if (document.getElementById) {
    res = flip(document.getElementById(szDivId));
  }
  else if (document.all) {
    // this is the way old msie versions work
    res = flip(document.all[szDivId]);
  }
  if(elem) {
    if(res == 0) elem.innerHTML = msg1; else elem.innerHTML = msg2;
  }

}

function toggleAllBoxes() {
  if (document.getElementsByTagName) {
    d = document.getElementsByTagName('div');
    for (i = 0; i < d.length; i++) {
      if (d[i].className == 'log') {
        flip(d[i]);
      }
    }
  }
}

// -->
</script>

</head>
<body>
<h2 align='center'>Scenario 3:Self-employment linking  done in tax year 2018-19 when status is Not started</h2><table border='1' align="center">
<tr>
<td>Tests passed/Failed/Skipped:</td><td>1/0/0</td>
</tr><tr>
<td>Started on:</td><td>Thu Sep 30 22:01:48 IST 2021</td>
</tr>
<tr><td>Total time:</td><td>143 seconds (143003 ms)</td>
</tr><tr>
<td>Included groups:</td><td></td>
</tr><tr>
<td>Excluded groups:</td><td></td>
</tr>
</table><p/>
<small><i>(Hover the method name to see the test class name)</i></small><p/>
<table width='100%' border='1' class='invocation-failed'>
<tr><td colspan='4' align='center'><b>FAILED TESTS</b></td></tr>
<tr><td><b>Test method</b></td>
<td width="30%"><b>Exception</b></td>
<td width="10%"><b>Time (seconds)</b></td>
<td><b>Instance</b></td>
</tr>
<tr>
<td title='tests.testcase57_DefaultProfile2.GoToUrlusernamepositiveinputPositiveEnterctl00cPHpassClickLoginPositiveEnterctl00cPHFiltertxtAg()'><b>GoToUrlusernamepositiveinputPositiveEnterctl00cPHpassClickLoginPositiveEnterctl00cPHFiltertxtAg</b><br>Test class: tests.testcase57_DefaultProfile2</td>
<td><div><pre>java.lang.AssertionError: Unable to locate object: By.xpath: //*[@id=&quot;ctl00_divSubContent&quot;]/div[3]/div/div/div/div/table/tbody/tr[2]/td[1]
	at pages.Agentpage.Click__Demo_(Agentpage.java:133)
	at tests.testcase57_DefaultProfile2.GoToUrlusernamepositiveinputPositiveEnterctl00cPHpassClickLoginPositiveEnterctl00cPHFiltertxtAg(testcase57_DefaultProfile2.java:55)
	at java.base/java.util.ArrayList.forEach(ArrayList.java:1540)
... Removed 28 stack frames</pre></div><a href='#' onClick='toggleBox("stack-trace596905862", this, "Click to show all stack frames", "Click to hide stack frames")'>Click to show all stack frames</a>
<div class='stack-trace' id='stack-trace596905862'><pre>java.lang.AssertionError: Unable to locate object: By.xpath: //*[@id=&quot;ctl00_divSubContent&quot;]/div[3]/div/div/div/div/table/tbody/tr[2]/td[1]
	at org.testng.Assert.fail(Assert.java:97)
	at pages.Agentpage.Click__Demo_(Agentpage.java:133)
	at tests.testcase57_DefaultProfile2.GoToUrlusernamepositiveinputPositiveEnterctl00cPHpassClickLoginPositiveEnterctl00cPHFiltertxtAg(testcase57_DefaultProfile2.java:55)
	at java.base/jdk.internal.reflect.NativeMethodAccessorImpl.invoke0(Native Method)
	at java.base/jdk.internal.reflect.NativeMethodAccessorImpl.invoke(NativeMethodAccessorImpl.java:62)
	at java.base/jdk.internal.reflect.DelegatingMethodAccessorImpl.invoke(DelegatingMethodAccessorImpl.java:43)
	at java.base/java.lang.reflect.Method.invoke(Method.java:567)
	at org.testng.internal.MethodInvocationHelper.invokeMethod(MethodInvocationHelper.java:134)
	at org.testng.internal.TestInvoker.invokeMethod(TestInvoker.java:597)
	at org.testng.internal.TestInvoker.invokeTestMethod(TestInvoker.java:173)
	at org.testng.internal.MethodRunner.runInSequence(MethodRunner.java:46)
	at org.testng.internal.TestInvoker$MethodInvocationAgent.invoke(TestInvoker.java:816)
	at org.testng.internal.TestInvoker.invokeTestMethods(TestInvoker.java:146)
	at org.testng.internal.TestMethodWorker.invokeTestMethods(TestMethodWorker.java:146)
	at org.testng.internal.TestMethodWorker.run(TestMethodWorker.java:128)
	at java.base/java.util.ArrayList.forEach(ArrayList.java:1540)
	at org.testng.TestRunner.privateRun(TestRunner.java:766)
	at org.testng.TestRunner.run(TestRunner.java:587)
	at org.testng.SuiteRunner.runTest(SuiteRunner.java:384)
	at org.testng.SuiteRunner.runSequentially(SuiteRunner.java:378)
	at org.testng.SuiteRunner.privateRun(SuiteRunner.java:337)
	at org.testng.SuiteRunner.run(SuiteRunner.java:286)
	at org.testng.SuiteRunnerWorker.runSuite(SuiteRunnerWorker.java:53)
	at org.testng.SuiteRunnerWorker.run(SuiteRunnerWorker.java:96)
	at org.testng.TestNG.runSuitesSequentially(TestNG.java:1187)
	at org.testng.TestNG.runSuitesLocally(TestNG.java:1109)
	at org.testng.TestNG.runSuites(TestNG.java:1039)
	at org.testng.TestNG.run(TestNG.java:1007)
	at org.testng.remote.AbstractRemoteTestNG.run(AbstractRemoteTestNG.java:115)
	at org.testng.remote.RemoteTestNG.initAndRun(RemoteTestNG.java:251)
	at org.testng.remote.RemoteTestNG.main(RemoteTestNG.java:77)
</pre></div></td>
<td>14</td>
<td>tests.testcase57_DefaultProfile2@74a6f9c1</td></tr>
</table><p>
<table width='100%' border='1' class='invocation-passed'>
<tr><td colspan='4' align='center'><b>PASSED TESTS</b></td></tr>
<tr><td><b>Test method</b></td>
<td width="30%"><b>Exception</b></td>
<td width="10%"><b>Time (seconds)</b></td>
<td><b>Instance</b></td>
</tr>
<tr>
<td title='tests.testcase55_DefaultProfile2.GoToUrlusernamepositiveinputPositiveEnterctl00cPHpassClickLoginPositiveEnterctl00cPHFiltertxtAg()'><b>GoToUrlusernamepositiveinputPositiveEnterctl00cPHpassClickLoginPositiveEnterctl00cPHFiltertxtAg</b><br>Test class: tests.testcase55_DefaultProfile2<br/>
<a href="#Output-339581587" onClick='toggleBox("Output-339581587", this, "Show output", "Hide output");'>Show output</a>

<a href="#Output-339581587" onClick="toggleAllBoxes();">Show all outputs</a>
<div class='log' id="Output-339581587">
Tax year : 2016-17<br/>
Work status:Not started<br/>
Success! You have successfully linked Self employed income with bookkeeping nomisma module.<br/>
Turnover after linking:83363.59<br/>
Amount in Turnover at UI summary: after linking :83363.59<br/>
Tax return failed:The time limit for submitting a return online is 4 years after the end of the year to which it relates. Please check<br/>
AllowableBusinessExpenses<br/>
CostOfGoods:10663.71<br/>
CarVanAndTravelExpenses:1601.01<br/>
WagesSalariesAndStaffCosts:29668.09<br/>
RentAndOtherPropertyCosts:11532.42<br/>
RepairsAndMaintenanceCosts:1113.34<br/>
AccountancyAndLegalFees:1388.00<br/>
InterestAndFinanceCharges:654.01<br/>
PhoneAndOtherOfficeCosts:1776.21<br/>
OtherAllowableBusinessExpenses:6124.37<br/>
TotalAllowableExpenses:64521.16<br/>
AllowableBusinessExpenses<br/>
NetProfitOrLoss:18842.43<br/>
NetBusinessProfitForTax:18842.43<br/>
TotalTaxableBusinessProfits:18842.43<br/>
</div>
</td>
<td></td>
<td>97</td>
<td>tests.testcase55_DefaultProfile2@409c54f</td></tr>
<tr>
<td title='tests.testcase70_DefaultProfile2.GoToUrlusernamepositiveinputPositiveEnterctl00cPHpassClickLoginPositiveEnterctl00cPHFiltertxtAg()'><b>GoToUrlusernamepositiveinputPositiveEnterctl00cPHpassClickLoginPositiveEnterctl00cPHFiltertxtAg</b><br>Test class: tests.testcase70_DefaultProfile2<br/>
<a href="#Output-1423507882" onClick='toggleBox("Output-1423507882", this, "Show output", "Hide output");'>Show output</a>

<a href="#Output-1423507882" onClick="toggleAllBoxes();">Show all outputs</a>
<div class='log' id="Output-1423507882">
Tax year : 2018-19<br/>
Work status:Not started<br/>
Turnover after linking:83363.59<br/>
Amount in Turnover at UI summary: after linking :83363.59<br/>
Success ! Tax return is validated<br/>
AllowableBusinessExpenses<br/>
CostOfGoods:10663.71<br/>
CarVanAndTravelExpenses:1601.01<br/>
WagesSalariesAndStaffCosts:29668.09<br/>
RentAndOtherPropertyCosts:11532.42<br/>
RepairsAndMaintenanceCosts:1113.34<br/>
AccountancyAndLegalFees:1388.00<br/>
InterestAndFinanceCharges:654.01<br/>
PhoneAndOtherOfficeCosts:1776.21<br/>
OtherAllowableBusinessExpenses:6124.37<br/>
TotalAllowableExpenses:64521.16<br/>
AllowableBusinessExpenses<br/>
NetProfitOrLoss:18842.43<br/>
NetBusinessProfitForTax:18842.43<br/>
TotalTaxableBusinessProfits:18842.43<br/>
</div>
</td>
<td></td>
<td>137</td>
<td>tests.testcase70_DefaultProfile2@4241e0f4</td></tr>
</table><p>
</body>
</html>