<?xml version="1.0" encoding="UTF-8"?>
<!-- Generated by org.testng.reporters.JUnitXMLReporter -->
<testsuite ignored="0" hostname="Deepika-2AT30NI" failures="1" tests="1" name="Business sign up process" time="53.616" errors="0" timestamp="2020-11-03T23:17:59 IST">
  <testcase classname="tests.fullprocesssubscribe_DefaultProfile" name="GoToUrlClickFreeTrialPositiveEnterq3namePositiveEnterq3lnamePositiveEnterq3companyPositiveEnte" time="47.893">
    <failure type="java.lang.AssertionError" message="Unable to locate object: By.xpath: //*[@id=&amp;quot;ctl00_cPH_txtNewPassword&amp;quot;]">
      <![CDATA[java.lang.AssertionError: Unable to locate object: By.xpath: //*[@id="ctl00_cPH_txtNewPassword"]
at pages.passwordsettings.Enter_ctl00cPHtxtNewPassword(passwordsettings.java:71)
at tests.fullprocesssubscribe_DefaultProfile.GoToUrlClickFreeTrialPositiveEnterq3namePositiveEnterq3lnamePositiveEnterq3companyPositiveEnte(fullprocesssubscribe_DefaultProfile.java:108)
at java.base/java.util.ArrayList.forEach(ArrayList.java:1540)
... Removed 28 stack frames]]>
    </failure>
  </testcase> <!-- GoToUrlClickFreeTrialPositiveEnterq3namePositiveEnterq3lnamePositiveEnterq3companyPositiveEnte -->
</testsuite> <!-- Business sign up process -->
