<?xml version="1.0" encoding="UTF-8"?>
<!-- Generated by org.testng.reporters.JUnitXMLReporter -->
<testsuite ignored="0" hostname="Deepika-2AT30NI" failures="1" tests="1" name="purchase section-upload expense csv" time="60.121" errors="0" timestamp="2020-11-03T23:13:59 IST">
  <testcase classname="tests.logintouploadexpense_DefaultProfile" name="GoToUrlpositiveenterusernamepositiveenterpasswordClickLoginsuccessGoToUrlpositiveagentnameCl" time="54.308">
    <failure type="java.lang.AssertionError" message="Unable to locate object: By.xpath: /html/body/form/main/div[10]/div[3]/div/div[3]/div/div/div[1]/div/div/div/div/div[1]/table/tbody/tr[4]/td/a">
      <![CDATA[java.lang.AssertionError: Unable to locate object: By.xpath: /html/body/form/main/div[10]/div[3]/div/div[3]/div/div/div[1]/div/div/div/div/div[1]/table/tbody/tr[4]/td/a
at pages.ledger_report.Click_Ledger(ledger_report.java:101)
at tests.logintouploadexpense_DefaultProfile.GoToUrlpositiveenterusernamepositiveenterpasswordClickLoginsuccessGoToUrlpositiveagentnameCl(logintouploadexpense_DefaultProfile.java:122)
at java.base/java.util.ArrayList.forEach(ArrayList.java:1540)
... Removed 28 stack frames]]>
    </failure>
  </testcase> <!-- GoToUrlpositiveenterusernamepositiveenterpasswordClickLoginsuccessGoToUrlpositiveagentnameCl -->
</testsuite> <!-- purchase section-upload expense csv -->
