<?xml version="1.0" encoding="UTF-8"?>
<!-- Generated by org.testng.reporters.JUnitXMLReporter -->
<testsuite ignored="0" hostname="Deepika-2AT30NI" failures="1" tests="1" name="MTR Testcase99" time="86.825" errors="0" timestamp="2021-07-30T11:00:25 IST">
  <testcase classname="tests.testcase99_DefaultProfile2" name="GoToUrlusernamepositiveinputPositiveEnterctl00cPHpassClickLoginPositiveEnterctl00cPHFiltertxtAg" time="81.056">
    <failure type="java.lang.AssertionError" message="expected [10998.4] but found [8740.4]">
      <![CDATA[java.lang.AssertionError: expected [10998.4] but found [8740.4]
at pages.Testcase99.Click_Review_Tax_Calculation_(Testcase99.java:1463)
at tests.testcase99_DefaultProfile2.GoToUrlusernamepositiveinputPositiveEnterctl00cPHpassClickLoginPositiveEnterctl00cPHFiltertxtAg(testcase99_DefaultProfile2.java:274)
at java.base/java.util.ArrayList.forEach(ArrayList.java:1540)
... Removed 31 stack frames]]>
    </failure>
  </testcase> <!-- GoToUrlusernamepositiveinputPositiveEnterctl00cPHpassClickLoginPositiveEnterctl00cPHFiltertxtAg -->
</testsuite> <!-- MTR Testcase99 -->
