<?xml version="1.0" encoding="UTF-8"?>
<!-- Generated by org.testng.reporters.JUnitXMLReporter -->
<testsuite ignored="0" hostname="Deepika-2AT30NI" failures="1" tests="1" name="Testcase 8-Tax due amount on work pool when work status is sent for approval" time="47.465" errors="0" timestamp="2021-07-22T17:23:45 IST">
  <testcase classname="tests.testcase118_DefaultProfile2" name="GoToUrlusernamepositiveinputPositiveEnterctl00cPHpassClickLoginPositiveEnterctl00cPHFiltertxtAg" time="41.699">
    <failure type="java.lang.AssertionError" message="Unable to locate object: By.xpath: /html/body/form/main/header/div/div[2]/ul/li[1]/select">
      <![CDATA[java.lang.AssertionError: Unable to locate object: By.xpath: /html/body/form/main/header/div/div[2]/ul/li[1]/select
at pages.employment.Select_ctl00ddlTaxYear(employment.java:115)
at tests.testcase118_DefaultProfile2.GoToUrlusernamepositiveinputPositiveEnterctl00cPHpassClickLoginPositiveEnterctl00cPHFiltertxtAg(testcase118_DefaultProfile2.java:97)
at java.base/java.util.ArrayList.forEach(ArrayList.java:1540)
... Removed 28 stack frames]]>
    </failure>
  </testcase> <!-- GoToUrlusernamepositiveinputPositiveEnterctl00cPHpassClickLoginPositiveEnterctl00cPHFiltertxtAg -->
</testsuite> <!-- Testcase 8-Tax due amount on work pool when work status is sent for approval -->
