<?xml version="1.0" encoding="UTF-8"?>
<!-- Generated by org.testng.reporters.JUnitXMLReporter -->
<testsuite ignored="0" hostname="Deepika-2AT30NI" failures="1" tests="1" name="Testcase 26-Tax due amount on client list when work status is To be filed" time="13.902" errors="0" timestamp="2021-07-15T13:34:31 IST">
  <testcase classname="tests.testcase35_DefaultProfile2" name="GoToUrlusernamepositiveinputPositiveEnterctl00cPHpassClickLoginPositiveEnterctl00cPHFiltertxtAg" time="8.022">
    <failure type="java.lang.AssertionError" message="Unable to locate object: By.xpath: //INPUT[@name=&amp;apos;ctl00$cPH$login&amp;apos;]">
      <![CDATA[java.lang.AssertionError: Unable to locate object: By.xpath: //INPUT[@name='ctl00$cPH$login']
at pages.login_page.Enter_ctl00cPHlogin(login_page.java:73)
at tests.testcase35_DefaultProfile2.GoToUrlusernamepositiveinputPositiveEnterctl00cPHpassClickLoginPositiveEnterctl00cPHFiltertxtAg(testcase35_DefaultProfile2.java:34)
at java.base/java.util.ArrayList.forEach(ArrayList.java:1540)
... Removed 28 stack frames]]>
    </failure>
  </testcase> <!-- GoToUrlusernamepositiveinputPositiveEnterctl00cPHpassClickLoginPositiveEnterctl00cPHFiltertxtAg -->
</testsuite> <!-- Testcase 26-Tax due amount on client list when work status is To be filed -->
