<html>
<head>
<title>TestNG:  46. CIS--------- CISDashboardTest</title>
<link href="../testng.css" rel="stylesheet" type="text/css" />
<link href="../my-testng.css" rel="stylesheet" type="text/css" />

<style type="text/css">
.log { display: none;} 
.stack-trace { display: none;} 
</style>
<script type="text/javascript">
<!--
function flip(e) {
  current = e.style.display;
  if (current == 'block') {
    e.style.display = 'none';
    return 0;
  }
  else {
    e.style.display = 'block';
    return 1;
  }
}

function toggleBox(szDivId, elem, msg1, msg2)
{
  var res = -1;  if (document.getElementById) {
    res = flip(document.getElementById(szDivId));
  }
  else if (document.all) {
    // this is the way old msie versions work
    res = flip(document.all[szDivId]);
  }
  if(elem) {
    if(res == 0) elem.innerHTML = msg1; else elem.innerHTML = msg2;
  }

}

function toggleAllBoxes() {
  if (document.getElementsByTagName) {
    d = document.getElementsByTagName('div');
    for (i = 0; i < d.length; i++) {
      if (d[i].className == 'log') {
        flip(d[i]);
      }
    }
  }
}

// -->
</script>

</head>
<body>
<h2 align='center'>46. CIS--------- CISDashboardTest</h2><table border='1' align="center">
<tr>
<td>Tests passed/Failed/Skipped:</td><td>0/1/0</td>
</tr><tr>
<td>Started on:</td><td>Fri Jul 05 18:41:15 IST 2019</td>
</tr>
<tr><td>Total time:</td><td>56 seconds (56187 ms)</td>
</tr><tr>
<td>Included groups:</td><td></td>
</tr><tr>
<td>Excluded groups:</td><td></td>
</tr>
</table><p/>
<small><i>(Hover the method name to see the test class name)</i></small><p/>
<table width='100%' border='1' class='invocation-failed'>
<tr><td colspan='4' align='center'><b>FAILED TESTS</b></td></tr>
<tr><td><b>Test method</b></td>
<td width="30%"><b>Exception</b></td>
<td width="10%"><b>Time (seconds)</b></td>
<td><b>Instance</b></td>
</tr>
<tr>
<td title='com.nomisma.scriptscis.CISDashboardTest.CISDashboard()'><b>CISDashboard</b><br>Test class: com.nomisma.scriptscis.CISDashboardTest<br/>
<a href="#Output-208181619" onClick='toggleBox("Output-208181619", this, "Show output", "Hide output");'>Show output</a>

<a href="#Output-208181619" onClick="toggleAllBoxes();">Show all outputs</a>
<div class='log' id="Output-208181619">
WebElement to be clicked [[ChromeDriver: chrome on XP (b11c3ce6ae694f6bd39d82fcabb997c7)] -> id: ctl00_cPH_btnLogin]<br/>
After click [[ChromeDriver: chrome on XP (b11c3ce6ae694f6bd39d82fcabb997c7)] -> id: ctl00_cPH_btnLogin]<br/>
WebElement [[ChromeDriver: chrome on XP (b11c3ce6ae694f6bd39d82fcabb997c7)] -> id: ctl00_cPH_btnLogin] clicked<br/>
WebElement to be clicked [[ChromeDriver: chrome on XP (b11c3ce6ae694f6bd39d82fcabb997c7)] -> id: ctl00_cPHFilter_btnSearch]<br/>
After click [[ChromeDriver: chrome on XP (b11c3ce6ae694f6bd39d82fcabb997c7)] -> id: ctl00_cPHFilter_btnSearch]<br/>
WebElement [[ChromeDriver: chrome on XP (b11c3ce6ae694f6bd39d82fcabb997c7)] -> id: ctl00_cPHFilter_btnSearch] clicked<br/>
WebElement to be clicked [[ChromeDriver: chrome on XP (b11c3ce6ae694f6bd39d82fcabb997c7)] -> xpath: //div[@class='outerT-dash outerT-dash_Print']//table//tbody//tr//td[contains(text(),'Nomisma')]]<br/>
After click [[ChromeDriver: chrome on XP (b11c3ce6ae694f6bd39d82fcabb997c7)] -> xpath: //div[@class='outerT-dash outerT-dash_Print']//table//tbody//tr//td[contains(text(),'Nomisma')]]<br/>
WebElement [[ChromeDriver: chrome on XP (b11c3ce6ae694f6bd39d82fcabb997c7)] -> xpath: //div[@class='outerT-dash outerT-dash_Print']//table//tbody//tr//td[contains(text(),'Nomisma')]] clicked<br/>
Agent window is displayed<br/>
WebElement to be clicked [[ChromeDriver: chrome on XP (b11c3ce6ae694f6bd39d82fcabb997c7)] -> xpath: //span[contains(text(),'CIS')]]<br/>
After click [[ChromeDriver: chrome on XP (b11c3ce6ae694f6bd39d82fcabb997c7)] -> xpath: //span[contains(text(),'CIS')]]<br/>
WebElement [[ChromeDriver: chrome on XP (b11c3ce6ae694f6bd39d82fcabb997c7)] -> xpath: //span[contains(text(),'CIS')]] clicked<br/>
WebElement to be clicked [[ChromeDriver: chrome on XP (b11c3ce6ae694f6bd39d82fcabb997c7)] -> xpath: //a[@href='CISDashboard.aspx']]<br/>
After click [[ChromeDriver: chrome on XP (b11c3ce6ae694f6bd39d82fcabb997c7)] -> xpath: //a[@href='CISDashboard.aspx']]<br/>
WebElement [[ChromeDriver: chrome on XP (b11c3ce6ae694f6bd39d82fcabb997c7)] -> xpath: //a[@href='CISDashboard.aspx']] clicked<br/>
CIS Dashboard's title:CIS Dashboard<br/>
CIS Dashboard's title is verified successfuly<br/>
cnt: 38<br/>
WebElement to be clicked [[ChromeDriver: chrome on XP (b11c3ce6ae694f6bd39d82fcabb997c7)] -> css selector: span.label > a]<br/>
After click [[ChromeDriver: chrome on XP (b11c3ce6ae694f6bd39d82fcabb997c7)] -> css selector: span.label > a]<br/>
WebElement [[ChromeDriver: chrome on XP (b11c3ce6ae694f6bd39d82fcabb997c7)] -> css selector: span.label > a] clicked<br/>
CISDueSubmission clicked<br/>
WebElement to be clicked [[ChromeDriver: chrome on XP (b11c3ce6ae694f6bd39d82fcabb997c7)] -> xpath: //li[@class='next']/a]<br/>
After click [[ChromeDriver: chrome on XP (b11c3ce6ae694f6bd39d82fcabb997c7)] -> xpath: //li[@class='next']/a]<br/>
WebElement [[ChromeDriver: chrome on XP (b11c3ce6ae694f6bd39d82fcabb997c7)] -> xpath: //li[@class='next']/a] clicked<br/>
Count= 38 is matching for Due Submission<br/>
Before Navigating To: http://sandboxpre.nomismasolution.co.uk/AgentUI/CISDashboard.aspx, my url was: http://sandboxpre.nomismasolution.co.uk/AgentUI/CisSubmit.aspx?UC=0<br/>
Navigated To : http://sandboxpre.nomismasolution.co.uk/AgentUI/CISDashboard.aspx<br/>
cnt: 53<br/>
WebElement to be clicked [[ChromeDriver: chrome on XP (b11c3ce6ae694f6bd39d82fcabb997c7)] -> xpath: //a[contains(text(),'OVERDUE FILINGS')]]<br/>
After click [[ChromeDriver: chrome on XP (b11c3ce6ae694f6bd39d82fcabb997c7)] -> xpath: //a[contains(text(),'OVERDUE FILINGS')]]<br/>
WebElement [[ChromeDriver: chrome on XP (b11c3ce6ae694f6bd39d82fcabb997c7)] -> xpath: //a[contains(text(),'OVERDUE FILINGS')]] clicked<br/>
Overdue Filings clicked<br/>
Test execution is in onTestFailure method<br/>
<img src=".\..\screenshots\Failure\CISDashboardTest.CISDashboard - 05-Jul-2019__06_42_11PM.png" style=width:400px><br/>
</div>
</td>
<td><div><pre>java.lang.AssertionError: Count is not matching for Overdue Filings expected [3] but found [53]
	at org.testng.Assert.fail(Assert.java:94)
	at org.testng.Assert.failNotEquals(Assert.java:494)
	at org.testng.Assert.assertEquals(Assert.java:123)
	at org.testng.Assert.assertEquals(Assert.java:370)
	at com.nomisma.pom.CISPage.CountCheckCISOverdueFilings(CISPage.java:600)
	at com.nomisma.scriptscis.CISDashboardTest.CISDashboard(CISDashboardTest.java:62)
	at java.base/jdk.internal.reflect.NativeMethodAccessorImpl.invoke0(Native Method)
	at java.base/jdk.internal.reflect.NativeMethodAccessorImpl.invoke(NativeMethodAccessorImpl.java:62)
	at java.base/jdk.internal.reflect.DelegatingMethodAccessorImpl.invoke(DelegatingMethodAccessorImpl.java:43)
	at java.base/java.lang.reflect.Method.invoke(Method.java:564)
	at org.testng.internal.MethodInvocationHelper.invokeMethod(MethodInvocationHelper.java:80)
	at org.testng.internal.Invoker.invokeMethod(Invoker.java:714)
	at org.testng.internal.Invoker.invokeTestMethod(Invoker.java:901)
	at org.testng.internal.Invoker.invokeTestMethods(Invoker.java:1231)
	at org.testng.internal.TestMethodWorker.invokeTestMethods(TestMethodWorker.java:127)
	at org.testng.internal.TestMethodWorker.run(TestMethodWorker.java:111)
	at org.testng.TestRunner.privateRun(TestRunner.java:767)
	at org.testng.TestRunner.run(TestRunner.java:617)
	at org.testng.SuiteRunner.runTest(SuiteRunner.java:334)
	at org.testng.SuiteRunner.runSequentially(SuiteRunner.java:329)
	at org.testng.SuiteRunner.privateRun(SuiteRunner.java:291)
	at org.testng.SuiteRunner.run(SuiteRunner.java:240)
	at org.testng.SuiteRunnerWorker.runSuite(SuiteRunnerWorker.java:52)
	at org.testng.SuiteRunnerWorker.run(SuiteRunnerWorker.java:86)
	at org.testng.TestNG.runSuitesSequentially(TestNG.java:1198)
	at org.testng.TestNG.runSuitesLocally(TestNG.java:1123)
	at org.testng.TestNG.run(TestNG.java:1031)
	at org.testng.remote.AbstractRemoteTestNG.run(AbstractRemoteTestNG.java:114)
	at org.testng.remote.RemoteTestNG.initAndRun(RemoteTestNG.java:251)
	at org.testng.remote.RemoteTestNG.main(RemoteTestNG.java:77)
</pre></div><a href='#' onClick='toggleBox("stack-trace208181619", this, "Click to show all stack frames", "Click to hide stack frames")'>Click to show all stack frames</a>
<div class='stack-trace' id='stack-trace208181619'><pre>java.lang.AssertionError: Count is not matching for Overdue Filings expected [3] but found [53]
	at org.testng.Assert.fail(Assert.java:94)
	at org.testng.Assert.failNotEquals(Assert.java:494)
	at org.testng.Assert.assertEquals(Assert.java:123)
	at org.testng.Assert.assertEquals(Assert.java:370)
	at com.nomisma.pom.CISPage.CountCheckCISOverdueFilings(CISPage.java:600)
	at com.nomisma.scriptscis.CISDashboardTest.CISDashboard(CISDashboardTest.java:62)
	at java.base/jdk.internal.reflect.NativeMethodAccessorImpl.invoke0(Native Method)
	at java.base/jdk.internal.reflect.NativeMethodAccessorImpl.invoke(NativeMethodAccessorImpl.java:62)
	at java.base/jdk.internal.reflect.DelegatingMethodAccessorImpl.invoke(DelegatingMethodAccessorImpl.java:43)
	at java.base/java.lang.reflect.Method.invoke(Method.java:564)
	at org.testng.internal.MethodInvocationHelper.invokeMethod(MethodInvocationHelper.java:80)
	at org.testng.internal.Invoker.invokeMethod(Invoker.java:714)
	at org.testng.internal.Invoker.invokeTestMethod(Invoker.java:901)
	at org.testng.internal.Invoker.invokeTestMethods(Invoker.java:1231)
	at org.testng.internal.TestMethodWorker.invokeTestMethods(TestMethodWorker.java:127)
	at org.testng.internal.TestMethodWorker.run(TestMethodWorker.java:111)
	at org.testng.TestRunner.privateRun(TestRunner.java:767)
	at org.testng.TestRunner.run(TestRunner.java:617)
	at org.testng.SuiteRunner.runTest(SuiteRunner.java:334)
	at org.testng.SuiteRunner.runSequentially(SuiteRunner.java:329)
	at org.testng.SuiteRunner.privateRun(SuiteRunner.java:291)
	at org.testng.SuiteRunner.run(SuiteRunner.java:240)
	at org.testng.SuiteRunnerWorker.runSuite(SuiteRunnerWorker.java:52)
	at org.testng.SuiteRunnerWorker.run(SuiteRunnerWorker.java:86)
	at org.testng.TestNG.runSuitesSequentially(TestNG.java:1198)
	at org.testng.TestNG.runSuitesLocally(TestNG.java:1123)
	at org.testng.TestNG.run(TestNG.java:1031)
	at org.testng.remote.AbstractRemoteTestNG.run(AbstractRemoteTestNG.java:114)
	at org.testng.remote.RemoteTestNG.initAndRun(RemoteTestNG.java:251)
	at org.testng.remote.RemoteTestNG.main(RemoteTestNG.java:77)
</pre></div></td>
<td>49</td>
<td>com.nomisma.scriptscis.CISDashboardTest@5d0bf09b</td></tr>
</table><p>
</body>
</html>