<html>
<head>
<title>TestNG:  51. CIS--------- AddInvoice</title>
<link href="../testng.css" rel="stylesheet" type="text/css" />
<link href="../my-testng.css" rel="stylesheet" type="text/css" />

<style type="text/css">
.log { display: none;} 
.stack-trace { display: none;} 
</style>
<script type="text/javascript">
<!--
function flip(e) {
  current = e.style.display;
  if (current == 'block') {
    e.style.display = 'none';
    return 0;
  }
  else {
    e.style.display = 'block';
    return 1;
  }
}

function toggleBox(szDivId, elem, msg1, msg2)
{
  var res = -1;  if (document.getElementById) {
    res = flip(document.getElementById(szDivId));
  }
  else if (document.all) {
    // this is the way old msie versions work
    res = flip(document.all[szDivId]);
  }
  if(elem) {
    if(res == 0) elem.innerHTML = msg1; else elem.innerHTML = msg2;
  }

}

function toggleAllBoxes() {
  if (document.getElementsByTagName) {
    d = document.getElementsByTagName('div');
    for (i = 0; i < d.length; i++) {
      if (d[i].className == 'log') {
        flip(d[i]);
      }
    }
  }
}

// -->
</script>

</head>
<body>
<h2 align='center'>51. CIS--------- AddInvoice</h2><table border='1' align="center">
<tr>
<td>Tests passed/Failed/Skipped:</td><td>0/1/0</td>
</tr><tr>
<td>Started on:</td><td>Fri Jul 05 18:43:02 IST 2019</td>
</tr>
<tr><td>Total time:</td><td>72 seconds (72326 ms)</td>
</tr><tr>
<td>Included groups:</td><td></td>
</tr><tr>
<td>Excluded groups:</td><td></td>
</tr>
</table><p/>
<small><i>(Hover the method name to see the test class name)</i></small><p/>
<table width='100%' border='1' class='invocation-failed'>
<tr><td colspan='4' align='center'><b>FAILED TESTS</b></td></tr>
<tr><td><b>Test method</b></td>
<td width="30%"><b>Exception</b></td>
<td width="10%"><b>Time (seconds)</b></td>
<td><b>Instance</b></td>
</tr>
<tr>
<td title='com.nomisma.scriptscis.AddInvoice.AddInvoices()'><b>AddInvoices</b><br>Test class: com.nomisma.scriptscis.AddInvoice<br/>
<a href="#Output-397416108" onClick='toggleBox("Output-397416108", this, "Show output", "Hide output");'>Show output</a>

<a href="#Output-397416108" onClick="toggleAllBoxes();">Show all outputs</a>
<div class='log' id="Output-397416108">
WebElement to be clicked [[ChromeDriver: chrome on XP (6d1ac30c126d880245a186c86cc340c8)] -> id: ctl00_cPH_btnLogin]<br/>
After click [[ChromeDriver: chrome on XP (6d1ac30c126d880245a186c86cc340c8)] -> id: ctl00_cPH_btnLogin]<br/>
WebElement [[ChromeDriver: chrome on XP (6d1ac30c126d880245a186c86cc340c8)] -> id: ctl00_cPH_btnLogin] clicked<br/>
WebElement to be clicked [[ChromeDriver: chrome on XP (6d1ac30c126d880245a186c86cc340c8)] -> id: ctl00_cPHFilter_btnSearch]<br/>
After click [[ChromeDriver: chrome on XP (6d1ac30c126d880245a186c86cc340c8)] -> id: ctl00_cPHFilter_btnSearch]<br/>
WebElement [[ChromeDriver: chrome on XP (6d1ac30c126d880245a186c86cc340c8)] -> id: ctl00_cPHFilter_btnSearch] clicked<br/>
WebElement to be clicked [[ChromeDriver: chrome on XP (6d1ac30c126d880245a186c86cc340c8)] -> xpath: //div[@class='outerT-dash outerT-dash_Print']//table//tbody//tr//td[contains(text(),'Nomisma')]]<br/>
After click [[ChromeDriver: chrome on XP (6d1ac30c126d880245a186c86cc340c8)] -> xpath: //div[@class='outerT-dash outerT-dash_Print']//table//tbody//tr//td[contains(text(),'Nomisma')]]<br/>
WebElement [[ChromeDriver: chrome on XP (6d1ac30c126d880245a186c86cc340c8)] -> xpath: //div[@class='outerT-dash outerT-dash_Print']//table//tbody//tr//td[contains(text(),'Nomisma')]] clicked<br/>
Agent window is displayed<br/>
WebElement to be clicked [[ChromeDriver: chrome on XP (6d1ac30c126d880245a186c86cc340c8)] -> xpath: //span[contains(text(),'CIS')]]<br/>
After click [[ChromeDriver: chrome on XP (6d1ac30c126d880245a186c86cc340c8)] -> xpath: //span[contains(text(),'CIS')]]<br/>
WebElement [[ChromeDriver: chrome on XP (6d1ac30c126d880245a186c86cc340c8)] -> xpath: //span[contains(text(),'CIS')]] clicked<br/>
WebElement to be clicked [[ChromeDriver: chrome on XP (6d1ac30c126d880245a186c86cc340c8)] -> xpath: //a[@href='CISDashboard.aspx']]<br/>
After click [[ChromeDriver: chrome on XP (6d1ac30c126d880245a186c86cc340c8)] -> xpath: //a[@href='CISDashboard.aspx']]<br/>
WebElement [[ChromeDriver: chrome on XP (6d1ac30c126d880245a186c86cc340c8)] -> xpath: //a[@href='CISDashboard.aspx']] clicked<br/>
WebElement to be clicked [[ChromeDriver: chrome on XP (6d1ac30c126d880245a186c86cc340c8)] -> xpath: //a[@href='CISSubmit.aspx']]<br/>
After click [[ChromeDriver: chrome on XP (6d1ac30c126d880245a186c86cc340c8)] -> xpath: //a[@href='CISSubmit.aspx']]<br/>
WebElement [[ChromeDriver: chrome on XP (6d1ac30c126d880245a186c86cc340c8)] -> xpath: //a[@href='CISSubmit.aspx']] clicked<br/>
Header Text verified for Submit CIS page<br/>
WebElement to be clicked [[ChromeDriver: chrome on XP (6d1ac30c126d880245a186c86cc340c8)] -> id: ctl00_ctl00_ParentContent_cPHFilter_btnSearch]<br/>
After click [[ChromeDriver: chrome on XP (6d1ac30c126d880245a186c86cc340c8)] -> id: ctl00_ctl00_ParentContent_cPHFilter_btnSearch]<br/>
WebElement [[ChromeDriver: chrome on XP (6d1ac30c126d880245a186c86cc340c8)] -> id: ctl00_ctl00_ParentContent_cPHFilter_btnSearch] clicked<br/>
WebElement to be clicked [[ChromeDriver: chrome on XP (6d1ac30c126d880245a186c86cc340c8)] -> xpath: //a[@href='CISSubmissionReport.aspx']]<br/>
After click [[ChromeDriver: chrome on XP (6d1ac30c126d880245a186c86cc340c8)] -> xpath: //a[@href='CISSubmissionReport.aspx']]<br/>
WebElement [[ChromeDriver: chrome on XP (6d1ac30c126d880245a186c86cc340c8)] -> xpath: //a[@href='CISSubmissionReport.aspx']] clicked<br/>
CIS already submitted<br/>
WebElement to be clicked [[ChromeDriver: chrome on XP (6d1ac30c126d880245a186c86cc340c8)] -> xpath: //td/a[contains(text(),'TestContractor')]/../../td[14]]<br/>
After click [[ChromeDriver: chrome on XP (6d1ac30c126d880245a186c86cc340c8)] -> xpath: //td/a[contains(text(),'TestContractor')]/../../td[14]]<br/>
WebElement [[ChromeDriver: chrome on XP (6d1ac30c126d880245a186c86cc340c8)] -> xpath: //td/a[contains(text(),'TestContractor')]/../../td[14]] clicked<br/>
Alert Accepted<br/>
WebElement to be clicked [[ChromeDriver: chrome on XP (6d1ac30c126d880245a186c86cc340c8)] -> xpath: //a[@href='CISFailedReport.aspx']]<br/>
After click [[ChromeDriver: chrome on XP (6d1ac30c126d880245a186c86cc340c8)] -> xpath: //a[@href='CISFailedReport.aspx']]<br/>
WebElement [[ChromeDriver: chrome on XP (6d1ac30c126d880245a186c86cc340c8)] -> xpath: //a[@href='CISFailedReport.aspx']] clicked<br/>
WebElement to be clicked [[ChromeDriver: chrome on XP (6d1ac30c126d880245a186c86cc340c8)] -> xpath: //a[@href='CISDashboard.aspx']]<br/>
After click [[ChromeDriver: chrome on XP (6d1ac30c126d880245a186c86cc340c8)] -> xpath: //a[@href='CISDashboard.aspx']]<br/>
WebElement [[ChromeDriver: chrome on XP (6d1ac30c126d880245a186c86cc340c8)] -> xpath: //a[@href='CISDashboard.aspx']] clicked<br/>
WebElement to be clicked [[ChromeDriver: chrome on XP (6d1ac30c126d880245a186c86cc340c8)] -> xpath: /html[1]/body[1]/ul[1]/li[1]/a[1]]<br/>
After click [[ChromeDriver: chrome on XP (6d1ac30c126d880245a186c86cc340c8)] -> xpath: /html[1]/body[1]/ul[1]/li[1]/a[1]]<br/>
WebElement [[ChromeDriver: chrome on XP (6d1ac30c126d880245a186c86cc340c8)] -> xpath: /html[1]/body[1]/ul[1]/li[1]/a[1]] clicked<br/>
Header Text verified for Sub Contractor page<br/>
WebElement to be clicked [[ChromeDriver: chrome on XP (6d1ac30c126d880245a186c86cc340c8)] -> xpath: //html//tr[2]/td[1]/a[1]]<br/>
After click [[ChromeDriver: chrome on XP (6d1ac30c126d880245a186c86cc340c8)] -> xpath: //html//tr[2]/td[1]/a[1]]<br/>
WebElement [[ChromeDriver: chrome on XP (6d1ac30c126d880245a186c86cc340c8)] -> xpath: //html//tr[2]/td[1]/a[1]] clicked<br/>
WebElement to be clicked [[ChromeDriver: chrome on XP (6d1ac30c126d880245a186c86cc340c8)] -> xpath: //tr[2]/td[1]/a]<br/>
After click [[ChromeDriver: chrome on XP (6d1ac30c126d880245a186c86cc340c8)] -> xpath: //tr[2]/td[1]/a]<br/>
WebElement [[ChromeDriver: chrome on XP (6d1ac30c126d880245a186c86cc340c8)] -> xpath: //tr[2]/td[1]/a] clicked<br/>
Header Text verified for Invoice Summary page<br/>
Page Refreshed<br/>
btnAddInvoicelst =1<br/>
WebElement to be clicked [[ChromeDriver: chrome on XP (6d1ac30c126d880245a186c86cc340c8)] -> xpath: //span[contains(text(),'Add Invoice')]]<br/>
After click [[ChromeDriver: chrome on XP (6d1ac30c126d880245a186c86cc340c8)] -> xpath: //span[contains(text(),'Add Invoice')]]<br/>
WebElement [[ChromeDriver: chrome on XP (6d1ac30c126d880245a186c86cc340c8)] -> xpath: //span[contains(text(),'Add Invoice')]] clicked<br/>
WebElement to be clicked [[ChromeDriver: chrome on XP (6d1ac30c126d880245a186c86cc340c8)] -> id: ctl00_ctl00_ParentContent_cphFooter_btnCancel]<br/>
After click [[ChromeDriver: chrome on XP (6d1ac30c126d880245a186c86cc340c8)] -> id: ctl00_ctl00_ParentContent_cphFooter_btnCancel]<br/>
WebElement [[ChromeDriver: chrome on XP (6d1ac30c126d880245a186c86cc340c8)] -> id: ctl00_ctl00_ParentContent_cphFooter_btnCancel] clicked<br/>
WebElement to be clicked [[ChromeDriver: chrome on XP (6d1ac30c126d880245a186c86cc340c8)] -> xpath: //span[contains(text(),'Add Invoice')]]<br/>
After click [[ChromeDriver: chrome on XP (6d1ac30c126d880245a186c86cc340c8)] -> xpath: //span[contains(text(),'Add Invoice')]]<br/>
WebElement [[ChromeDriver: chrome on XP (6d1ac30c126d880245a186c86cc340c8)] -> xpath: //span[contains(text(),'Add Invoice')]] clicked<br/>
Header Text verified for Add CIS Invoice page<br/>
WebElement to be clicked [[[[ChromeDriver: chrome on XP (6d1ac30c126d880245a186c86cc340c8)] -> id: ctl00_ctl00_ParentContent_cPH_rptrInvoiceTransactions_ctl00_ddLabourOn]] -> xpath: .//option[normalize-space(.) = "Net"]]<br/>
After click [[[[ChromeDriver: chrome on XP (6d1ac30c126d880245a186c86cc340c8)] -> id: ctl00_ctl00_ParentContent_cPH_rptrInvoiceTransactions_ctl00_ddLabourOn]] -> xpath: .//option[normalize-space(.) = "Net"]]<br/>
WebElement [[[[ChromeDriver: chrome on XP (6d1ac30c126d880245a186c86cc340c8)] -> id: ctl00_ctl00_ParentContent_cPH_rptrInvoiceTransactions_ctl00_ddLabourOn]] -> xpath: .//option[normalize-space(.) = "Net"]] clicked<br/>
WebElement to be clicked [[[[ChromeDriver: chrome on XP (6d1ac30c126d880245a186c86cc340c8)] -> id: ctl00_ctl00_ParentContent_cPH_rptrInvoiceTransactions_ctl00_ddMaterialType]] -> xpath: .//option[normalize-space(.) = "Fuel"]]<br/>
After click [[[[ChromeDriver: chrome on XP (6d1ac30c126d880245a186c86cc340c8)] -> id: ctl00_ctl00_ParentContent_cPH_rptrInvoiceTransactions_ctl00_ddMaterialType]] -> xpath: .//option[normalize-space(.) = "Fuel"]]<br/>
WebElement [[[[ChromeDriver: chrome on XP (6d1ac30c126d880245a186c86cc340c8)] -> id: ctl00_ctl00_ParentContent_cPH_rptrInvoiceTransactions_ctl00_ddMaterialType]] -> xpath: .//option[normalize-space(.) = "Fuel"]] clicked<br/>
WebElement to be clicked [[[[ChromeDriver: chrome on XP (6d1ac30c126d880245a186c86cc340c8)] -> id: ctl00_ctl00_ParentContent_cPH_rptrInvoiceTransactions_ctl01_ddMaterialType]] -> xpath: .//option[normalize-space(.) = "Accommodation"]]<br/>
After click [[[[ChromeDriver: chrome on XP (6d1ac30c126d880245a186c86cc340c8)] -> id: ctl00_ctl00_ParentContent_cPH_rptrInvoiceTransactions_ctl01_ddMaterialType]] -> xpath: .//option[normalize-space(.) = "Accommodation"]]<br/>
WebElement [[[[ChromeDriver: chrome on XP (6d1ac30c126d880245a186c86cc340c8)] -> id: ctl00_ctl00_ParentContent_cPH_rptrInvoiceTransactions_ctl01_ddMaterialType]] -> xpath: .//option[normalize-space(.) = "Accommodation"]] clicked<br/>
WebElement to be clicked [[ChromeDriver: chrome on XP (6d1ac30c126d880245a186c86cc340c8)] -> id: ctl00_ctl00_ParentContent_cPH_chkAddMore]<br/>
After click [[ChromeDriver: chrome on XP (6d1ac30c126d880245a186c86cc340c8)] -> id: ctl00_ctl00_ParentContent_cPH_chkAddMore]<br/>
WebElement [[ChromeDriver: chrome on XP (6d1ac30c126d880245a186c86cc340c8)] -> id: ctl00_ctl00_ParentContent_cPH_chkAddMore] clicked<br/>
Test execution is in onTestFailure method<br/>
<img src=".\..\screenshots\Failure\AddInvoice.AddInvoices - 05-Jul-2019__06_44_13PM.png" style=width:400px><br/>
</div>
</td>
<td><div><pre>org.openqa.selenium.InvalidArgumentException: invalid argument: File not found : D:\Nomisma\AutomationNomisma\src\test\resources\testData\logob.png
  (Session info: headless chrome=75.0.3770.100)
  (Driver info: chromedriver=2.46.628402 (536cd7adbad73a3783fdc2cab92ab2ba7ec361e1),platform=Windows NT 10.0.17134 x86_64) (WARNING: The server did not provide any stacktrace information)
Command duration or timeout: 0 milliseconds
Build info: version: &apos;3.11.0&apos;, revision: &apos;e59cfb3&apos;, time: &apos;2018-03-11T20:26:55.152Z&apos;
System info: host: &apos;DESKTOP-ORUDN72&apos;, ip: &apos;192.168.1.126&apos;, os.name: &apos;Windows 10&apos;, os.arch: &apos;amd64&apos;, os.version: &apos;10.0&apos;, java.version: &apos;10.0.1&apos;
Driver info: org.openqa.selenium.chrome.ChromeDriver
Capabilities {acceptInsecureCerts: false, acceptSslCerts: false, applicationCacheEnabled: false, browserConnectionEnabled: false, browserName: chrome, chrome: {chromedriverVersion: 2.46.628402 (536cd7adbad73a..., userDataDir: C:\Users\ADMINI~1\AppData\L...}, cssSelectorsEnabled: true, databaseEnabled: false, goog:chromeOptions: {debuggerAddress: localhost:21628}, handlesAlerts: true, hasTouchScreen: false, javascriptEnabled: true, locationContextEnabled: true, mobileEmulationEnabled: false, nativeEvents: true, networkConnectionEnabled: false, pageLoadStrategy: normal, platform: XP, platformName: XP, proxy: Proxy(), rotatable: false, setWindowRect: true, strictFileInteractability: false, takesHeapSnapshot: true, takesScreenshot: true, timeouts: {implicit: 0, pageLoad: 300000, script: 30000}, unexpectedAlertBehaviour: ignore, unhandledPromptBehavior: ignore, version: 75.0.3770.100, webStorageEnabled: true}
Session ID: 6d1ac30c126d880245a186c86cc340c8
	at java.base/jdk.internal.reflect.NativeConstructorAccessorImpl.newInstance0(Native Method)
	at java.base/jdk.internal.reflect.NativeConstructorAccessorImpl.newInstance(NativeConstructorAccessorImpl.java:62)
	at java.base/jdk.internal.reflect.DelegatingConstructorAccessorImpl.newInstance(DelegatingConstructorAccessorImpl.java:45)
	at java.base/java.lang.reflect.Constructor.newInstance(Constructor.java:488)
	at org.openqa.selenium.remote.ErrorHandler.createThrowable(ErrorHandler.java:214)
	at org.openqa.selenium.remote.ErrorHandler.throwIfResponseFailed(ErrorHandler.java:166)
	at org.openqa.selenium.remote.http.JsonHttpResponseCodec.reconstructValue(JsonHttpResponseCodec.java:40)
	at org.openqa.selenium.remote.http.AbstractHttpResponseCodec.decode(AbstractHttpResponseCodec.java:80)
	at org.openqa.selenium.remote.http.AbstractHttpResponseCodec.decode(AbstractHttpResponseCodec.java:44)
	at org.openqa.selenium.remote.HttpCommandExecutor.execute(HttpCommandExecutor.java:158)
	at org.openqa.selenium.remote.service.DriverCommandExecutor.execute(DriverCommandExecutor.java:83)
	at org.openqa.selenium.remote.RemoteWebDriver.execute(RemoteWebDriver.java:545)
	at org.openqa.selenium.remote.RemoteWebElement.execute(RemoteWebElement.java:279)
	at org.openqa.selenium.remote.RemoteWebElement.sendKeys(RemoteWebElement.java:100)
	at jdk.internal.reflect.GeneratedMethodAccessor6.invoke(Unknown Source)
	at java.base/jdk.internal.reflect.DelegatingMethodAccessorImpl.invoke(DelegatingMethodAccessorImpl.java:43)
	at java.base/java.lang.reflect.Method.invoke(Method.java:564)
	at org.openqa.selenium.support.events.EventFiringWebDriver$EventFiringWebElement.lambda$new$0(EventFiringWebDriver.java:368)
	at com.sun.proxy.$Proxy18.sendKeys(Unknown Source)
	at org.openqa.selenium.support.events.EventFiringWebDriver$EventFiringWebElement.sendKeys(EventFiringWebDriver.java:390)
	at jdk.internal.reflect.GeneratedMethodAccessor6.invoke(Unknown Source)
	at java.base/jdk.internal.reflect.DelegatingMethodAccessorImpl.invoke(DelegatingMethodAccessorImpl.java:43)
	at java.base/java.lang.reflect.Method.invoke(Method.java:564)
	at org.openqa.selenium.support.pagefactory.internal.LocatingElementHandler.invoke(LocatingElementHandler.java:51)
	at com.sun.proxy.$Proxy17.sendKeys(Unknown Source)
	at com.nomisma.pom.CISPage.AddInvoice(CISPage.java:1256)
	at com.nomisma.scriptscis.AddInvoice.AddInvoices(AddInvoice.java:59)
	at java.base/jdk.internal.reflect.NativeMethodAccessorImpl.invoke0(Native Method)
	at java.base/jdk.internal.reflect.NativeMethodAccessorImpl.invoke(NativeMethodAccessorImpl.java:62)
	at java.base/jdk.internal.reflect.DelegatingMethodAccessorImpl.invoke(DelegatingMethodAccessorImpl.java:43)
	at java.base/java.lang.reflect.Method.invoke(Method.java:564)
	at org.testng.internal.MethodInvocationHelper.invokeMethod(MethodInvocationHelper.java:80)
	at org.testng.internal.Invoker.invokeMethod(Invoker.java:714)
	at org.testng.internal.Invoker.invokeTestMethod(Invoker.java:901)
	at org.testng.internal.Invoker.invokeTestMethods(Invoker.java:1231)
	at org.testng.internal.TestMethodWorker.invokeTestMethods(TestMethodWorker.java:127)
	at org.testng.internal.TestMethodWorker.run(TestMethodWorker.java:111)
	at org.testng.TestRunner.privateRun(TestRunner.java:767)
	at org.testng.TestRunner.run(TestRunner.java:617)
	at org.testng.SuiteRunner.runTest(SuiteRunner.java:334)
	at org.testng.SuiteRunner.runSequentially(SuiteRunner.java:329)
	at org.testng.SuiteRunner.privateRun(SuiteRunner.java:291)
	at org.testng.SuiteRunner.run(SuiteRunner.java:240)
	at org.testng.SuiteRunnerWorker.runSuite(SuiteRunnerWorker.java:52)
	at org.testng.SuiteRunnerWorker.run(SuiteRunnerWorker.java:86)
	at org.testng.TestNG.runSuitesSequentially(TestNG.java:1198)
	at org.testng.TestNG.runSuitesLocally(TestNG.java:1123)
	at org.testng.TestNG.run(TestNG.java:1031)
	at org.testng.remote.AbstractRemoteTestNG.run(AbstractRemoteTestNG.java:114)
	at org.testng.remote.RemoteTestNG.initAndRun(RemoteTestNG.java:251)
	at org.testng.remote.RemoteTestNG.main(RemoteTestNG.java:77)
</pre></div><a href='#' onClick='toggleBox("stack-trace397416108", this, "Click to show all stack frames", "Click to hide stack frames")'>Click to show all stack frames</a>
<div class='stack-trace' id='stack-trace397416108'><pre>org.openqa.selenium.InvalidArgumentException: invalid argument: File not found : D:\Nomisma\AutomationNomisma\src\test\resources\testData\logob.png
  (Session info: headless chrome=75.0.3770.100)
  (Driver info: chromedriver=2.46.628402 (536cd7adbad73a3783fdc2cab92ab2ba7ec361e1),platform=Windows NT 10.0.17134 x86_64) (WARNING: The server did not provide any stacktrace information)
Command duration or timeout: 0 milliseconds
Build info: version: &apos;3.11.0&apos;, revision: &apos;e59cfb3&apos;, time: &apos;2018-03-11T20:26:55.152Z&apos;
System info: host: &apos;DESKTOP-ORUDN72&apos;, ip: &apos;192.168.1.126&apos;, os.name: &apos;Windows 10&apos;, os.arch: &apos;amd64&apos;, os.version: &apos;10.0&apos;, java.version: &apos;10.0.1&apos;
Driver info: org.openqa.selenium.chrome.ChromeDriver
Capabilities {acceptInsecureCerts: false, acceptSslCerts: false, applicationCacheEnabled: false, browserConnectionEnabled: false, browserName: chrome, chrome: {chromedriverVersion: 2.46.628402 (536cd7adbad73a..., userDataDir: C:\Users\ADMINI~1\AppData\L...}, cssSelectorsEnabled: true, databaseEnabled: false, goog:chromeOptions: {debuggerAddress: localhost:21628}, handlesAlerts: true, hasTouchScreen: false, javascriptEnabled: true, locationContextEnabled: true, mobileEmulationEnabled: false, nativeEvents: true, networkConnectionEnabled: false, pageLoadStrategy: normal, platform: XP, platformName: XP, proxy: Proxy(), rotatable: false, setWindowRect: true, strictFileInteractability: false, takesHeapSnapshot: true, takesScreenshot: true, timeouts: {implicit: 0, pageLoad: 300000, script: 30000}, unexpectedAlertBehaviour: ignore, unhandledPromptBehavior: ignore, version: 75.0.3770.100, webStorageEnabled: true}
Session ID: 6d1ac30c126d880245a186c86cc340c8
	at java.base/jdk.internal.reflect.NativeConstructorAccessorImpl.newInstance0(Native Method)
	at java.base/jdk.internal.reflect.NativeConstructorAccessorImpl.newInstance(NativeConstructorAccessorImpl.java:62)
	at java.base/jdk.internal.reflect.DelegatingConstructorAccessorImpl.newInstance(DelegatingConstructorAccessorImpl.java:45)
	at java.base/java.lang.reflect.Constructor.newInstance(Constructor.java:488)
	at org.openqa.selenium.remote.ErrorHandler.createThrowable(ErrorHandler.java:214)
	at org.openqa.selenium.remote.ErrorHandler.throwIfResponseFailed(ErrorHandler.java:166)
	at org.openqa.selenium.remote.http.JsonHttpResponseCodec.reconstructValue(JsonHttpResponseCodec.java:40)
	at org.openqa.selenium.remote.http.AbstractHttpResponseCodec.decode(AbstractHttpResponseCodec.java:80)
	at org.openqa.selenium.remote.http.AbstractHttpResponseCodec.decode(AbstractHttpResponseCodec.java:44)
	at org.openqa.selenium.remote.HttpCommandExecutor.execute(HttpCommandExecutor.java:158)
	at org.openqa.selenium.remote.service.DriverCommandExecutor.execute(DriverCommandExecutor.java:83)
	at org.openqa.selenium.remote.RemoteWebDriver.execute(RemoteWebDriver.java:545)
	at org.openqa.selenium.remote.RemoteWebElement.execute(RemoteWebElement.java:279)
	at org.openqa.selenium.remote.RemoteWebElement.sendKeys(RemoteWebElement.java:100)
	at jdk.internal.reflect.GeneratedMethodAccessor6.invoke(Unknown Source)
	at java.base/jdk.internal.reflect.DelegatingMethodAccessorImpl.invoke(DelegatingMethodAccessorImpl.java:43)
	at java.base/java.lang.reflect.Method.invoke(Method.java:564)
	at org.openqa.selenium.support.events.EventFiringWebDriver$EventFiringWebElement.lambda$new$0(EventFiringWebDriver.java:368)
	at com.sun.proxy.$Proxy18.sendKeys(Unknown Source)
	at org.openqa.selenium.support.events.EventFiringWebDriver$EventFiringWebElement.sendKeys(EventFiringWebDriver.java:390)
	at jdk.internal.reflect.GeneratedMethodAccessor6.invoke(Unknown Source)
	at java.base/jdk.internal.reflect.DelegatingMethodAccessorImpl.invoke(DelegatingMethodAccessorImpl.java:43)
	at java.base/java.lang.reflect.Method.invoke(Method.java:564)
	at org.openqa.selenium.support.pagefactory.internal.LocatingElementHandler.invoke(LocatingElementHandler.java:51)
	at com.sun.proxy.$Proxy17.sendKeys(Unknown Source)
	at com.nomisma.pom.CISPage.AddInvoice(CISPage.java:1256)
	at com.nomisma.scriptscis.AddInvoice.AddInvoices(AddInvoice.java:59)
	at java.base/jdk.internal.reflect.NativeMethodAccessorImpl.invoke0(Native Method)
	at java.base/jdk.internal.reflect.NativeMethodAccessorImpl.invoke(NativeMethodAccessorImpl.java:62)
	at java.base/jdk.internal.reflect.DelegatingMethodAccessorImpl.invoke(DelegatingMethodAccessorImpl.java:43)
	at java.base/java.lang.reflect.Method.invoke(Method.java:564)
	at org.testng.internal.MethodInvocationHelper.invokeMethod(MethodInvocationHelper.java:80)
	at org.testng.internal.Invoker.invokeMethod(Invoker.java:714)
	at org.testng.internal.Invoker.invokeTestMethod(Invoker.java:901)
	at org.testng.internal.Invoker.invokeTestMethods(Invoker.java:1231)
	at org.testng.internal.TestMethodWorker.invokeTestMethods(TestMethodWorker.java:127)
	at org.testng.internal.TestMethodWorker.run(TestMethodWorker.java:111)
	at org.testng.TestRunner.privateRun(TestRunner.java:767)
	at org.testng.TestRunner.run(TestRunner.java:617)
	at org.testng.SuiteRunner.runTest(SuiteRunner.java:334)
	at org.testng.SuiteRunner.runSequentially(SuiteRunner.java:329)
	at org.testng.SuiteRunner.privateRun(SuiteRunner.java:291)
	at org.testng.SuiteRunner.run(SuiteRunner.java:240)
	at org.testng.SuiteRunnerWorker.runSuite(SuiteRunnerWorker.java:52)
	at org.testng.SuiteRunnerWorker.run(SuiteRunnerWorker.java:86)
	at org.testng.TestNG.runSuitesSequentially(TestNG.java:1198)
	at org.testng.TestNG.runSuitesLocally(TestNG.java:1123)
	at org.testng.TestNG.run(TestNG.java:1031)
	at org.testng.remote.AbstractRemoteTestNG.run(AbstractRemoteTestNG.java:114)
	at org.testng.remote.RemoteTestNG.initAndRun(RemoteTestNG.java:251)
	at org.testng.remote.RemoteTestNG.main(RemoteTestNG.java:77)
</pre></div></td>
<td>64</td>
<td>com.nomisma.scriptscis.AddInvoice@1349883</td></tr>
</table><p>
</body>
</html>