<html>
<head>
<title>TestNG:  MTRtestCase37_2019</title>
<link href="../testng.css" rel="stylesheet" type="text/css" />
<link href="../my-testng.css" rel="stylesheet" type="text/css" />

<style type="text/css">
.log { display: none;} 
.stack-trace { display: none;} 
</style>
<script type="text/javascript">
<!--
function flip(e) {
  current = e.style.display;
  if (current == 'block') {
    e.style.display = 'none';
    return 0;
  }
  else {
    e.style.display = 'block';
    return 1;
  }
}

function toggleBox(szDivId, elem, msg1, msg2)
{
  var res = -1;  if (document.getElementById) {
    res = flip(document.getElementById(szDivId));
  }
  else if (document.all) {
    // this is the way old msie versions work
    res = flip(document.all[szDivId]);
  }
  if(elem) {
    if(res == 0) elem.innerHTML = msg1; else elem.innerHTML = msg2;
  }

}

function toggleAllBoxes() {
  if (document.getElementsByTagName) {
    d = document.getElementsByTagName('div');
    for (i = 0; i < d.length; i++) {
      if (d[i].className == 'log') {
        flip(d[i]);
      }
    }
  }
}

// -->
</script>

</head>
<body>
<h2 align='center'>MTRtestCase37_2019</h2><table border='1' align="center">
<tr>
<td>Tests passed/Failed/Skipped:</td><td>0/2/0</td>
</tr><tr>
<td>Started on:</td><td>Wed Jan 22 20:11:41 IST 2020</td>
</tr>
<tr><td>Total time:</td><td>280 seconds (280575 ms)</td>
</tr><tr>
<td>Included groups:</td><td></td>
</tr><tr>
<td>Excluded groups:</td><td></td>
</tr>
</table><p/>
<small><i>(Hover the method name to see the test class name)</i></small><p/>
<table width='100%' border='1' class='invocation-failed'>
<tr><td colspan='4' align='center'><b>FAILED TESTS</b></td></tr>
<tr><td><b>Test method</b></td>
<td width="30%"><b>Exception</b></td>
<td width="10%"><b>Time (seconds)</b></td>
<td><b>Instance</b></td>
</tr>
<tr>
<td title='com.nomisma.SAMTR_Scripts2019.MTRTestScenario37.funcDelTestCase37()'><b>funcDelTestCase37</b><br>Test class: com.nomisma.SAMTR_Scripts2019.MTRTestScenario37<br/>
<a href="#Output-917156101" onClick='toggleBox("Output-917156101", this, "Show output", "Hide output");'>Show output</a>

<a href="#Output-917156101" onClick="toggleAllBoxes();">Show all outputs</a>
<div class='log' id="Output-917156101">
WebElement to be clicked [[ChromeDriver: chrome on XP (65198f0f0fd7281a137df393b4236130)] -> id: ctl00_cPH_btnLogin]<br/>
After click [[ChromeDriver: chrome on XP (65198f0f0fd7281a137df393b4236130)] -> id: ctl00_cPH_btnLogin]<br/>
WebElement [[ChromeDriver: chrome on XP (65198f0f0fd7281a137df393b4236130)] -> id: ctl00_cPH_btnLogin] clicked<br/>
WebElement to be clicked [[ChromeDriver: chrome on XP (65198f0f0fd7281a137df393b4236130)] -> id: ctl00_cPHFilter_btnSearch]<br/>
After click [[ChromeDriver: chrome on XP (65198f0f0fd7281a137df393b4236130)] -> id: ctl00_cPHFilter_btnSearch]<br/>
WebElement [[ChromeDriver: chrome on XP (65198f0f0fd7281a137df393b4236130)] -> id: ctl00_cPHFilter_btnSearch] clicked<br/>
WebElement to be clicked [[ChromeDriver: chrome on XP (65198f0f0fd7281a137df393b4236130)] -> xpath: //div[@class='outerT-dash outerT-dash_Print']//table//tbody//tr//td[contains(text(),'MTRTestCases2019')]]<br/>
After click [[ChromeDriver: chrome on XP (65198f0f0fd7281a137df393b4236130)] -> xpath: //div[@class='outerT-dash outerT-dash_Print']//table//tbody//tr//td[contains(text(),'MTRTestCases2019')]]<br/>
WebElement [[ChromeDriver: chrome on XP (65198f0f0fd7281a137df393b4236130)] -> xpath: //div[@class='outerT-dash outerT-dash_Print']//table//tbody//tr//td[contains(text(),'MTRTestCases2019')]] clicked<br/>
Agent window is displayed<br/>
WebElement to be clicked [[ChromeDriver: chrome on XP (65198f0f0fd7281a137df393b4236130)] -> xpath: //span[contains(text(),'Self Assessment')]]<br/>
After click [[ChromeDriver: chrome on XP (65198f0f0fd7281a137df393b4236130)] -> xpath: //span[contains(text(),'Self Assessment')]]<br/>
WebElement [[ChromeDriver: chrome on XP (65198f0f0fd7281a137df393b4236130)] -> xpath: //span[contains(text(),'Self Assessment')]] clicked<br/>
WebElement to be clicked [[ChromeDriver: chrome on XP (65198f0f0fd7281a137df393b4236130)] -> xpath: //a[contains(text(),'Client List')]]<br/>
After click [[ChromeDriver: chrome on XP (65198f0f0fd7281a137df393b4236130)] -> xpath: //a[contains(text(),'Client List')]]<br/>
WebElement [[ChromeDriver: chrome on XP (65198f0f0fd7281a137df393b4236130)] -> xpath: //a[contains(text(),'Client List')]] clicked<br/>
Client Link Clicked<br/>
WebElement to be clicked [[ChromeDriver: chrome on XP (65198f0f0fd7281a137df393b4236130)] -> id: ctl00_ctl00_ParentContent_cpHeaderRight_LinkButtonEx1]<br/>
After click [[ChromeDriver: chrome on XP (65198f0f0fd7281a137df393b4236130)] -> id: ctl00_ctl00_ParentContent_cpHeaderRight_LinkButtonEx1]<br/>
WebElement [[ChromeDriver: chrome on XP (65198f0f0fd7281a137df393b4236130)] -> id: ctl00_ctl00_ParentContent_cpHeaderRight_LinkButtonEx1] clicked<br/>
WebElement to be clicked [[ChromeDriver: chrome on XP (65198f0f0fd7281a137df393b4236130)] -> id: ctl00_ctl00_ParentContent_cPHFilter_btnSearch]<br/>
After click [[ChromeDriver: chrome on XP (65198f0f0fd7281a137df393b4236130)] -> id: ctl00_ctl00_ParentContent_cPHFilter_btnSearch]<br/>
WebElement [[ChromeDriver: chrome on XP (65198f0f0fd7281a137df393b4236130)] -> id: ctl00_ctl00_ParentContent_cPHFilter_btnSearch] clicked<br/>
WebElement to be clicked [[ChromeDriver: chrome on XP (65198f0f0fd7281a137df393b4236130)] -> xpath: //a[contains(text(),'MTRTestCase37')]]<br/>
After click [[ChromeDriver: chrome on XP (65198f0f0fd7281a137df393b4236130)] -> xpath: //a[contains(text(),'MTRTestCase37')]]<br/>
WebElement [[ChromeDriver: chrome on XP (65198f0f0fd7281a137df393b4236130)] -> xpath: //a[contains(text(),'MTRTestCase37')]] clicked<br/>
Client Selected for Test Case 37<br/>
Deleting MTR Test Case 37<br/>
WebElement to be clicked [[ChromeDriver: chrome on XP (65198f0f0fd7281a137df393b4236130)] -> xpath: //span[contains(text(),'Tax Return')]]<br/>
After click [[ChromeDriver: chrome on XP (65198f0f0fd7281a137df393b4236130)] -> xpath: //span[contains(text(),'Tax Return')]]<br/>
WebElement [[ChromeDriver: chrome on XP (65198f0f0fd7281a137df393b4236130)] -> xpath: //span[contains(text(),'Tax Return')]] clicked<br/>
WebElement to be clicked [[ChromeDriver: chrome on XP (65198f0f0fd7281a137df393b4236130)] -> xpath: //a[contains(text(),'Submit to HMRC')]]<br/>
After click [[ChromeDriver: chrome on XP (65198f0f0fd7281a137df393b4236130)] -> xpath: //a[contains(text(),'Submit to HMRC')]]<br/>
WebElement [[ChromeDriver: chrome on XP (65198f0f0fd7281a137df393b4236130)] -> xpath: //a[contains(text(),'Submit to HMRC')]] clicked<br/>
Page Refreshed<br/>
Lock button Enabled<br/>
WebElement to be clicked [[ChromeDriver: chrome on XP (65198f0f0fd7281a137df393b4236130)] -> xpath: //main/div/div[2]/ul/li[5]/a/span]<br/>
After click [[ChromeDriver: chrome on XP (65198f0f0fd7281a137df393b4236130)] -> xpath: //main/div/div[2]/ul/li[5]/a/span]<br/>
WebElement [[ChromeDriver: chrome on XP (65198f0f0fd7281a137df393b4236130)] -> xpath: //main/div/div[2]/ul/li[5]/a/span] clicked<br/>
WebElement to be clicked [[ChromeDriver: chrome on XP (65198f0f0fd7281a137df393b4236130)] -> xpath: //a[contains(text(),'Dividend, Bank Interest, Pensions & Other UK Income')]]<br/>
After click [[ChromeDriver: chrome on XP (65198f0f0fd7281a137df393b4236130)] -> xpath: //a[contains(text(),'Dividend, Bank Interest, Pensions & Other UK Income')]]<br/>
WebElement [[ChromeDriver: chrome on XP (65198f0f0fd7281a137df393b4236130)] -> xpath: //a[contains(text(),'Dividend, Bank Interest, Pensions & Other UK Income')]] clicked<br/>
WebElement to be clicked [[ChromeDriver: chrome on XP (65198f0f0fd7281a137df393b4236130)] -> id: ctl00_cPH_rptrBankInterest_ctl00_hrefDelete]<br/>
After click [[ChromeDriver: chrome on XP (65198f0f0fd7281a137df393b4236130)] -> id: ctl00_cPH_rptrBankInterest_ctl00_hrefDelete]<br/>
WebElement [[ChromeDriver: chrome on XP (65198f0f0fd7281a137df393b4236130)] -> id: ctl00_cPH_rptrBankInterest_ctl00_hrefDelete] clicked<br/>
WebElement to be clicked [[ChromeDriver: chrome on XP (65198f0f0fd7281a137df393b4236130)] -> id: ctl00_cpHFooter_btnDelete]<br/>
After click [[ChromeDriver: chrome on XP (65198f0f0fd7281a137df393b4236130)] -> id: ctl00_cpHFooter_btnDelete]<br/>
WebElement [[ChromeDriver: chrome on XP (65198f0f0fd7281a137df393b4236130)] -> id: ctl00_cpHFooter_btnDelete] clicked<br/>
Page Refreshed<br/>
Interest deleted successfully<br/>
Interest from UK banks, building societies etc. is deleted<br/>
WebElement to be clicked [[ChromeDriver: chrome on XP (65198f0f0fd7281a137df393b4236130)] -> xpath: //img[@alt='Delete']]<br/>
After click [[ChromeDriver: chrome on XP (65198f0f0fd7281a137df393b4236130)] -> xpath: //img[@alt='Delete']]<br/>
WebElement [[ChromeDriver: chrome on XP (65198f0f0fd7281a137df393b4236130)] -> xpath: //img[@alt='Delete']] clicked<br/>
WebElement to be clicked [[ChromeDriver: chrome on XP (65198f0f0fd7281a137df393b4236130)] -> id: ctl00_cpHFooter_btnDelete]<br/>
After click [[ChromeDriver: chrome on XP (65198f0f0fd7281a137df393b4236130)] -> id: ctl00_cpHFooter_btnDelete]<br/>
WebElement [[ChromeDriver: chrome on XP (65198f0f0fd7281a137df393b4236130)] -> id: ctl00_cpHFooter_btnDelete] clicked<br/>
Page Refreshed<br/>
WebElement to be clicked [[ChromeDriver: chrome on XP (65198f0f0fd7281a137df393b4236130)] -> id: ctl00_cPH_img1]<br/>
After click [[ChromeDriver: chrome on XP (65198f0f0fd7281a137df393b4236130)] -> id: ctl00_cPH_img1]<br/>
WebElement [[ChromeDriver: chrome on XP (65198f0f0fd7281a137df393b4236130)] -> id: ctl00_cPH_img1] clicked<br/>
WebElement to be clicked [[ChromeDriver: chrome on XP (65198f0f0fd7281a137df393b4236130)] -> id: ctl00_cpHFooter_btnSaveIncome]<br/>
After click [[ChromeDriver: chrome on XP (65198f0f0fd7281a137df393b4236130)] -> id: ctl00_cpHFooter_btnSaveIncome]<br/>
WebElement [[ChromeDriver: chrome on XP (65198f0f0fd7281a137df393b4236130)] -> id: ctl00_cpHFooter_btnSaveIncome] clicked<br/>
banks name deleted successfully<br/>
Page Refreshed<br/>
WebElement to be clicked [[ChromeDriver: chrome on XP (65198f0f0fd7281a137df393b4236130)] -> id: ctl00_cPH_img3]<br/>
After click [[ChromeDriver: chrome on XP (65198f0f0fd7281a137df393b4236130)] -> id: ctl00_cPH_img3]<br/>
WebElement [[ChromeDriver: chrome on XP (65198f0f0fd7281a137df393b4236130)] -> id: ctl00_cPH_img3] clicked<br/>
WebElement to be clicked [[ChromeDriver: chrome on XP (65198f0f0fd7281a137df393b4236130)] -> id: ctl00_cpHFooter_btnSave]<br/>
After click [[ChromeDriver: chrome on XP (65198f0f0fd7281a137df393b4236130)] -> id: ctl00_cpHFooter_btnSave]<br/>
WebElement [[ChromeDriver: chrome on XP (65198f0f0fd7281a137df393b4236130)] -> id: ctl00_cpHFooter_btnSave] clicked<br/>
Other Divident income deleted successfully<br/>
WebElement to be clicked [[ChromeDriver: chrome on XP (65198f0f0fd7281a137df393b4236130)] -> xpath: //main/div/div[2]/ul/li[5]/a/span]<br/>
After click [[ChromeDriver: chrome on XP (65198f0f0fd7281a137df393b4236130)] -> xpath: //main/div/div[2]/ul/li[5]/a/span]<br/>
WebElement [[ChromeDriver: chrome on XP (65198f0f0fd7281a137df393b4236130)] -> xpath: //main/div/div[2]/ul/li[5]/a/span] clicked<br/>
WebElement to be clicked [[ChromeDriver: chrome on XP (65198f0f0fd7281a137df393b4236130)] -> xpath: //main/div/div[2]/ul/li[5]/a/span]<br/>
After click [[ChromeDriver: chrome on XP (65198f0f0fd7281a137df393b4236130)] -> xpath: //main/div/div[2]/ul/li[5]/a/span]<br/>
WebElement [[ChromeDriver: chrome on XP (65198f0f0fd7281a137df393b4236130)] -> xpath: //main/div/div[2]/ul/li[5]/a/span] clicked<br/>
WebElement to be clicked [[ChromeDriver: chrome on XP (65198f0f0fd7281a137df393b4236130)] -> xpath: //a[contains(text(),'Self Employment')]]<br/>
After click [[ChromeDriver: chrome on XP (65198f0f0fd7281a137df393b4236130)] -> xpath: //a[contains(text(),'Self Employment')]]<br/>
WebElement [[ChromeDriver: chrome on XP (65198f0f0fd7281a137df393b4236130)] -> xpath: //a[contains(text(),'Self Employment')]] clicked<br/>
Self employment link is clicked in first click only<br/>
Test execution is in onTestFailure method<br/>
<img src=".\..\screenshots\Failure\MTRTestScenario37.funcDelTestCase37 - 22-Jan-2020__08_16_20PM.png" style=width:400px><br/>
</div>
</td>
<td><div><pre>org.openqa.selenium.TimeoutException: Expected condition failed: waiting for visibility of Proxy element for: DefaultElementLocator &apos;By.id: ctl00_cPH_rptrDisplayRecords_ctl00_hrefDelete&apos; (tried for 10 second(s) with 500 milliseconds interval)
	at org.openqa.selenium.support.ui.WebDriverWait.timeoutException(WebDriverWait.java:81)
	at org.openqa.selenium.support.ui.FluentWait.until(FluentWait.java:271)
	at com.nomisma.generic.WaitStatementLib.explicitWait(WaitStatementLib.java:30)
	at com.nomisma.SelfAssessmentpom2019.SAPOM2019.delSEshort(SAPOM2019.java:5516)
	at com.nomisma.SelfAssessmentpom2019.SAPOM2019.funcDelMTRTest37(SAPOM2019.java:11821)
	at com.nomisma.SAMTR_Scripts2019.MTRTestScenario37.funcDelTestCase37(MTRTestScenario37.java:119)
	at java.base/jdk.internal.reflect.NativeMethodAccessorImpl.invoke0(Native Method)
	at java.base/jdk.internal.reflect.NativeMethodAccessorImpl.invoke(NativeMethodAccessorImpl.java:62)
	at java.base/jdk.internal.reflect.DelegatingMethodAccessorImpl.invoke(DelegatingMethodAccessorImpl.java:43)
	at java.base/java.lang.reflect.Method.invoke(Method.java:564)
	at org.testng.internal.MethodInvocationHelper.invokeMethod(MethodInvocationHelper.java:80)
	at org.testng.internal.Invoker.invokeMethod(Invoker.java:714)
	at org.testng.internal.Invoker.invokeTestMethod(Invoker.java:901)
	at org.testng.internal.Invoker.invokeTestMethods(Invoker.java:1231)
	at org.testng.internal.TestMethodWorker.invokeTestMethods(TestMethodWorker.java:127)
	at org.testng.internal.TestMethodWorker.run(TestMethodWorker.java:111)
	at org.testng.TestRunner.privateRun(TestRunner.java:767)
	at org.testng.TestRunner.run(TestRunner.java:617)
	at org.testng.SuiteRunner.runTest(SuiteRunner.java:334)
	at org.testng.SuiteRunner.runSequentially(SuiteRunner.java:329)
	at org.testng.SuiteRunner.privateRun(SuiteRunner.java:291)
	at org.testng.SuiteRunner.run(SuiteRunner.java:240)
	at org.testng.SuiteRunnerWorker.runSuite(SuiteRunnerWorker.java:52)
	at org.testng.SuiteRunnerWorker.run(SuiteRunnerWorker.java:86)
	at org.testng.TestNG.runSuitesSequentially(TestNG.java:1198)
	at org.testng.TestNG.runSuitesLocally(TestNG.java:1123)
	at org.testng.TestNG.run(TestNG.java:1031)
	at org.testng.remote.AbstractRemoteTestNG.run(AbstractRemoteTestNG.java:114)
	at org.testng.remote.RemoteTestNG.initAndRun(RemoteTestNG.java:251)
	at org.testng.remote.RemoteTestNG.main(RemoteTestNG.java:77)
Caused by: org.openqa.selenium.NoSuchElementException: no such element: Unable to locate element: {&quot;method&quot;:&quot;id&quot;,&quot;selector&quot;:&quot;ctl00_cPH_rptrDisplayRecords_ctl00_hrefDelete&quot;}
  (Session info: chrome=71.0.3578.98)
  (Driver info: chromedriver=2.46.628402 (536cd7adbad73a3783fdc2cab92ab2ba7ec361e1),platform=Windows NT 10.0.18362 x86_64) (WARNING: The server did not provide any stacktrace information)
Command duration or timeout: 0 milliseconds
For documentation on this error, please visit: http://seleniumhq.org/exceptions/no_such_element.html
Build info: version: &apos;3.11.0&apos;, revision: &apos;e59cfb3&apos;, time: &apos;2018-03-11T20:26:55.152Z&apos;
System info: host: &apos;NOM_ANJALI&apos;, ip: &apos;192.168.1.126&apos;, os.name: &apos;Windows 10&apos;, os.arch: &apos;amd64&apos;, os.version: &apos;10.0&apos;, java.version: &apos;10.0.1&apos;
Driver info: org.openqa.selenium.chrome.ChromeDriver
Capabilities {acceptInsecureCerts: false, acceptSslCerts: false, applicationCacheEnabled: false, browserConnectionEnabled: false, browserName: chrome, chrome: {chromedriverVersion: 2.46.628402 (536cd7adbad73a..., userDataDir: C:\Users\ADMINI~1\AppData\L...}, cssSelectorsEnabled: true, databaseEnabled: false, goog:chromeOptions: {debuggerAddress: localhost:28609}, handlesAlerts: true, hasTouchScreen: false, javascriptEnabled: true, locationContextEnabled: true, mobileEmulationEnabled: false, nativeEvents: true, networkConnectionEnabled: false, pageLoadStrategy: normal, platform: XP, platformName: XP, proxy: Proxy(), rotatable: false, setWindowRect: true, strictFileInteractability: false, takesHeapSnapshot: true, takesScreenshot: true, timeouts: {implicit: 0, pageLoad: 300000, script: 30000}, unexpectedAlertBehaviour: ignore, unhandledPromptBehavior: ignore, version: 71.0.3578.98, webStorageEnabled: true}
Session ID: 65198f0f0fd7281a137df393b4236130
*** Element info: {Using=id, value=ctl00_cPH_rptrDisplayRecords_ctl00_hrefDelete}
	at jdk.internal.reflect.GeneratedConstructorAccessor19.newInstance(Unknown Source)
	at java.base/jdk.internal.reflect.DelegatingConstructorAccessorImpl.newInstance(DelegatingConstructorAccessorImpl.java:45)
	at java.base/java.lang.reflect.Constructor.newInstance(Constructor.java:488)
	at org.openqa.selenium.remote.ErrorHandler.createThrowable(ErrorHandler.java:214)
	at org.openqa.selenium.remote.ErrorHandler.throwIfResponseFailed(ErrorHandler.java:166)
	at org.openqa.selenium.remote.http.JsonHttpResponseCodec.reconstructValue(JsonHttpResponseCodec.java:40)
	at org.openqa.selenium.remote.http.AbstractHttpResponseCodec.decode(AbstractHttpResponseCodec.java:80)
	at org.openqa.selenium.remote.http.AbstractHttpResponseCodec.decode(AbstractHttpResponseCodec.java:44)
	at org.openqa.selenium.remote.HttpCommandExecutor.execute(HttpCommandExecutor.java:158)
	at org.openqa.selenium.remote.service.DriverCommandExecutor.execute(DriverCommandExecutor.java:83)
	at org.openqa.selenium.remote.RemoteWebDriver.execute(RemoteWebDriver.java:545)
	at org.openqa.selenium.remote.RemoteWebDriver.findElement(RemoteWebDriver.java:319)
	at org.openqa.selenium.remote.RemoteWebDriver.findElementById(RemoteWebDriver.java:365)
	at org.openqa.selenium.By$ById.findElement(By.java:218)
	at org.openqa.selenium.remote.RemoteWebDriver.findElement(RemoteWebDriver.java:311)
	at jdk.internal.reflect.GeneratedMethodAccessor4.invoke(Unknown Source)
	at java.base/jdk.internal.reflect.DelegatingMethodAccessorImpl.invoke(DelegatingMethodAccessorImpl.java:43)
	at java.base/java.lang.reflect.Method.invoke(Method.java:564)
	at org.openqa.selenium.support.events.EventFiringWebDriver.lambda$new$1(EventFiringWebDriver.java:103)
	at com.sun.proxy.$Proxy14.findElement(Unknown Source)
	at org.openqa.selenium.support.events.EventFiringWebDriver.findElement(EventFiringWebDriver.java:186)
	at org.openqa.selenium.support.pagefactory.DefaultElementLocator.findElement(DefaultElementLocator.java:69)
	at org.openqa.selenium.support.pagefactory.internal.LocatingElementHandler.invoke(LocatingElementHandler.java:38)
	at com.sun.proxy.$Proxy18.isDisplayed(Unknown Source)
	at org.openqa.selenium.support.ui.ExpectedConditions.elementIfVisible(ExpectedConditions.java:315)
	at org.openqa.selenium.support.ui.ExpectedConditions.access$100(ExpectedConditions.java:44)
	at org.openqa.selenium.support.ui.ExpectedConditions$10.apply(ExpectedConditions.java:301)
	at org.openqa.selenium.support.ui.ExpectedConditions$10.apply(ExpectedConditions.java:298)
	at org.openqa.selenium.support.ui.FluentWait.until(FluentWait.java:248)
	... 28 more
</pre></div><a href='#' onClick='toggleBox("stack-trace917156101", this, "Click to show all stack frames", "Click to hide stack frames")'>Click to show all stack frames</a>
<div class='stack-trace' id='stack-trace917156101'><pre>org.openqa.selenium.TimeoutException: Expected condition failed: waiting for visibility of Proxy element for: DefaultElementLocator &apos;By.id: ctl00_cPH_rptrDisplayRecords_ctl00_hrefDelete&apos; (tried for 10 second(s) with 500 milliseconds interval)
	at org.openqa.selenium.support.ui.WebDriverWait.timeoutException(WebDriverWait.java:81)
	at org.openqa.selenium.support.ui.FluentWait.until(FluentWait.java:271)
	at com.nomisma.generic.WaitStatementLib.explicitWait(WaitStatementLib.java:30)
	at com.nomisma.SelfAssessmentpom2019.SAPOM2019.delSEshort(SAPOM2019.java:5516)
	at com.nomisma.SelfAssessmentpom2019.SAPOM2019.funcDelMTRTest37(SAPOM2019.java:11821)
	at com.nomisma.SAMTR_Scripts2019.MTRTestScenario37.funcDelTestCase37(MTRTestScenario37.java:119)
	at java.base/jdk.internal.reflect.NativeMethodAccessorImpl.invoke0(Native Method)
	at java.base/jdk.internal.reflect.NativeMethodAccessorImpl.invoke(NativeMethodAccessorImpl.java:62)
	at java.base/jdk.internal.reflect.DelegatingMethodAccessorImpl.invoke(DelegatingMethodAccessorImpl.java:43)
	at java.base/java.lang.reflect.Method.invoke(Method.java:564)
	at org.testng.internal.MethodInvocationHelper.invokeMethod(MethodInvocationHelper.java:80)
	at org.testng.internal.Invoker.invokeMethod(Invoker.java:714)
	at org.testng.internal.Invoker.invokeTestMethod(Invoker.java:901)
	at org.testng.internal.Invoker.invokeTestMethods(Invoker.java:1231)
	at org.testng.internal.TestMethodWorker.invokeTestMethods(TestMethodWorker.java:127)
	at org.testng.internal.TestMethodWorker.run(TestMethodWorker.java:111)
	at org.testng.TestRunner.privateRun(TestRunner.java:767)
	at org.testng.TestRunner.run(TestRunner.java:617)
	at org.testng.SuiteRunner.runTest(SuiteRunner.java:334)
	at org.testng.SuiteRunner.runSequentially(SuiteRunner.java:329)
	at org.testng.SuiteRunner.privateRun(SuiteRunner.java:291)
	at org.testng.SuiteRunner.run(SuiteRunner.java:240)
	at org.testng.SuiteRunnerWorker.runSuite(SuiteRunnerWorker.java:52)
	at org.testng.SuiteRunnerWorker.run(SuiteRunnerWorker.java:86)
	at org.testng.TestNG.runSuitesSequentially(TestNG.java:1198)
	at org.testng.TestNG.runSuitesLocally(TestNG.java:1123)
	at org.testng.TestNG.run(TestNG.java:1031)
	at org.testng.remote.AbstractRemoteTestNG.run(AbstractRemoteTestNG.java:114)
	at org.testng.remote.RemoteTestNG.initAndRun(RemoteTestNG.java:251)
	at org.testng.remote.RemoteTestNG.main(RemoteTestNG.java:77)
Caused by: org.openqa.selenium.NoSuchElementException: no such element: Unable to locate element: {&quot;method&quot;:&quot;id&quot;,&quot;selector&quot;:&quot;ctl00_cPH_rptrDisplayRecords_ctl00_hrefDelete&quot;}
  (Session info: chrome=71.0.3578.98)
  (Driver info: chromedriver=2.46.628402 (536cd7adbad73a3783fdc2cab92ab2ba7ec361e1),platform=Windows NT 10.0.18362 x86_64) (WARNING: The server did not provide any stacktrace information)
Command duration or timeout: 0 milliseconds
For documentation on this error, please visit: http://seleniumhq.org/exceptions/no_such_element.html
Build info: version: &apos;3.11.0&apos;, revision: &apos;e59cfb3&apos;, time: &apos;2018-03-11T20:26:55.152Z&apos;
System info: host: &apos;NOM_ANJALI&apos;, ip: &apos;192.168.1.126&apos;, os.name: &apos;Windows 10&apos;, os.arch: &apos;amd64&apos;, os.version: &apos;10.0&apos;, java.version: &apos;10.0.1&apos;
Driver info: org.openqa.selenium.chrome.ChromeDriver
Capabilities {acceptInsecureCerts: false, acceptSslCerts: false, applicationCacheEnabled: false, browserConnectionEnabled: false, browserName: chrome, chrome: {chromedriverVersion: 2.46.628402 (536cd7adbad73a..., userDataDir: C:\Users\ADMINI~1\AppData\L...}, cssSelectorsEnabled: true, databaseEnabled: false, goog:chromeOptions: {debuggerAddress: localhost:28609}, handlesAlerts: true, hasTouchScreen: false, javascriptEnabled: true, locationContextEnabled: true, mobileEmulationEnabled: false, nativeEvents: true, networkConnectionEnabled: false, pageLoadStrategy: normal, platform: XP, platformName: XP, proxy: Proxy(), rotatable: false, setWindowRect: true, strictFileInteractability: false, takesHeapSnapshot: true, takesScreenshot: true, timeouts: {implicit: 0, pageLoad: 300000, script: 30000}, unexpectedAlertBehaviour: ignore, unhandledPromptBehavior: ignore, version: 71.0.3578.98, webStorageEnabled: true}
Session ID: 65198f0f0fd7281a137df393b4236130
*** Element info: {Using=id, value=ctl00_cPH_rptrDisplayRecords_ctl00_hrefDelete}
	at jdk.internal.reflect.GeneratedConstructorAccessor19.newInstance(Unknown Source)
	at java.base/jdk.internal.reflect.DelegatingConstructorAccessorImpl.newInstance(DelegatingConstructorAccessorImpl.java:45)
	at java.base/java.lang.reflect.Constructor.newInstance(Constructor.java:488)
	at org.openqa.selenium.remote.ErrorHandler.createThrowable(ErrorHandler.java:214)
	at org.openqa.selenium.remote.ErrorHandler.throwIfResponseFailed(ErrorHandler.java:166)
	at org.openqa.selenium.remote.http.JsonHttpResponseCodec.reconstructValue(JsonHttpResponseCodec.java:40)
	at org.openqa.selenium.remote.http.AbstractHttpResponseCodec.decode(AbstractHttpResponseCodec.java:80)
	at org.openqa.selenium.remote.http.AbstractHttpResponseCodec.decode(AbstractHttpResponseCodec.java:44)
	at org.openqa.selenium.remote.HttpCommandExecutor.execute(HttpCommandExecutor.java:158)
	at org.openqa.selenium.remote.service.DriverCommandExecutor.execute(DriverCommandExecutor.java:83)
	at org.openqa.selenium.remote.RemoteWebDriver.execute(RemoteWebDriver.java:545)
	at org.openqa.selenium.remote.RemoteWebDriver.findElement(RemoteWebDriver.java:319)
	at org.openqa.selenium.remote.RemoteWebDriver.findElementById(RemoteWebDriver.java:365)
	at org.openqa.selenium.By$ById.findElement(By.java:218)
	at org.openqa.selenium.remote.RemoteWebDriver.findElement(RemoteWebDriver.java:311)
	at jdk.internal.reflect.GeneratedMethodAccessor4.invoke(Unknown Source)
	at java.base/jdk.internal.reflect.DelegatingMethodAccessorImpl.invoke(DelegatingMethodAccessorImpl.java:43)
	at java.base/java.lang.reflect.Method.invoke(Method.java:564)
	at org.openqa.selenium.support.events.EventFiringWebDriver.lambda$new$1(EventFiringWebDriver.java:103)
	at com.sun.proxy.$Proxy14.findElement(Unknown Source)
	at org.openqa.selenium.support.events.EventFiringWebDriver.findElement(EventFiringWebDriver.java:186)
	at org.openqa.selenium.support.pagefactory.DefaultElementLocator.findElement(DefaultElementLocator.java:69)
	at org.openqa.selenium.support.pagefactory.internal.LocatingElementHandler.invoke(LocatingElementHandler.java:38)
	at com.sun.proxy.$Proxy18.isDisplayed(Unknown Source)
	at org.openqa.selenium.support.ui.ExpectedConditions.elementIfVisible(ExpectedConditions.java:315)
	at org.openqa.selenium.support.ui.ExpectedConditions.access$100(ExpectedConditions.java:44)
	at org.openqa.selenium.support.ui.ExpectedConditions$10.apply(ExpectedConditions.java:301)
	at org.openqa.selenium.support.ui.ExpectedConditions$10.apply(ExpectedConditions.java:298)
	at org.openqa.selenium.support.ui.FluentWait.until(FluentWait.java:248)
	... 28 more
</pre></div></td>
<td>148</td>
<td>com.nomisma.SAMTR_Scripts2019.MTRTestScenario37@41294f8</td></tr>
<tr>
<td title='com.nomisma.SAMTR_Scripts2019.MTRTestScenario37.funcTestCase37()'><b>funcTestCase37</b><br>Test class: com.nomisma.SAMTR_Scripts2019.MTRTestScenario37<br/>
<a href="#Output-13950734" onClick='toggleBox("Output-13950734", this, "Show output", "Hide output");'>Show output</a>

<a href="#Output-13950734" onClick="toggleAllBoxes();">Show all outputs</a>
<div class='log' id="Output-13950734">
WebElement to be clicked [[ChromeDriver: chrome on XP (9d15fb91e76965ca428f51ea5d12f509)] -> id: ctl00_cPH_btnLogin]<br/>
After click [[ChromeDriver: chrome on XP (9d15fb91e76965ca428f51ea5d12f509)] -> id: ctl00_cPH_btnLogin]<br/>
WebElement [[ChromeDriver: chrome on XP (9d15fb91e76965ca428f51ea5d12f509)] -> id: ctl00_cPH_btnLogin] clicked<br/>
WebElement to be clicked [[ChromeDriver: chrome on XP (9d15fb91e76965ca428f51ea5d12f509)] -> id: ctl00_cPHFilter_btnSearch]<br/>
After click [[ChromeDriver: chrome on XP (9d15fb91e76965ca428f51ea5d12f509)] -> id: ctl00_cPHFilter_btnSearch]<br/>
WebElement [[ChromeDriver: chrome on XP (9d15fb91e76965ca428f51ea5d12f509)] -> id: ctl00_cPHFilter_btnSearch] clicked<br/>
WebElement to be clicked [[ChromeDriver: chrome on XP (9d15fb91e76965ca428f51ea5d12f509)] -> xpath: //div[@class='outerT-dash outerT-dash_Print']//table//tbody//tr//td[contains(text(),'MTRTestCases2019')]]<br/>
After click [[ChromeDriver: chrome on XP (9d15fb91e76965ca428f51ea5d12f509)] -> xpath: //div[@class='outerT-dash outerT-dash_Print']//table//tbody//tr//td[contains(text(),'MTRTestCases2019')]]<br/>
WebElement [[ChromeDriver: chrome on XP (9d15fb91e76965ca428f51ea5d12f509)] -> xpath: //div[@class='outerT-dash outerT-dash_Print']//table//tbody//tr//td[contains(text(),'MTRTestCases2019')]] clicked<br/>
Agent window is displayed<br/>
WebElement to be clicked [[ChromeDriver: chrome on XP (9d15fb91e76965ca428f51ea5d12f509)] -> xpath: //span[contains(text(),'Self Assessment')]]<br/>
After click [[ChromeDriver: chrome on XP (9d15fb91e76965ca428f51ea5d12f509)] -> xpath: //span[contains(text(),'Self Assessment')]]<br/>
WebElement [[ChromeDriver: chrome on XP (9d15fb91e76965ca428f51ea5d12f509)] -> xpath: //span[contains(text(),'Self Assessment')]] clicked<br/>
WebElement to be clicked [[ChromeDriver: chrome on XP (9d15fb91e76965ca428f51ea5d12f509)] -> xpath: //a[contains(text(),'Client List')]]<br/>
After click [[ChromeDriver: chrome on XP (9d15fb91e76965ca428f51ea5d12f509)] -> xpath: //a[contains(text(),'Client List')]]<br/>
WebElement [[ChromeDriver: chrome on XP (9d15fb91e76965ca428f51ea5d12f509)] -> xpath: //a[contains(text(),'Client List')]] clicked<br/>
Client Link Clicked<br/>
WebElement to be clicked [[ChromeDriver: chrome on XP (9d15fb91e76965ca428f51ea5d12f509)] -> id: ctl00_ctl00_ParentContent_cpHeaderRight_LinkButtonEx1]<br/>
After click [[ChromeDriver: chrome on XP (9d15fb91e76965ca428f51ea5d12f509)] -> id: ctl00_ctl00_ParentContent_cpHeaderRight_LinkButtonEx1]<br/>
WebElement [[ChromeDriver: chrome on XP (9d15fb91e76965ca428f51ea5d12f509)] -> id: ctl00_ctl00_ParentContent_cpHeaderRight_LinkButtonEx1] clicked<br/>
WebElement to be clicked [[ChromeDriver: chrome on XP (9d15fb91e76965ca428f51ea5d12f509)] -> id: ctl00_ctl00_ParentContent_cPHFilter_btnSearch]<br/>
After click [[ChromeDriver: chrome on XP (9d15fb91e76965ca428f51ea5d12f509)] -> id: ctl00_ctl00_ParentContent_cPHFilter_btnSearch]<br/>
WebElement [[ChromeDriver: chrome on XP (9d15fb91e76965ca428f51ea5d12f509)] -> id: ctl00_ctl00_ParentContent_cPHFilter_btnSearch] clicked<br/>
WebElement to be clicked [[ChromeDriver: chrome on XP (9d15fb91e76965ca428f51ea5d12f509)] -> xpath: //a[contains(text(),'MTRTestCase37')]]<br/>
After click [[ChromeDriver: chrome on XP (9d15fb91e76965ca428f51ea5d12f509)] -> xpath: //a[contains(text(),'MTRTestCase37')]]<br/>
WebElement [[ChromeDriver: chrome on XP (9d15fb91e76965ca428f51ea5d12f509)] -> xpath: //a[contains(text(),'MTRTestCase37')]] clicked<br/>
Client Selected for Test Case 37<br/>
Exceuting MTR Test Case 37<br/>
WebElement to be clicked [[ChromeDriver: chrome on XP (9d15fb91e76965ca428f51ea5d12f509)] -> xpath: //main/div/div[2]/ul/li[5]/a/span]<br/>
After click [[ChromeDriver: chrome on XP (9d15fb91e76965ca428f51ea5d12f509)] -> xpath: //main/div/div[2]/ul/li[5]/a/span]<br/>
WebElement [[ChromeDriver: chrome on XP (9d15fb91e76965ca428f51ea5d12f509)] -> xpath: //main/div/div[2]/ul/li[5]/a/span] clicked<br/>
WebElement to be clicked [[ChromeDriver: chrome on XP (9d15fb91e76965ca428f51ea5d12f509)] -> xpath: //a[contains(text(),'Dividend, Bank Interest, Pensions & Other UK Income')]]<br/>
After click [[ChromeDriver: chrome on XP (9d15fb91e76965ca428f51ea5d12f509)] -> xpath: //a[contains(text(),'Dividend, Bank Interest, Pensions & Other UK Income')]]<br/>
WebElement [[ChromeDriver: chrome on XP (9d15fb91e76965ca428f51ea5d12f509)] -> xpath: //a[contains(text(),'Dividend, Bank Interest, Pensions & Other UK Income')]] clicked<br/>
WebElement to be clicked [[ChromeDriver: chrome on XP (9d15fb91e76965ca428f51ea5d12f509)] -> xpath: //a[contains(text(),'Dividend, Bank Interest, Pensions & Other UK Income')]]<br/>
After click [[ChromeDriver: chrome on XP (9d15fb91e76965ca428f51ea5d12f509)] -> xpath: //a[contains(text(),'Dividend, Bank Interest, Pensions & Other UK Income')]]<br/>
WebElement [[ChromeDriver: chrome on XP (9d15fb91e76965ca428f51ea5d12f509)] -> xpath: //a[contains(text(),'Dividend, Bank Interest, Pensions & Other UK Income')]] clicked<br/>
WebElement to be clicked [[ChromeDriver: chrome on XP (9d15fb91e76965ca428f51ea5d12f509)] -> xpath: (//div[@class='infoNote-top']/a)[3]]<br/>
After click [[ChromeDriver: chrome on XP (9d15fb91e76965ca428f51ea5d12f509)] -> xpath: (//div[@class='infoNote-top']/a)[3]]<br/>
WebElement [[ChromeDriver: chrome on XP (9d15fb91e76965ca428f51ea5d12f509)] -> xpath: (//div[@class='infoNote-top']/a)[3]] clicked<br/>
WebElement to be clicked [[[[ChromeDriver: chrome on XP (9d15fb91e76965ca428f51ea5d12f509)] -> id: ctl00_cPH_ddlBanksMaster]] -> xpath: .//option[normalize-space(.) = "Bank of scotland"]]<br/>
After click [[[[ChromeDriver: chrome on XP (9d15fb91e76965ca428f51ea5d12f509)] -> id: ctl00_cPH_ddlBanksMaster]] -> xpath: .//option[normalize-space(.) = "Bank of scotland"]]<br/>
WebElement [[[[ChromeDriver: chrome on XP (9d15fb91e76965ca428f51ea5d12f509)] -> id: ctl00_cPH_ddlBanksMaster]] -> xpath: .//option[normalize-space(.) = "Bank of scotland"]] clicked<br/>
WebElement to be clicked [[ChromeDriver: chrome on XP (9d15fb91e76965ca428f51ea5d12f509)] -> id: ctl00_cpHFooter_btnSave]<br/>
After click [[ChromeDriver: chrome on XP (9d15fb91e76965ca428f51ea5d12f509)] -> id: ctl00_cpHFooter_btnSave]<br/>
WebElement [[ChromeDriver: chrome on XP (9d15fb91e76965ca428f51ea5d12f509)] -> id: ctl00_cpHFooter_btnSave] clicked<br/>
Page Refreshed<br/>
Bank name added successfully<br/>
WebElement to be clicked [[ChromeDriver: chrome on XP (9d15fb91e76965ca428f51ea5d12f509)] -> id: img5]<br/>
After click [[ChromeDriver: chrome on XP (9d15fb91e76965ca428f51ea5d12f509)] -> id: img5]<br/>
WebElement [[ChromeDriver: chrome on XP (9d15fb91e76965ca428f51ea5d12f509)] -> id: img5] clicked<br/>
WebElement to be clicked [[ChromeDriver: chrome on XP (9d15fb91e76965ca428f51ea5d12f509)] -> id: ctl00_cPH_rBtnListInterestType_1]<br/>
After click [[ChromeDriver: chrome on XP (9d15fb91e76965ca428f51ea5d12f509)] -> id: ctl00_cPH_rBtnListInterestType_1]<br/>
WebElement [[ChromeDriver: chrome on XP (9d15fb91e76965ca428f51ea5d12f509)] -> id: ctl00_cPH_rBtnListInterestType_1] clicked<br/>
WebElement to be clicked [[ChromeDriver: chrome on XP (9d15fb91e76965ca428f51ea5d12f509)] -> id: ctl00_cpHFooter_btnSave]<br/>
After click [[ChromeDriver: chrome on XP (9d15fb91e76965ca428f51ea5d12f509)] -> id: ctl00_cpHFooter_btnSave]<br/>
WebElement [[ChromeDriver: chrome on XP (9d15fb91e76965ca428f51ea5d12f509)] -> id: ctl00_cpHFooter_btnSave] clicked<br/>
Page Refreshed<br/>
UnTaxed income added successfully<br/>
Interest added Successfully<br/>
WebElement to be clicked [[ChromeDriver: chrome on XP (9d15fb91e76965ca428f51ea5d12f509)] -> id: ctl00_cPH_img3]<br/>
After click [[ChromeDriver: chrome on XP (9d15fb91e76965ca428f51ea5d12f509)] -> id: ctl00_cPH_img3]<br/>
WebElement [[ChromeDriver: chrome on XP (9d15fb91e76965ca428f51ea5d12f509)] -> id: ctl00_cPH_img3] clicked<br/>
WebElement to be clicked [[ChromeDriver: chrome on XP (9d15fb91e76965ca428f51ea5d12f509)] -> id: ctl00_cpHFooter_btnSave]<br/>
After click [[ChromeDriver: chrome on XP (9d15fb91e76965ca428f51ea5d12f509)] -> id: ctl00_cpHFooter_btnSave]<br/>
WebElement [[ChromeDriver: chrome on XP (9d15fb91e76965ca428f51ea5d12f509)] -> id: ctl00_cpHFooter_btnSave] clicked<br/>
Other Divident income added successfully<br/>
WebElement to be clicked [[ChromeDriver: chrome on XP (9d15fb91e76965ca428f51ea5d12f509)] -> xpath: //span[contains(text(),'Tax Reliefs')]]<br/>
After click [[ChromeDriver: chrome on XP (9d15fb91e76965ca428f51ea5d12f509)] -> xpath: //span[contains(text(),'Tax Reliefs')]]<br/>
WebElement [[ChromeDriver: chrome on XP (9d15fb91e76965ca428f51ea5d12f509)] -> xpath: //span[contains(text(),'Tax Reliefs')]] clicked<br/>
WebElement to be clicked [[ChromeDriver: chrome on XP (9d15fb91e76965ca428f51ea5d12f509)] -> xpath: //header/h3[contains(text(),'Marriage Allowance')]//..//div/a]<br/>
After click [[ChromeDriver: chrome on XP (9d15fb91e76965ca428f51ea5d12f509)] -> xpath: //header/h3[contains(text(),'Marriage Allowance')]//..//div/a]<br/>
WebElement [[ChromeDriver: chrome on XP (9d15fb91e76965ca428f51ea5d12f509)] -> xpath: //header/h3[contains(text(),'Marriage Allowance')]//..//div/a] clicked<br/>
WebElement to be clicked [[ChromeDriver: chrome on XP (9d15fb91e76965ca428f51ea5d12f509)] -> id: ctl00_cPH_chkReceiveMarriageAllowanceTO]<br/>
After click [[ChromeDriver: chrome on XP (9d15fb91e76965ca428f51ea5d12f509)] -> id: ctl00_cPH_chkReceiveMarriageAllowanceTO]<br/>
WebElement [[ChromeDriver: chrome on XP (9d15fb91e76965ca428f51ea5d12f509)] -> id: ctl00_cPH_chkReceiveMarriageAllowanceTO] clicked<br/>
WebElement to be clicked [[ChromeDriver: chrome on XP (9d15fb91e76965ca428f51ea5d12f509)] -> id: ctl00_cpHFooter_btnSave]<br/>
After click [[ChromeDriver: chrome on XP (9d15fb91e76965ca428f51ea5d12f509)] -> id: ctl00_cpHFooter_btnSave]<br/>
WebElement [[ChromeDriver: chrome on XP (9d15fb91e76965ca428f51ea5d12f509)] -> id: ctl00_cpHFooter_btnSave] clicked<br/>
Test execution is in onTestFailure method<br/>
<img src=".\..\screenshots\Failure\MTRTestScenario37.funcTestCase37 - 22-Jan-2020__08_13_39PM.png" style=width:400px><br/>
</div>
</td>
<td><div><pre>org.openqa.selenium.TimeoutException: Expected condition failed: waiting for visibility of Proxy element for: DefaultElementLocator &apos;By.xpath: //main/div/div[2]/ul/li[5]/a/span&apos; (tried for 30 second(s) with 500 milliseconds interval)
	at org.openqa.selenium.support.ui.WebDriverWait.timeoutException(WebDriverWait.java:81)
	at org.openqa.selenium.support.ui.FluentWait.until(FluentWait.java:271)
	at com.nomisma.generic.WaitStatementLib.explicitWait(WaitStatementLib.java:30)
	at com.nomisma.SelfAssessmentpom2019.SAPOM2019.clickIncome(SAPOM2019.java:2622)
	at com.nomisma.SelfAssessmentpom2019.SAPOM2019.addTestCase37(SAPOM2019.java:11697)
	at com.nomisma.SAMTR_Scripts2019.MTRTestScenario37.funcTestCase37(MTRTestScenario37.java:64)
	at java.base/jdk.internal.reflect.NativeMethodAccessorImpl.invoke0(Native Method)
	at java.base/jdk.internal.reflect.NativeMethodAccessorImpl.invoke(NativeMethodAccessorImpl.java:62)
	at java.base/jdk.internal.reflect.DelegatingMethodAccessorImpl.invoke(DelegatingMethodAccessorImpl.java:43)
	at java.base/java.lang.reflect.Method.invoke(Method.java:564)
	at org.testng.internal.MethodInvocationHelper.invokeMethod(MethodInvocationHelper.java:80)
	at org.testng.internal.Invoker.invokeMethod(Invoker.java:714)
	at org.testng.internal.Invoker.invokeTestMethod(Invoker.java:901)
	at org.testng.internal.Invoker.invokeTestMethods(Invoker.java:1231)
	at org.testng.internal.TestMethodWorker.invokeTestMethods(TestMethodWorker.java:127)
	at org.testng.internal.TestMethodWorker.run(TestMethodWorker.java:111)
	at org.testng.TestRunner.privateRun(TestRunner.java:767)
	at org.testng.TestRunner.run(TestRunner.java:617)
	at org.testng.SuiteRunner.runTest(SuiteRunner.java:334)
	at org.testng.SuiteRunner.runSequentially(SuiteRunner.java:329)
	at org.testng.SuiteRunner.privateRun(SuiteRunner.java:291)
	at org.testng.SuiteRunner.run(SuiteRunner.java:240)
	at org.testng.SuiteRunnerWorker.runSuite(SuiteRunnerWorker.java:52)
	at org.testng.SuiteRunnerWorker.run(SuiteRunnerWorker.java:86)
	at org.testng.TestNG.runSuitesSequentially(TestNG.java:1198)
	at org.testng.TestNG.runSuitesLocally(TestNG.java:1123)
	at org.testng.TestNG.run(TestNG.java:1031)
	at org.testng.remote.AbstractRemoteTestNG.run(AbstractRemoteTestNG.java:114)
	at org.testng.remote.RemoteTestNG.initAndRun(RemoteTestNG.java:251)
	at org.testng.remote.RemoteTestNG.main(RemoteTestNG.java:77)
Caused by: org.openqa.selenium.NoSuchElementException: no such element: Unable to locate element: {&quot;method&quot;:&quot;xpath&quot;,&quot;selector&quot;:&quot;//main/div/div[2]/ul/li[5]/a/span&quot;}
  (Session info: chrome=71.0.3578.98)
  (Driver info: chromedriver=2.46.628402 (536cd7adbad73a3783fdc2cab92ab2ba7ec361e1),platform=Windows NT 10.0.18362 x86_64) (WARNING: The server did not provide any stacktrace information)
Command duration or timeout: 0 milliseconds
For documentation on this error, please visit: http://seleniumhq.org/exceptions/no_such_element.html
Build info: version: &apos;3.11.0&apos;, revision: &apos;e59cfb3&apos;, time: &apos;2018-03-11T20:26:55.152Z&apos;
System info: host: &apos;NOM_ANJALI&apos;, ip: &apos;192.168.1.126&apos;, os.name: &apos;Windows 10&apos;, os.arch: &apos;amd64&apos;, os.version: &apos;10.0&apos;, java.version: &apos;10.0.1&apos;
Driver info: org.openqa.selenium.chrome.ChromeDriver
Capabilities {acceptInsecureCerts: false, acceptSslCerts: false, applicationCacheEnabled: false, browserConnectionEnabled: false, browserName: chrome, chrome: {chromedriverVersion: 2.46.628402 (536cd7adbad73a..., userDataDir: C:\Users\ADMINI~1\AppData\L...}, cssSelectorsEnabled: true, databaseEnabled: false, goog:chromeOptions: {debuggerAddress: localhost:28439}, handlesAlerts: true, hasTouchScreen: false, javascriptEnabled: true, locationContextEnabled: true, mobileEmulationEnabled: false, nativeEvents: true, networkConnectionEnabled: false, pageLoadStrategy: normal, platform: XP, platformName: XP, proxy: Proxy(), rotatable: false, setWindowRect: true, strictFileInteractability: false, takesHeapSnapshot: true, takesScreenshot: true, timeouts: {implicit: 0, pageLoad: 300000, script: 30000}, unexpectedAlertBehaviour: ignore, unhandledPromptBehavior: ignore, version: 71.0.3578.98, webStorageEnabled: true}
Session ID: 9d15fb91e76965ca428f51ea5d12f509
*** Element info: {Using=xpath, value=//main/div/div[2]/ul/li[5]/a/span}
	at jdk.internal.reflect.GeneratedConstructorAccessor19.newInstance(Unknown Source)
	at java.base/jdk.internal.reflect.DelegatingConstructorAccessorImpl.newInstance(DelegatingConstructorAccessorImpl.java:45)
	at java.base/java.lang.reflect.Constructor.newInstance(Constructor.java:488)
	at org.openqa.selenium.remote.ErrorHandler.createThrowable(ErrorHandler.java:214)
	at org.openqa.selenium.remote.ErrorHandler.throwIfResponseFailed(ErrorHandler.java:166)
	at org.openqa.selenium.remote.http.JsonHttpResponseCodec.reconstructValue(JsonHttpResponseCodec.java:40)
	at org.openqa.selenium.remote.http.AbstractHttpResponseCodec.decode(AbstractHttpResponseCodec.java:80)
	at org.openqa.selenium.remote.http.AbstractHttpResponseCodec.decode(AbstractHttpResponseCodec.java:44)
	at org.openqa.selenium.remote.HttpCommandExecutor.execute(HttpCommandExecutor.java:158)
	at org.openqa.selenium.remote.service.DriverCommandExecutor.execute(DriverCommandExecutor.java:83)
	at org.openqa.selenium.remote.RemoteWebDriver.execute(RemoteWebDriver.java:545)
	at org.openqa.selenium.remote.RemoteWebDriver.findElement(RemoteWebDriver.java:319)
	at org.openqa.selenium.remote.RemoteWebDriver.findElementByXPath(RemoteWebDriver.java:421)
	at org.openqa.selenium.By$ByXPath.findElement(By.java:361)
	at org.openqa.selenium.remote.RemoteWebDriver.findElement(RemoteWebDriver.java:311)
	at jdk.internal.reflect.GeneratedMethodAccessor4.invoke(Unknown Source)
	at java.base/jdk.internal.reflect.DelegatingMethodAccessorImpl.invoke(DelegatingMethodAccessorImpl.java:43)
	at java.base/java.lang.reflect.Method.invoke(Method.java:564)
	at org.openqa.selenium.support.events.EventFiringWebDriver.lambda$new$1(EventFiringWebDriver.java:103)
	at com.sun.proxy.$Proxy14.findElement(Unknown Source)
	at org.openqa.selenium.support.events.EventFiringWebDriver.findElement(EventFiringWebDriver.java:186)
	at org.openqa.selenium.support.pagefactory.DefaultElementLocator.findElement(DefaultElementLocator.java:69)
	at org.openqa.selenium.support.pagefactory.internal.LocatingElementHandler.invoke(LocatingElementHandler.java:38)
	at com.sun.proxy.$Proxy18.isDisplayed(Unknown Source)
	at org.openqa.selenium.support.ui.ExpectedConditions.elementIfVisible(ExpectedConditions.java:315)
	at org.openqa.selenium.support.ui.ExpectedConditions.access$100(ExpectedConditions.java:44)
	at org.openqa.selenium.support.ui.ExpectedConditions$10.apply(ExpectedConditions.java:301)
	at org.openqa.selenium.support.ui.ExpectedConditions$10.apply(ExpectedConditions.java:298)
	at org.openqa.selenium.support.ui.FluentWait.until(FluentWait.java:248)
	... 28 more
</pre></div><a href='#' onClick='toggleBox("stack-trace13950734", this, "Click to show all stack frames", "Click to hide stack frames")'>Click to show all stack frames</a>
<div class='stack-trace' id='stack-trace13950734'><pre>org.openqa.selenium.TimeoutException: Expected condition failed: waiting for visibility of Proxy element for: DefaultElementLocator &apos;By.xpath: //main/div/div[2]/ul/li[5]/a/span&apos; (tried for 30 second(s) with 500 milliseconds interval)
	at org.openqa.selenium.support.ui.WebDriverWait.timeoutException(WebDriverWait.java:81)
	at org.openqa.selenium.support.ui.FluentWait.until(FluentWait.java:271)
	at com.nomisma.generic.WaitStatementLib.explicitWait(WaitStatementLib.java:30)
	at com.nomisma.SelfAssessmentpom2019.SAPOM2019.clickIncome(SAPOM2019.java:2622)
	at com.nomisma.SelfAssessmentpom2019.SAPOM2019.addTestCase37(SAPOM2019.java:11697)
	at com.nomisma.SAMTR_Scripts2019.MTRTestScenario37.funcTestCase37(MTRTestScenario37.java:64)
	at java.base/jdk.internal.reflect.NativeMethodAccessorImpl.invoke0(Native Method)
	at java.base/jdk.internal.reflect.NativeMethodAccessorImpl.invoke(NativeMethodAccessorImpl.java:62)
	at java.base/jdk.internal.reflect.DelegatingMethodAccessorImpl.invoke(DelegatingMethodAccessorImpl.java:43)
	at java.base/java.lang.reflect.Method.invoke(Method.java:564)
	at org.testng.internal.MethodInvocationHelper.invokeMethod(MethodInvocationHelper.java:80)
	at org.testng.internal.Invoker.invokeMethod(Invoker.java:714)
	at org.testng.internal.Invoker.invokeTestMethod(Invoker.java:901)
	at org.testng.internal.Invoker.invokeTestMethods(Invoker.java:1231)
	at org.testng.internal.TestMethodWorker.invokeTestMethods(TestMethodWorker.java:127)
	at org.testng.internal.TestMethodWorker.run(TestMethodWorker.java:111)
	at org.testng.TestRunner.privateRun(TestRunner.java:767)
	at org.testng.TestRunner.run(TestRunner.java:617)
	at org.testng.SuiteRunner.runTest(SuiteRunner.java:334)
	at org.testng.SuiteRunner.runSequentially(SuiteRunner.java:329)
	at org.testng.SuiteRunner.privateRun(SuiteRunner.java:291)
	at org.testng.SuiteRunner.run(SuiteRunner.java:240)
	at org.testng.SuiteRunnerWorker.runSuite(SuiteRunnerWorker.java:52)
	at org.testng.SuiteRunnerWorker.run(SuiteRunnerWorker.java:86)
	at org.testng.TestNG.runSuitesSequentially(TestNG.java:1198)
	at org.testng.TestNG.runSuitesLocally(TestNG.java:1123)
	at org.testng.TestNG.run(TestNG.java:1031)
	at org.testng.remote.AbstractRemoteTestNG.run(AbstractRemoteTestNG.java:114)
	at org.testng.remote.RemoteTestNG.initAndRun(RemoteTestNG.java:251)
	at org.testng.remote.RemoteTestNG.main(RemoteTestNG.java:77)
Caused by: org.openqa.selenium.NoSuchElementException: no such element: Unable to locate element: {&quot;method&quot;:&quot;xpath&quot;,&quot;selector&quot;:&quot;//main/div/div[2]/ul/li[5]/a/span&quot;}
  (Session info: chrome=71.0.3578.98)
  (Driver info: chromedriver=2.46.628402 (536cd7adbad73a3783fdc2cab92ab2ba7ec361e1),platform=Windows NT 10.0.18362 x86_64) (WARNING: The server did not provide any stacktrace information)
Command duration or timeout: 0 milliseconds
For documentation on this error, please visit: http://seleniumhq.org/exceptions/no_such_element.html
Build info: version: &apos;3.11.0&apos;, revision: &apos;e59cfb3&apos;, time: &apos;2018-03-11T20:26:55.152Z&apos;
System info: host: &apos;NOM_ANJALI&apos;, ip: &apos;192.168.1.126&apos;, os.name: &apos;Windows 10&apos;, os.arch: &apos;amd64&apos;, os.version: &apos;10.0&apos;, java.version: &apos;10.0.1&apos;
Driver info: org.openqa.selenium.chrome.ChromeDriver
Capabilities {acceptInsecureCerts: false, acceptSslCerts: false, applicationCacheEnabled: false, browserConnectionEnabled: false, browserName: chrome, chrome: {chromedriverVersion: 2.46.628402 (536cd7adbad73a..., userDataDir: C:\Users\ADMINI~1\AppData\L...}, cssSelectorsEnabled: true, databaseEnabled: false, goog:chromeOptions: {debuggerAddress: localhost:28439}, handlesAlerts: true, hasTouchScreen: false, javascriptEnabled: true, locationContextEnabled: true, mobileEmulationEnabled: false, nativeEvents: true, networkConnectionEnabled: false, pageLoadStrategy: normal, platform: XP, platformName: XP, proxy: Proxy(), rotatable: false, setWindowRect: true, strictFileInteractability: false, takesHeapSnapshot: true, takesScreenshot: true, timeouts: {implicit: 0, pageLoad: 300000, script: 30000}, unexpectedAlertBehaviour: ignore, unhandledPromptBehavior: ignore, version: 71.0.3578.98, webStorageEnabled: true}
Session ID: 9d15fb91e76965ca428f51ea5d12f509
*** Element info: {Using=xpath, value=//main/div/div[2]/ul/li[5]/a/span}
	at jdk.internal.reflect.GeneratedConstructorAccessor19.newInstance(Unknown Source)
	at java.base/jdk.internal.reflect.DelegatingConstructorAccessorImpl.newInstance(DelegatingConstructorAccessorImpl.java:45)
	at java.base/java.lang.reflect.Constructor.newInstance(Constructor.java:488)
	at org.openqa.selenium.remote.ErrorHandler.createThrowable(ErrorHandler.java:214)
	at org.openqa.selenium.remote.ErrorHandler.throwIfResponseFailed(ErrorHandler.java:166)
	at org.openqa.selenium.remote.http.JsonHttpResponseCodec.reconstructValue(JsonHttpResponseCodec.java:40)
	at org.openqa.selenium.remote.http.AbstractHttpResponseCodec.decode(AbstractHttpResponseCodec.java:80)
	at org.openqa.selenium.remote.http.AbstractHttpResponseCodec.decode(AbstractHttpResponseCodec.java:44)
	at org.openqa.selenium.remote.HttpCommandExecutor.execute(HttpCommandExecutor.java:158)
	at org.openqa.selenium.remote.service.DriverCommandExecutor.execute(DriverCommandExecutor.java:83)
	at org.openqa.selenium.remote.RemoteWebDriver.execute(RemoteWebDriver.java:545)
	at org.openqa.selenium.remote.RemoteWebDriver.findElement(RemoteWebDriver.java:319)
	at org.openqa.selenium.remote.RemoteWebDriver.findElementByXPath(RemoteWebDriver.java:421)
	at org.openqa.selenium.By$ByXPath.findElement(By.java:361)
	at org.openqa.selenium.remote.RemoteWebDriver.findElement(RemoteWebDriver.java:311)
	at jdk.internal.reflect.GeneratedMethodAccessor4.invoke(Unknown Source)
	at java.base/jdk.internal.reflect.DelegatingMethodAccessorImpl.invoke(DelegatingMethodAccessorImpl.java:43)
	at java.base/java.lang.reflect.Method.invoke(Method.java:564)
	at org.openqa.selenium.support.events.EventFiringWebDriver.lambda$new$1(EventFiringWebDriver.java:103)
	at com.sun.proxy.$Proxy14.findElement(Unknown Source)
	at org.openqa.selenium.support.events.EventFiringWebDriver.findElement(EventFiringWebDriver.java:186)
	at org.openqa.selenium.support.pagefactory.DefaultElementLocator.findElement(DefaultElementLocator.java:69)
	at org.openqa.selenium.support.pagefactory.internal.LocatingElementHandler.invoke(LocatingElementHandler.java:38)
	at com.sun.proxy.$Proxy18.isDisplayed(Unknown Source)
	at org.openqa.selenium.support.ui.ExpectedConditions.elementIfVisible(ExpectedConditions.java:315)
	at org.openqa.selenium.support.ui.ExpectedConditions.access$100(ExpectedConditions.java:44)
	at org.openqa.selenium.support.ui.ExpectedConditions$10.apply(ExpectedConditions.java:301)
	at org.openqa.selenium.support.ui.ExpectedConditions$10.apply(ExpectedConditions.java:298)
	at org.openqa.selenium.support.ui.FluentWait.until(FluentWait.java:248)
	... 28 more
</pre></div></td>
<td>105</td>
<td>com.nomisma.SAMTR_Scripts2019.MTRTestScenario37@41294f8</td></tr>
</table><p>
</body>
</html>