<html>
<head>
<title>TestNG:  MTRTestScenario226_2020_1</title>
<link href="../testng.css" rel="stylesheet" type="text/css" />
<link href="../my-testng.css" rel="stylesheet" type="text/css" />

<style type="text/css">
.log { display: none;} 
.stack-trace { display: none;} 
</style>
<script type="text/javascript">
<!--
function flip(e) {
  current = e.style.display;
  if (current == 'block') {
    e.style.display = 'none';
    return 0;
  }
  else {
    e.style.display = 'block';
    return 1;
  }
}

function toggleBox(szDivId, elem, msg1, msg2)
{
  var res = -1;  if (document.getElementById) {
    res = flip(document.getElementById(szDivId));
  }
  else if (document.all) {
    // this is the way old msie versions work
    res = flip(document.all[szDivId]);
  }
  if(elem) {
    if(res == 0) elem.innerHTML = msg1; else elem.innerHTML = msg2;
  }

}

function toggleAllBoxes() {
  if (document.getElementsByTagName) {
    d = document.getElementsByTagName('div');
    for (i = 0; i < d.length; i++) {
      if (d[i].className == 'log') {
        flip(d[i]);
      }
    }
  }
}

// -->
</script>

</head>
<body>
<h2 align='center'>MTRTestScenario226_2020_1</h2><table border='1' align="center">
<tr>
<td>Tests passed/Failed/Skipped:</td><td>0/1/0</td>
</tr><tr>
<td>Started on:</td><td>Tue Feb 11 09:48:12 IST 2020</td>
</tr>
<tr><td>Total time:</td><td>46 seconds (46091 ms)</td>
</tr><tr>
<td>Included groups:</td><td></td>
</tr><tr>
<td>Excluded groups:</td><td></td>
</tr>
</table><p/>
<small><i>(Hover the method name to see the test class name)</i></small><p/>
<table width='100%' border='1' class='invocation-failed'>
<tr><td colspan='4' align='center'><b>FAILED TESTS</b></td></tr>
<tr><td><b>Test method</b></td>
<td width="30%"><b>Exception</b></td>
<td width="10%"><b>Time (seconds)</b></td>
<td><b>Instance</b></td>
</tr>
<tr>
<td title='com.nomisma.SAMTR_Scripts2020_Old.MTRTestScenario226.funcAddTestCase226()'><b>funcAddTestCase226</b><br>Test class: com.nomisma.SAMTR_Scripts2020_Old.MTRTestScenario226<br/>
<a href="#Output-689448569" onClick='toggleBox("Output-689448569", this, "Show output", "Hide output");'>Show output</a>

<a href="#Output-689448569" onClick="toggleAllBoxes();">Show all outputs</a>
<div class='log' id="Output-689448569">
WebElement to be clicked [[ChromeDriver: chrome on XP (603a767f3461c8259c1352cc9811241e)] -> id: ctl00_cPH_btnLogin]<br/>
After click [[ChromeDriver: chrome on XP (603a767f3461c8259c1352cc9811241e)] -> id: ctl00_cPH_btnLogin]<br/>
WebElement [[ChromeDriver: chrome on XP (603a767f3461c8259c1352cc9811241e)] -> id: ctl00_cPH_btnLogin] clicked<br/>
WebElement to be clicked [[ChromeDriver: chrome on XP (603a767f3461c8259c1352cc9811241e)] -> id: ctl00_cPHFilter_btnSearch]<br/>
After click [[ChromeDriver: chrome on XP (603a767f3461c8259c1352cc9811241e)] -> id: ctl00_cPHFilter_btnSearch]<br/>
WebElement [[ChromeDriver: chrome on XP (603a767f3461c8259c1352cc9811241e)] -> id: ctl00_cPHFilter_btnSearch] clicked<br/>
WebElement to be clicked [[ChromeDriver: chrome on XP (603a767f3461c8259c1352cc9811241e)] -> xpath: //table//tbody//tr//td[contains(text(),'OldScenarioTestCases2020')]]<br/>
After click [[ChromeDriver: chrome on XP (603a767f3461c8259c1352cc9811241e)] -> xpath: //table//tbody//tr//td[contains(text(),'OldScenarioTestCases2020')]]<br/>
WebElement [[ChromeDriver: chrome on XP (603a767f3461c8259c1352cc9811241e)] -> xpath: //table//tbody//tr//td[contains(text(),'OldScenarioTestCases2020')]] clicked<br/>
Agent window is displayed<br/>
WebElement to be clicked [[ChromeDriver: chrome on XP (603a767f3461c8259c1352cc9811241e)] -> xpath: //span[contains(text(),'Self Assessment')]]<br/>
After click [[ChromeDriver: chrome on XP (603a767f3461c8259c1352cc9811241e)] -> xpath: //span[contains(text(),'Self Assessment')]]<br/>
WebElement [[ChromeDriver: chrome on XP (603a767f3461c8259c1352cc9811241e)] -> xpath: //span[contains(text(),'Self Assessment')]] clicked<br/>
WebElement to be clicked [[ChromeDriver: chrome on XP (603a767f3461c8259c1352cc9811241e)] -> xpath: //a[contains(text(),'Client List')]]<br/>
After click [[ChromeDriver: chrome on XP (603a767f3461c8259c1352cc9811241e)] -> xpath: //a[contains(text(),'Client List')]]<br/>
WebElement [[ChromeDriver: chrome on XP (603a767f3461c8259c1352cc9811241e)] -> xpath: //a[contains(text(),'Client List')]] clicked<br/>
Client Link Clicked<br/>
WebElement to be clicked [[ChromeDriver: chrome on XP (603a767f3461c8259c1352cc9811241e)] -> id: ctl00_ctl00_ParentContent_cpHeaderRight_LinkButtonEx1]<br/>
After click [[ChromeDriver: chrome on XP (603a767f3461c8259c1352cc9811241e)] -> id: ctl00_ctl00_ParentContent_cpHeaderRight_LinkButtonEx1]<br/>
WebElement [[ChromeDriver: chrome on XP (603a767f3461c8259c1352cc9811241e)] -> id: ctl00_ctl00_ParentContent_cpHeaderRight_LinkButtonEx1] clicked<br/>
WebElement to be clicked [[ChromeDriver: chrome on XP (603a767f3461c8259c1352cc9811241e)] -> id: ctl00_ctl00_ParentContent_cPHFilter_btnSearch]<br/>
After click [[ChromeDriver: chrome on XP (603a767f3461c8259c1352cc9811241e)] -> id: ctl00_ctl00_ParentContent_cPHFilter_btnSearch]<br/>
WebElement [[ChromeDriver: chrome on XP (603a767f3461c8259c1352cc9811241e)] -> id: ctl00_ctl00_ParentContent_cPHFilter_btnSearch] clicked<br/>
WebElement to be clicked [[ChromeDriver: chrome on XP (603a767f3461c8259c1352cc9811241e)] -> xpath: //a[contains(text(),'TestCase2020_226')]]<br/>
After click [[ChromeDriver: chrome on XP (603a767f3461c8259c1352cc9811241e)] -> xpath: //a[contains(text(),'TestCase2020_226')]]<br/>
WebElement [[ChromeDriver: chrome on XP (603a767f3461c8259c1352cc9811241e)] -> xpath: //a[contains(text(),'TestCase2020_226')]] clicked<br/>
Client Selected for Test Case 226<br/>
Exceuting MTR Test Case 226<br/>
WebElement to be clicked [[ChromeDriver: chrome on XP (603a767f3461c8259c1352cc9811241e)] -> xpath: //span[contains(text(),'Tax Return')]]<br/>
After click [[ChromeDriver: chrome on XP (603a767f3461c8259c1352cc9811241e)] -> xpath: //span[contains(text(),'Tax Return')]]<br/>
WebElement [[ChromeDriver: chrome on XP (603a767f3461c8259c1352cc9811241e)] -> xpath: //span[contains(text(),'Tax Return')]] clicked<br/>
WebElement to be clicked [[ChromeDriver: chrome on XP (603a767f3461c8259c1352cc9811241e)] -> xpath: //a[contains(text(),'Tax Calculation Summary')]]<br/>
After click [[ChromeDriver: chrome on XP (603a767f3461c8259c1352cc9811241e)] -> xpath: //a[contains(text(),'Tax Calculation Summary')]]<br/>
WebElement [[ChromeDriver: chrome on XP (603a767f3461c8259c1352cc9811241e)] -> xpath: //a[contains(text(),'Tax Calculation Summary')]] clicked<br/>
Interest From UK banks Building verified: £37,155.00<br/>
Dividends from UK Companies verified:  (UK: £11,238.00) £11,238.00<br/>
Amount of Gains on life insurance policies etc is verified: £54,367.00<br/>
Total Income Received verified: £102,760.00<br/>
Reduced Personal Allowance is Verified: £11,120.00<br/>
Total Income on WhichTaxIsDue is Verified: £91,640.00<br/>
Basic Rate of Saving: 20762.0<br/>
Heigher Rate of Saving: 54140.0<br/>
Basic Rate of Dividends: 692.85<br/>
Income Tax Due is Verified: £26,501.25<br/>
Amount of Notional tax from gains on life policies etc. is verifired successfully: £10,873.40<br/>
Income Tax due After adding Underpaid tax for earlier years is verifired successfully15627.849999999999<br/>
Test execution is in onTestFailure method<br/>
<img src=".\..\screenshots\Failure\MTRTestScenario226.funcAddTestCase226 - 11-Feb-2020__09_48_57AM.png" style=width:400px><br/>
</div>
</td>
<td><div><pre>java.lang.AssertionError: expected [15627.85] but found [15219.25]
	at org.testng.Assert.fail(Assert.java:94)
	at org.testng.Assert.failNotEquals(Assert.java:494)
	at org.testng.Assert.assertEquals(Assert.java:123)
	at org.testng.Assert.assertEquals(Assert.java:176)
	at org.testng.Assert.assertEquals(Assert.java:186)
	at com.nomisma.SelfAssessmentpom2020.SAPOM2020OldScenario.addTestCase226(SAPOM2020OldScenario.java:33499)
	at com.nomisma.SAMTR_Scripts2020_Old.MTRTestScenario226.funcAddTestCase226(MTRTestScenario226.java:47)
	at java.base/jdk.internal.reflect.NativeMethodAccessorImpl.invoke0(Native Method)
	at java.base/jdk.internal.reflect.NativeMethodAccessorImpl.invoke(NativeMethodAccessorImpl.java:62)
	at java.base/jdk.internal.reflect.DelegatingMethodAccessorImpl.invoke(DelegatingMethodAccessorImpl.java:43)
	at java.base/java.lang.reflect.Method.invoke(Method.java:564)
	at org.testng.internal.MethodInvocationHelper.invokeMethod(MethodInvocationHelper.java:80)
	at org.testng.internal.Invoker.invokeMethod(Invoker.java:714)
	at org.testng.internal.Invoker.invokeTestMethod(Invoker.java:901)
	at org.testng.internal.Invoker.invokeTestMethods(Invoker.java:1231)
	at org.testng.internal.TestMethodWorker.invokeTestMethods(TestMethodWorker.java:127)
	at org.testng.internal.TestMethodWorker.run(TestMethodWorker.java:111)
	at org.testng.TestRunner.privateRun(TestRunner.java:767)
	at org.testng.TestRunner.run(TestRunner.java:617)
	at org.testng.SuiteRunner.runTest(SuiteRunner.java:334)
	at org.testng.SuiteRunner.runSequentially(SuiteRunner.java:329)
	at org.testng.SuiteRunner.privateRun(SuiteRunner.java:291)
	at org.testng.SuiteRunner.run(SuiteRunner.java:240)
	at org.testng.SuiteRunnerWorker.runSuite(SuiteRunnerWorker.java:52)
	at org.testng.SuiteRunnerWorker.run(SuiteRunnerWorker.java:86)
	at org.testng.TestNG.runSuitesSequentially(TestNG.java:1198)
	at org.testng.TestNG.runSuitesLocally(TestNG.java:1123)
	at org.testng.TestNG.run(TestNG.java:1031)
	at org.testng.remote.AbstractRemoteTestNG.run(AbstractRemoteTestNG.java:114)
	at org.testng.remote.RemoteTestNG.initAndRun(RemoteTestNG.java:251)
	at org.testng.remote.RemoteTestNG.main(RemoteTestNG.java:77)
</pre></div><a href='#' onClick='toggleBox("stack-trace689448569", this, "Click to show all stack frames", "Click to hide stack frames")'>Click to show all stack frames</a>
<div class='stack-trace' id='stack-trace689448569'><pre>java.lang.AssertionError: expected [15627.85] but found [15219.25]
	at org.testng.Assert.fail(Assert.java:94)
	at org.testng.Assert.failNotEquals(Assert.java:494)
	at org.testng.Assert.assertEquals(Assert.java:123)
	at org.testng.Assert.assertEquals(Assert.java:176)
	at org.testng.Assert.assertEquals(Assert.java:186)
	at com.nomisma.SelfAssessmentpom2020.SAPOM2020OldScenario.addTestCase226(SAPOM2020OldScenario.java:33499)
	at com.nomisma.SAMTR_Scripts2020_Old.MTRTestScenario226.funcAddTestCase226(MTRTestScenario226.java:47)
	at java.base/jdk.internal.reflect.NativeMethodAccessorImpl.invoke0(Native Method)
	at java.base/jdk.internal.reflect.NativeMethodAccessorImpl.invoke(NativeMethodAccessorImpl.java:62)
	at java.base/jdk.internal.reflect.DelegatingMethodAccessorImpl.invoke(DelegatingMethodAccessorImpl.java:43)
	at java.base/java.lang.reflect.Method.invoke(Method.java:564)
	at org.testng.internal.MethodInvocationHelper.invokeMethod(MethodInvocationHelper.java:80)
	at org.testng.internal.Invoker.invokeMethod(Invoker.java:714)
	at org.testng.internal.Invoker.invokeTestMethod(Invoker.java:901)
	at org.testng.internal.Invoker.invokeTestMethods(Invoker.java:1231)
	at org.testng.internal.TestMethodWorker.invokeTestMethods(TestMethodWorker.java:127)
	at org.testng.internal.TestMethodWorker.run(TestMethodWorker.java:111)
	at org.testng.TestRunner.privateRun(TestRunner.java:767)
	at org.testng.TestRunner.run(TestRunner.java:617)
	at org.testng.SuiteRunner.runTest(SuiteRunner.java:334)
	at org.testng.SuiteRunner.runSequentially(SuiteRunner.java:329)
	at org.testng.SuiteRunner.privateRun(SuiteRunner.java:291)
	at org.testng.SuiteRunner.run(SuiteRunner.java:240)
	at org.testng.SuiteRunnerWorker.runSuite(SuiteRunnerWorker.java:52)
	at org.testng.SuiteRunnerWorker.run(SuiteRunnerWorker.java:86)
	at org.testng.TestNG.runSuitesSequentially(TestNG.java:1198)
	at org.testng.TestNG.runSuitesLocally(TestNG.java:1123)
	at org.testng.TestNG.run(TestNG.java:1031)
	at org.testng.remote.AbstractRemoteTestNG.run(AbstractRemoteTestNG.java:114)
	at org.testng.remote.RemoteTestNG.initAndRun(RemoteTestNG.java:251)
	at org.testng.remote.RemoteTestNG.main(RemoteTestNG.java:77)
</pre></div></td>
<td>21</td>
<td>com.nomisma.SAMTR_Scripts2020_Old.MTRTestScenario226@13df2a8c</td></tr>
</table><p>
</body>
</html>