<html>
<head>
<title>TestNG:  P32ReportCISSuffered</title>
<link href="../testng.css" rel="stylesheet" type="text/css" />
<link href="../my-testng.css" rel="stylesheet" type="text/css" />

<style type="text/css">
.log { display: none;} 
.stack-trace { display: none;} 
</style>
<script type="text/javascript">
<!--
function flip(e) {
  current = e.style.display;
  if (current == 'block') {
    e.style.display = 'none';
    return 0;
  }
  else {
    e.style.display = 'block';
    return 1;
  }
}

function toggleBox(szDivId, elem, msg1, msg2)
{
  var res = -1;  if (document.getElementById) {
    res = flip(document.getElementById(szDivId));
  }
  else if (document.all) {
    // this is the way old msie versions work
    res = flip(document.all[szDivId]);
  }
  if(elem) {
    if(res == 0) elem.innerHTML = msg1; else elem.innerHTML = msg2;
  }

}

function toggleAllBoxes() {
  if (document.getElementsByTagName) {
    d = document.getElementsByTagName('div');
    for (i = 0; i < d.length; i++) {
      if (d[i].className == 'log') {
        flip(d[i]);
      }
    }
  }
}

// -->
</script>

</head>
<body>
<h2 align='center'>P32ReportCISSuffered</h2><table border='1' align="center">
<tr>
<td>Tests passed/Failed/Skipped:</td><td>0/1/0</td>
</tr><tr>
<td>Started on:</td><td>Fri Jun 01 12:16:29 IST 2018</td>
</tr>
<tr><td>Total time:</td><td>91 seconds (91293 ms)</td>
</tr><tr>
<td>Included groups:</td><td></td>
</tr><tr>
<td>Excluded groups:</td><td></td>
</tr>
</table><p/>
<small><i>(Hover the method name to see the test class name)</i></small><p/>
<table width='100%' border='1' class='invocation-failed'>
<tr><td colspan='4' align='center'><b>FAILED TESTS</b></td></tr>
<tr><td><b>Test method</b></td>
<td width="30%"><b>Exception</b></td>
<td width="10%"><b>Time (seconds)</b></td>
<td><b>Instance</b></td>
</tr>
<tr>
<td title='com.nomisma.scriptspayroll.P32ReportCISSuffered.P32Report()'><b>P32Report</b><br>Test class: com.nomisma.scriptspayroll.P32ReportCISSuffered<br/>
<a href="#Output-277164482" onClick='toggleBox("Output-277164482", this, "Show output", "Hide output");'>Show output</a>

<a href="#Output-277164482" onClick="toggleAllBoxes();">Show all outputs</a>
<div class='log' id="Output-277164482">
Agent window is displayed<br/>
Payroll Company window is displayed<br/>
Payroll Company page opened successfully<br/>
Payroll page title verified successfully<br/>
Payroll Page title verified successfully<br/>
Undo Payroll for the Company<br/>
Undo Payroll Date: 31 Aug 2018<br/>
Control back on Run Payroll page<br/>
StartDate on Payroll page: 31 Jul 2018<br/>
EndDate on Payroll page: 30 Apr 2018<br/>
Control back on Run Payroll page<br/>
StartDate on Payroll page: 30 Jun 2018<br/>
EndDate on Payroll page: 30 Apr 2018<br/>
Control back on Run Payroll page<br/>
StartDate on Payroll page: 31 May 2018<br/>
EndDate on Payroll page: 30 Apr 2018<br/>
Control back on Run Payroll page<br/>
StartDate on Payroll page: 30 Apr 2018<br/>
EndDate on Payroll page: 30 Apr 2018<br/>
Undo Payroll for the Company Successfull<br/>
Run Payroll for the Company<br/>
Start Pay Date is: 30 Apr 2018<br/>
Run Payroll screen is displayed<br/>
Next Pay Date is: 31 May 2018<br/>
Popup Text is verified successfully<br/>
CIS Suffered for all Months Saved Successfully<br/>
Run Payroll screen is displayed<br/>
Next Pay Date is: 30 Jun 2018<br/>
Popup Text is verified successfully<br/>
CIS Suffered for all Months Saved Successfully<br/>
Run Payroll screen is displayed<br/>
Next Pay Date is: 31 Jul 2018<br/>
Popup Text is verified successfully<br/>
CIS Suffered for all Months Saved Successfully<br/>
Run Payroll screen is displayed<br/>
Next Pay Date is: 31 Aug 2018<br/>
Popup Text is verified successfully<br/>
CIS Suffered for all Months Saved Successfully<br/>
Run Payroll for the Company Successfull<br/>
CIS Suffered entered successfuly for the months Payroll excuted<br/>
Number of Tabs:3<br/>
Pdf file does not exits<br/>
Tax Year 2018-2019 is selected<br/>
CISSuffered: -£15.00<br/>
Amount is Matching for April. Test Passed<br/>
CISSuffered: -£15.00<br/>
Amount is Matching for May. Test Passed<br/>
CISSuffered: -£15.00<br/>
</div>
</td>
<td><div><pre>java.lang.AssertionError: Amount not Matching for June. Test Failed expected [-£15.00] but found [£0.00]
	at org.testng.Assert.fail(Assert.java:94)
	at org.testng.Assert.failNotEquals(Assert.java:494)
	at org.testng.Assert.assertEquals(Assert.java:123)
	at org.testng.Assert.assertEquals(Assert.java:176)
	at com.nomisma.pom.PayrollPage2.VerifyCIS(PayrollPage2.java:839)
	at com.nomisma.pom.PayrollPage2.VerifyCISSuffered(PayrollPage2.java:815)
	at com.nomisma.scriptspayroll.P32ReportCISSuffered.P32Report(P32ReportCISSuffered.java:72)
	at java.base/jdk.internal.reflect.NativeMethodAccessorImpl.invoke0(Native Method)
	at java.base/jdk.internal.reflect.NativeMethodAccessorImpl.invoke(Unknown Source)
	at java.base/jdk.internal.reflect.DelegatingMethodAccessorImpl.invoke(Unknown Source)
	at java.base/java.lang.reflect.Method.invoke(Unknown Source)
	at org.testng.internal.MethodInvocationHelper.invokeMethod(MethodInvocationHelper.java:80)
	at org.testng.internal.Invoker.invokeMethod(Invoker.java:714)
	at org.testng.internal.Invoker.invokeTestMethod(Invoker.java:901)
	at org.testng.internal.Invoker.invokeTestMethods(Invoker.java:1231)
	at org.testng.internal.TestMethodWorker.invokeTestMethods(TestMethodWorker.java:127)
	at org.testng.internal.TestMethodWorker.run(TestMethodWorker.java:111)
	at org.testng.TestRunner.privateRun(TestRunner.java:767)
	at org.testng.TestRunner.run(TestRunner.java:617)
	at org.testng.SuiteRunner.runTest(SuiteRunner.java:334)
	at org.testng.SuiteRunner.runSequentially(SuiteRunner.java:329)
	at org.testng.SuiteRunner.privateRun(SuiteRunner.java:291)
	at org.testng.SuiteRunner.run(SuiteRunner.java:240)
	at org.testng.SuiteRunnerWorker.runSuite(SuiteRunnerWorker.java:52)
	at org.testng.SuiteRunnerWorker.run(SuiteRunnerWorker.java:86)
	at org.testng.TestNG.runSuitesSequentially(TestNG.java:1198)
	at org.testng.TestNG.runSuitesLocally(TestNG.java:1123)
	at org.testng.TestNG.run(TestNG.java:1031)
	at org.testng.remote.AbstractRemoteTestNG.run(AbstractRemoteTestNG.java:114)
	at org.testng.remote.RemoteTestNG.initAndRun(RemoteTestNG.java:251)
	at org.testng.remote.RemoteTestNG.main(RemoteTestNG.java:77)
</pre></div><a href='#' onClick='toggleBox("stack-trace277164482", this, "Click to show all stack frames", "Click to hide stack frames")'>Click to show all stack frames</a>
<div class='stack-trace' id='stack-trace277164482'><pre>java.lang.AssertionError: Amount not Matching for June. Test Failed expected [-£15.00] but found [£0.00]
	at org.testng.Assert.fail(Assert.java:94)
	at org.testng.Assert.failNotEquals(Assert.java:494)
	at org.testng.Assert.assertEquals(Assert.java:123)
	at org.testng.Assert.assertEquals(Assert.java:176)
	at com.nomisma.pom.PayrollPage2.VerifyCIS(PayrollPage2.java:839)
	at com.nomisma.pom.PayrollPage2.VerifyCISSuffered(PayrollPage2.java:815)
	at com.nomisma.scriptspayroll.P32ReportCISSuffered.P32Report(P32ReportCISSuffered.java:72)
	at java.base/jdk.internal.reflect.NativeMethodAccessorImpl.invoke0(Native Method)
	at java.base/jdk.internal.reflect.NativeMethodAccessorImpl.invoke(Unknown Source)
	at java.base/jdk.internal.reflect.DelegatingMethodAccessorImpl.invoke(Unknown Source)
	at java.base/java.lang.reflect.Method.invoke(Unknown Source)
	at org.testng.internal.MethodInvocationHelper.invokeMethod(MethodInvocationHelper.java:80)
	at org.testng.internal.Invoker.invokeMethod(Invoker.java:714)
	at org.testng.internal.Invoker.invokeTestMethod(Invoker.java:901)
	at org.testng.internal.Invoker.invokeTestMethods(Invoker.java:1231)
	at org.testng.internal.TestMethodWorker.invokeTestMethods(TestMethodWorker.java:127)
	at org.testng.internal.TestMethodWorker.run(TestMethodWorker.java:111)
	at org.testng.TestRunner.privateRun(TestRunner.java:767)
	at org.testng.TestRunner.run(TestRunner.java:617)
	at org.testng.SuiteRunner.runTest(SuiteRunner.java:334)
	at org.testng.SuiteRunner.runSequentially(SuiteRunner.java:329)
	at org.testng.SuiteRunner.privateRun(SuiteRunner.java:291)
	at org.testng.SuiteRunner.run(SuiteRunner.java:240)
	at org.testng.SuiteRunnerWorker.runSuite(SuiteRunnerWorker.java:52)
	at org.testng.SuiteRunnerWorker.run(SuiteRunnerWorker.java:86)
	at org.testng.TestNG.runSuitesSequentially(TestNG.java:1198)
	at org.testng.TestNG.runSuitesLocally(TestNG.java:1123)
	at org.testng.TestNG.run(TestNG.java:1031)
	at org.testng.remote.AbstractRemoteTestNG.run(AbstractRemoteTestNG.java:114)
	at org.testng.remote.RemoteTestNG.initAndRun(RemoteTestNG.java:251)
	at org.testng.remote.RemoteTestNG.main(RemoteTestNG.java:77)
</pre></div></td>
<td>85</td>
<td>com.nomisma.scriptspayroll.P32ReportCISSuffered@548e6d58</td></tr>
</table><p>
</body>
</html>