<html>
<head>
<title>TestNG:  testCaseRepeatInvoice</title>
<link href="../testng.css" rel="stylesheet" type="text/css" />
<link href="../my-testng.css" rel="stylesheet" type="text/css" />

<style type="text/css">
.log { display: none;} 
.stack-trace { display: none;} 
</style>
<script type="text/javascript">
<!--
function flip(e) {
  current = e.style.display;
  if (current == 'block') {
    e.style.display = 'none';
    return 0;
  }
  else {
    e.style.display = 'block';
    return 1;
  }
}

function toggleBox(szDivId, elem, msg1, msg2)
{
  var res = -1;  if (document.getElementById) {
    res = flip(document.getElementById(szDivId));
  }
  else if (document.all) {
    // this is the way old msie versions work
    res = flip(document.all[szDivId]);
  }
  if(elem) {
    if(res == 0) elem.innerHTML = msg1; else elem.innerHTML = msg2;
  }

}

function toggleAllBoxes() {
  if (document.getElementsByTagName) {
    d = document.getElementsByTagName('div');
    for (i = 0; i < d.length; i++) {
      if (d[i].className == 'log') {
        flip(d[i]);
      }
    }
  }
}

// -->
</script>

</head>
<body>
<h2 align='center'>testCaseRepeatInvoice</h2><table border='1' align="center">
<tr>
<td>Tests passed/Failed/Skipped:</td><td>0/1/0</td>
</tr><tr>
<td>Started on:</td><td>Tue Apr 07 22:53:25 IST 2020</td>
</tr>
<tr><td>Total time:</td><td>70 seconds (70713 ms)</td>
</tr><tr>
<td>Included groups:</td><td></td>
</tr><tr>
<td>Excluded groups:</td><td></td>
</tr>
</table><p/>
<small><i>(Hover the method name to see the test class name)</i></small><p/>
<table width='100%' border='1' class='invocation-failed'>
<tr><td colspan='4' align='center'><b>FAILED TESTS</b></td></tr>
<tr><td><b>Test method</b></td>
<td width="30%"><b>Exception</b></td>
<td width="10%"><b>Time (seconds)</b></td>
<td><b>Instance</b></td>
</tr>
<tr>
<td title='com.nomisma.Business.RepeatInvoiceCls.funcRepeatInvoice()'><b>funcRepeatInvoice</b><br>Test class: com.nomisma.Business.RepeatInvoiceCls<br/>
<a href="#Output-1786040872" onClick='toggleBox("Output-1786040872", this, "Show output", "Hide output");'>Show output</a>

<a href="#Output-1786040872" onClick="toggleAllBoxes();">Show all outputs</a>
<div class='log' id="Output-1786040872">
WebElement to be clicked [[ChromeDriver: chrome on XP (ec1f13631b43114e143a686696588d12)] -> id: ctl00_cPH_btnLogin]<br/>
After click [[ChromeDriver: chrome on XP (ec1f13631b43114e143a686696588d12)] -> id: ctl00_cPH_btnLogin]<br/>
WebElement [[ChromeDriver: chrome on XP (ec1f13631b43114e143a686696588d12)] -> id: ctl00_cPH_btnLogin] clicked<br/>
Page Refreshed<br/>
WebElement to be clicked [[ChromeDriver: chrome on XP (ec1f13631b43114e143a686696588d12)] -> id: ctl00_cPHFilter_btnSearch]<br/>
After click [[ChromeDriver: chrome on XP (ec1f13631b43114e143a686696588d12)] -> id: ctl00_cPHFilter_btnSearch]<br/>
WebElement [[ChromeDriver: chrome on XP (ec1f13631b43114e143a686696588d12)] -> id: ctl00_cPHFilter_btnSearch] clicked<br/>
WebElement to be clicked [[ChromeDriver: chrome on XP (ec1f13631b43114e143a686696588d12)] -> xpath: //table//tbody//tr//td[contains(text(),'TestBookKeeping')]]<br/>
After click [[ChromeDriver: chrome on XP (ec1f13631b43114e143a686696588d12)] -> xpath: //table//tbody//tr//td[contains(text(),'TestBookKeeping')]]<br/>
WebElement [[ChromeDriver: chrome on XP (ec1f13631b43114e143a686696588d12)] -> xpath: //table//tbody//tr//td[contains(text(),'TestBookKeeping')]] clicked<br/>
Agent window is displayed<br/>
WebElement to be clicked [[ChromeDriver: chrome on XP (ec1f13631b43114e143a686696588d12)] -> xpath: //span[contains(text(),'Businesses')]]<br/>
After click [[ChromeDriver: chrome on XP (ec1f13631b43114e143a686696588d12)] -> xpath: //span[contains(text(),'Businesses')]]<br/>
WebElement [[ChromeDriver: chrome on XP (ec1f13631b43114e143a686696588d12)] -> xpath: //span[contains(text(),'Businesses')]] clicked<br/>
WebElement to be clicked [[ChromeDriver: chrome on XP (ec1f13631b43114e143a686696588d12)] -> id: ctl00_ctl00_ParentContent_cPHFilter_btnSearch]<br/>
After click [[ChromeDriver: chrome on XP (ec1f13631b43114e143a686696588d12)] -> id: ctl00_ctl00_ParentContent_cPHFilter_btnSearch]<br/>
WebElement [[ChromeDriver: chrome on XP (ec1f13631b43114e143a686696588d12)] -> id: ctl00_ctl00_ParentContent_cPHFilter_btnSearch] clicked<br/>
WebElement to be clicked [[ChromeDriver: chrome on XP (ec1f13631b43114e143a686696588d12)] -> xpath: //tr[@id='ctl00_ctl00_ParentContent_cPH_rptrDisplayRecords_ctl00_rowCompany']/td[1]]<br/>
After click [[ChromeDriver: chrome on XP (ec1f13631b43114e143a686696588d12)] -> xpath: //tr[@id='ctl00_ctl00_ParentContent_cPH_rptrDisplayRecords_ctl00_rowCompany']/td[1]]<br/>
WebElement [[ChromeDriver: chrome on XP (ec1f13631b43114e143a686696588d12)] -> xpath: //tr[@id='ctl00_ctl00_ParentContent_cPH_rptrDisplayRecords_ctl00_rowCompany']/td[1]] clicked<br/>
opening searched business<br/>
Page Refreshed<br/>
WebElement to be clicked [[ChromeDriver: chrome on XP (ec1f13631b43114e143a686696588d12)] -> xpath: //span[contains(text(),'Income')]]<br/>
After click [[ChromeDriver: chrome on XP (ec1f13631b43114e143a686696588d12)] -> xpath: //span[contains(text(),'Income')]]<br/>
WebElement [[ChromeDriver: chrome on XP (ec1f13631b43114e143a686696588d12)] -> xpath: //span[contains(text(),'Income')]] clicked<br/>
Page Refreshed<br/>
WebElement to be clicked [[ChromeDriver: chrome on XP (ec1f13631b43114e143a686696588d12)] -> xpath: //div[@id='ctl00_divMainContent']/header/div[1]/div[2]]<br/>
After click [[ChromeDriver: chrome on XP (ec1f13631b43114e143a686696588d12)] -> xpath: //div[@id='ctl00_divMainContent']/header/div[1]/div[2]]<br/>
WebElement [[ChromeDriver: chrome on XP (ec1f13631b43114e143a686696588d12)] -> xpath: //div[@id='ctl00_divMainContent']/header/div[1]/div[2]] clicked<br/>
WebElement to be clicked [[ChromeDriver: chrome on XP (ec1f13631b43114e143a686696588d12)] -> id: ctl00_cpHeaderRight_btnCustomer]<br/>
After click [[ChromeDriver: chrome on XP (ec1f13631b43114e143a686696588d12)] -> id: ctl00_cpHeaderRight_btnCustomer]<br/>
WebElement [[ChromeDriver: chrome on XP (ec1f13631b43114e143a686696588d12)] -> id: ctl00_cpHeaderRight_btnCustomer] clicked<br/>
WebElement to be clicked [[ChromeDriver: chrome on XP (ec1f13631b43114e143a686696588d12)] -> id: ctl00_cphFooter_btnSave]<br/>
After click [[ChromeDriver: chrome on XP (ec1f13631b43114e143a686696588d12)] -> id: ctl00_cphFooter_btnSave]<br/>
WebElement [[ChromeDriver: chrome on XP (ec1f13631b43114e143a686696588d12)] -> id: ctl00_cphFooter_btnSave] clicked<br/>
Customer added Successfully<br/>
WebElement to be clicked [[ChromeDriver: chrome on XP (ec1f13631b43114e143a686696588d12)] -> xpath: //span[contains(text(),'Income')]]<br/>
After click [[ChromeDriver: chrome on XP (ec1f13631b43114e143a686696588d12)] -> xpath: //span[contains(text(),'Income')]]<br/>
WebElement [[ChromeDriver: chrome on XP (ec1f13631b43114e143a686696588d12)] -> xpath: //span[contains(text(),'Income')]] clicked<br/>
Page Refreshed<br/>
WebElement to be clicked [[ChromeDriver: chrome on XP (ec1f13631b43114e143a686696588d12)] -> xpath: //div[@id='ctl00_divMainContent']/header/div[1]/div[2]]<br/>
After click [[ChromeDriver: chrome on XP (ec1f13631b43114e143a686696588d12)] -> xpath: //div[@id='ctl00_divMainContent']/header/div[1]/div[2]]<br/>
WebElement [[ChromeDriver: chrome on XP (ec1f13631b43114e143a686696588d12)] -> xpath: //div[@id='ctl00_divMainContent']/header/div[1]/div[2]] clicked<br/>
WebElement to be clicked [[ChromeDriver: chrome on XP (ec1f13631b43114e143a686696588d12)] -> id: ctl00_cpHeaderRight_btnAddRepeatInvoice]<br/>
After click [[ChromeDriver: chrome on XP (ec1f13631b43114e143a686696588d12)] -> id: ctl00_cpHeaderRight_btnAddRepeatInvoice]<br/>
WebElement [[ChromeDriver: chrome on XP (ec1f13631b43114e143a686696588d12)] -> id: ctl00_cpHeaderRight_btnAddRepeatInvoice] clicked<br/>
Customer Name: Cust1<br/>
Date selected: 07/04/2020<br/>
WebElement to be clicked [[ChromeDriver: chrome on XP (ec1f13631b43114e143a686696588d12)] -> id: ctl00_cPH_txtStartDt]<br/>
After click [[ChromeDriver: chrome on XP (ec1f13631b43114e143a686696588d12)] -> id: ctl00_cPH_txtStartDt]<br/>
WebElement [[ChromeDriver: chrome on XP (ec1f13631b43114e143a686696588d12)] -> id: ctl00_cPH_txtStartDt] clicked<br/>
WebElement to be clicked [[ChromeDriver: chrome on XP (ec1f13631b43114e143a686696588d12)] -> xpath: //h2[contains(text(),'Add Repeat Invoice')]]<br/>
After click [[ChromeDriver: chrome on XP (ec1f13631b43114e143a686696588d12)] -> xpath: //h2[contains(text(),'Add Repeat Invoice')]]<br/>
WebElement [[ChromeDriver: chrome on XP (ec1f13631b43114e143a686696588d12)] -> xpath: //h2[contains(text(),'Add Repeat Invoice')]] clicked<br/>
Start Date: <br/>
WebElement to be clicked [[ChromeDriver: chrome on XP (ec1f13631b43114e143a686696588d12)] -> id: imgentry]<br/>
After click [[ChromeDriver: chrome on XP (ec1f13631b43114e143a686696588d12)] -> id: imgentry]<br/>
WebElement [[ChromeDriver: chrome on XP (ec1f13631b43114e143a686696588d12)] -> id: imgentry] clicked<br/>
WebElement to be clicked [[ChromeDriver: chrome on XP (ec1f13631b43114e143a686696588d12)] -> id: ctl00_cPH_txtTotalOccurance]<br/>
After click [[ChromeDriver: chrome on XP (ec1f13631b43114e143a686696588d12)] -> id: ctl00_cPH_txtTotalOccurance]<br/>
WebElement [[ChromeDriver: chrome on XP (ec1f13631b43114e143a686696588d12)] -> id: ctl00_cPH_txtTotalOccurance] clicked<br/>
Total occurance: 2<br/>
WebElement to be clicked [[ChromeDriver: chrome on XP (ec1f13631b43114e143a686696588d12)] -> id: ctl00_cPH_UpdatePanel1]<br/>
After click [[ChromeDriver: chrome on XP (ec1f13631b43114e143a686696588d12)] -> id: ctl00_cPH_UpdatePanel1]<br/>
WebElement [[ChromeDriver: chrome on XP (ec1f13631b43114e143a686696588d12)] -> id: ctl00_cPH_UpdatePanel1] clicked<br/>
No of Days for second Invoice: 7<br/>
Expected next Date of invoice: 14/04/2020<br/>
Actual next Date of invoice: 14/04/2020<br/>
End Date for repeat invoice verified Successfully: 14/04/2020<br/>
WebElement to be clicked [[[[ChromeDriver: chrome on XP (ec1f13631b43114e143a686696588d12)] -> id: ctl00_cPH_rptrProduct_ctl00_ddProduct]] -> xpath: .//option[normalize-space(.) = "Sale"]]<br/>
After click [[[[ChromeDriver: chrome on XP (ec1f13631b43114e143a686696588d12)] -> id: ctl00_cPH_rptrProduct_ctl00_ddProduct]] -> xpath: .//option[normalize-space(.) = "Sale"]]<br/>
WebElement [[[[ChromeDriver: chrome on XP (ec1f13631b43114e143a686696588d12)] -> id: ctl00_cPH_rptrProduct_ctl00_ddProduct]] -> xpath: .//option[normalize-space(.) = "Sale"]] clicked<br/>
Unit Price: 1000<br/>
WebElement to be clicked [[ChromeDriver: chrome on XP (ec1f13631b43114e143a686696588d12)] -> xpath: //input[@id='ctl00_cPH_rptrProduct_ctl00_txtQuantity']]<br/>
After click [[ChromeDriver: chrome on XP (ec1f13631b43114e143a686696588d12)] -> xpath: //input[@id='ctl00_cPH_rptrProduct_ctl00_txtQuantity']]<br/>
WebElement [[ChromeDriver: chrome on XP (ec1f13631b43114e143a686696588d12)] -> xpath: //input[@id='ctl00_cPH_rptrProduct_ctl00_txtQuantity']] clicked<br/>
WebElement to be clicked [[[[ChromeDriver: chrome on XP (ec1f13631b43114e143a686696588d12)] -> id: ctl00_cPH_rptrProduct_ctl00_ddVATRate]] -> xpath: .//option[normalize-space(.) = "STD 20%"]]<br/>
After click [[[[ChromeDriver: chrome on XP (ec1f13631b43114e143a686696588d12)] -> id: ctl00_cPH_rptrProduct_ctl00_ddVATRate]] -> xpath: .//option[normalize-space(.) = "STD 20%"]]<br/>
WebElement [[[[ChromeDriver: chrome on XP (ec1f13631b43114e143a686696588d12)] -> id: ctl00_cPH_rptrProduct_ctl00_ddVATRate]] -> xpath: .//option[normalize-space(.) = "STD 20%"]] clicked<br/>
Quantity10<br/>
Value of VAT amount: 0.00<br/>
Value of amount: 0.00<br/>
Test execution is in onTestFailure method<br/>
<img src=".\..\screenshots\Failure\RepeatInvoiceCls.funcRepeatInvoice - 07-Apr-2020__10_54_34PM.png" style=width:400px><br/>
</div>
</td>
<td><div><pre>java.lang.AssertionError: expected [2000.00] but found [0.00]
	at org.testng.Assert.fail(Assert.java:94)
	at org.testng.Assert.failNotEquals(Assert.java:494)
	at org.testng.Assert.assertEquals(Assert.java:123)
	at org.testng.Assert.assertEquals(Assert.java:176)
	at org.testng.Assert.assertEquals(Assert.java:186)
	at com.nomisma.BusinessPom.BusinessPom.repeatInvoive(BusinessPom.java:1179)
	at com.nomisma.Business.RepeatInvoiceCls.funcRepeatInvoice(RepeatInvoiceCls.java:40)
	at java.base/jdk.internal.reflect.NativeMethodAccessorImpl.invoke0(Native Method)
	at java.base/jdk.internal.reflect.NativeMethodAccessorImpl.invoke(NativeMethodAccessorImpl.java:62)
	at java.base/jdk.internal.reflect.DelegatingMethodAccessorImpl.invoke(DelegatingMethodAccessorImpl.java:43)
	at java.base/java.lang.reflect.Method.invoke(Method.java:564)
	at org.testng.internal.MethodInvocationHelper.invokeMethod(MethodInvocationHelper.java:80)
	at org.testng.internal.Invoker.invokeMethod(Invoker.java:714)
	at org.testng.internal.Invoker.invokeTestMethod(Invoker.java:901)
	at org.testng.internal.Invoker.invokeTestMethods(Invoker.java:1231)
	at org.testng.internal.TestMethodWorker.invokeTestMethods(TestMethodWorker.java:127)
	at org.testng.internal.TestMethodWorker.run(TestMethodWorker.java:111)
	at org.testng.TestRunner.privateRun(TestRunner.java:767)
	at org.testng.TestRunner.run(TestRunner.java:617)
	at org.testng.SuiteRunner.runTest(SuiteRunner.java:334)
	at org.testng.SuiteRunner.runSequentially(SuiteRunner.java:329)
	at org.testng.SuiteRunner.privateRun(SuiteRunner.java:291)
	at org.testng.SuiteRunner.run(SuiteRunner.java:240)
	at org.testng.SuiteRunnerWorker.runSuite(SuiteRunnerWorker.java:52)
	at org.testng.SuiteRunnerWorker.run(SuiteRunnerWorker.java:86)
	at org.testng.TestNG.runSuitesSequentially(TestNG.java:1198)
	at org.testng.TestNG.runSuitesLocally(TestNG.java:1123)
	at org.testng.TestNG.run(TestNG.java:1031)
	at org.testng.remote.AbstractRemoteTestNG.run(AbstractRemoteTestNG.java:114)
	at org.testng.remote.RemoteTestNG.initAndRun(RemoteTestNG.java:251)
	at org.testng.remote.RemoteTestNG.main(RemoteTestNG.java:77)
</pre></div><a href='#' onClick='toggleBox("stack-trace1786040872", this, "Click to show all stack frames", "Click to hide stack frames")'>Click to show all stack frames</a>
<div class='stack-trace' id='stack-trace1786040872'><pre>java.lang.AssertionError: expected [2000.00] but found [0.00]
	at org.testng.Assert.fail(Assert.java:94)
	at org.testng.Assert.failNotEquals(Assert.java:494)
	at org.testng.Assert.assertEquals(Assert.java:123)
	at org.testng.Assert.assertEquals(Assert.java:176)
	at org.testng.Assert.assertEquals(Assert.java:186)
	at com.nomisma.BusinessPom.BusinessPom.repeatInvoive(BusinessPom.java:1179)
	at com.nomisma.Business.RepeatInvoiceCls.funcRepeatInvoice(RepeatInvoiceCls.java:40)
	at java.base/jdk.internal.reflect.NativeMethodAccessorImpl.invoke0(Native Method)
	at java.base/jdk.internal.reflect.NativeMethodAccessorImpl.invoke(NativeMethodAccessorImpl.java:62)
	at java.base/jdk.internal.reflect.DelegatingMethodAccessorImpl.invoke(DelegatingMethodAccessorImpl.java:43)
	at java.base/java.lang.reflect.Method.invoke(Method.java:564)
	at org.testng.internal.MethodInvocationHelper.invokeMethod(MethodInvocationHelper.java:80)
	at org.testng.internal.Invoker.invokeMethod(Invoker.java:714)
	at org.testng.internal.Invoker.invokeTestMethod(Invoker.java:901)
	at org.testng.internal.Invoker.invokeTestMethods(Invoker.java:1231)
	at org.testng.internal.TestMethodWorker.invokeTestMethods(TestMethodWorker.java:127)
	at org.testng.internal.TestMethodWorker.run(TestMethodWorker.java:111)
	at org.testng.TestRunner.privateRun(TestRunner.java:767)
	at org.testng.TestRunner.run(TestRunner.java:617)
	at org.testng.SuiteRunner.runTest(SuiteRunner.java:334)
	at org.testng.SuiteRunner.runSequentially(SuiteRunner.java:329)
	at org.testng.SuiteRunner.privateRun(SuiteRunner.java:291)
	at org.testng.SuiteRunner.run(SuiteRunner.java:240)
	at org.testng.SuiteRunnerWorker.runSuite(SuiteRunnerWorker.java:52)
	at org.testng.SuiteRunnerWorker.run(SuiteRunnerWorker.java:86)
	at org.testng.TestNG.runSuitesSequentially(TestNG.java:1198)
	at org.testng.TestNG.runSuitesLocally(TestNG.java:1123)
	at org.testng.TestNG.run(TestNG.java:1031)
	at org.testng.remote.AbstractRemoteTestNG.run(AbstractRemoteTestNG.java:114)
	at org.testng.remote.RemoteTestNG.initAndRun(RemoteTestNG.java:251)
	at org.testng.remote.RemoteTestNG.main(RemoteTestNG.java:77)
</pre></div></td>
<td>51</td>
<td>com.nomisma.Business.RepeatInvoiceCls@34f5090e</td></tr>
</table><p>
</body>
</html>