<html>
<head>
<title>TestNG:  testCaseDelRepeatInvoice</title>
<link href="../testng.css" rel="stylesheet" type="text/css" />
<link href="../my-testng.css" rel="stylesheet" type="text/css" />

<style type="text/css">
.log { display: none;} 
.stack-trace { display: none;} 
</style>
<script type="text/javascript">
<!--
function flip(e) {
  current = e.style.display;
  if (current == 'block') {
    e.style.display = 'none';
    return 0;
  }
  else {
    e.style.display = 'block';
    return 1;
  }
}

function toggleBox(szDivId, elem, msg1, msg2)
{
  var res = -1;  if (document.getElementById) {
    res = flip(document.getElementById(szDivId));
  }
  else if (document.all) {
    // this is the way old msie versions work
    res = flip(document.all[szDivId]);
  }
  if(elem) {
    if(res == 0) elem.innerHTML = msg1; else elem.innerHTML = msg2;
  }

}

function toggleAllBoxes() {
  if (document.getElementsByTagName) {
    d = document.getElementsByTagName('div');
    for (i = 0; i < d.length; i++) {
      if (d[i].className == 'log') {
        flip(d[i]);
      }
    }
  }
}

// -->
</script>

</head>
<body>
<h2 align='center'>testCaseDelRepeatInvoice</h2><table border='1' align="center">
<tr>
<td>Tests passed/Failed/Skipped:</td><td>0/1/0</td>
</tr><tr>
<td>Started on:</td><td>Tue Apr 07 23:42:28 IST 2020</td>
</tr>
<tr><td>Total time:</td><td>46 seconds (46576 ms)</td>
</tr><tr>
<td>Included groups:</td><td></td>
</tr><tr>
<td>Excluded groups:</td><td></td>
</tr>
</table><p/>
<small><i>(Hover the method name to see the test class name)</i></small><p/>
<table width='100%' border='1' class='invocation-failed'>
<tr><td colspan='4' align='center'><b>FAILED TESTS</b></td></tr>
<tr><td><b>Test method</b></td>
<td width="30%"><b>Exception</b></td>
<td width="10%"><b>Time (seconds)</b></td>
<td><b>Instance</b></td>
</tr>
<tr>
<td title='com.nomisma.Business.DelIRepeatInvoiceCls.funcDelRepeatInvoive()'><b>funcDelRepeatInvoive</b><br>Test class: com.nomisma.Business.DelIRepeatInvoiceCls<br/>
<a href="#Output-1786040872" onClick='toggleBox("Output-1786040872", this, "Show output", "Hide output");'>Show output</a>

<a href="#Output-1786040872" onClick="toggleAllBoxes();">Show all outputs</a>
<div class='log' id="Output-1786040872">
WebElement to be clicked [[ChromeDriver: chrome on XP (9515cf565fe3e32c90ea5c541e1a3ddd)] -> id: ctl00_cPH_btnLogin]<br/>
After click [[ChromeDriver: chrome on XP (9515cf565fe3e32c90ea5c541e1a3ddd)] -> id: ctl00_cPH_btnLogin]<br/>
WebElement [[ChromeDriver: chrome on XP (9515cf565fe3e32c90ea5c541e1a3ddd)] -> id: ctl00_cPH_btnLogin] clicked<br/>
Page Refreshed<br/>
WebElement to be clicked [[ChromeDriver: chrome on XP (9515cf565fe3e32c90ea5c541e1a3ddd)] -> id: ctl00_cPHFilter_btnSearch]<br/>
After click [[ChromeDriver: chrome on XP (9515cf565fe3e32c90ea5c541e1a3ddd)] -> id: ctl00_cPHFilter_btnSearch]<br/>
WebElement [[ChromeDriver: chrome on XP (9515cf565fe3e32c90ea5c541e1a3ddd)] -> id: ctl00_cPHFilter_btnSearch] clicked<br/>
WebElement to be clicked [[ChromeDriver: chrome on XP (9515cf565fe3e32c90ea5c541e1a3ddd)] -> xpath: //table//tbody//tr//td[contains(text(),'TestBookKeeping')]]<br/>
After click [[ChromeDriver: chrome on XP (9515cf565fe3e32c90ea5c541e1a3ddd)] -> xpath: //table//tbody//tr//td[contains(text(),'TestBookKeeping')]]<br/>
WebElement [[ChromeDriver: chrome on XP (9515cf565fe3e32c90ea5c541e1a3ddd)] -> xpath: //table//tbody//tr//td[contains(text(),'TestBookKeeping')]] clicked<br/>
Agent window is displayed<br/>
WebElement to be clicked [[ChromeDriver: chrome on XP (9515cf565fe3e32c90ea5c541e1a3ddd)] -> xpath: //span[contains(text(),'Businesses')]]<br/>
After click [[ChromeDriver: chrome on XP (9515cf565fe3e32c90ea5c541e1a3ddd)] -> xpath: //span[contains(text(),'Businesses')]]<br/>
WebElement [[ChromeDriver: chrome on XP (9515cf565fe3e32c90ea5c541e1a3ddd)] -> xpath: //span[contains(text(),'Businesses')]] clicked<br/>
WebElement to be clicked [[ChromeDriver: chrome on XP (9515cf565fe3e32c90ea5c541e1a3ddd)] -> id: ctl00_ctl00_ParentContent_cPHFilter_btnSearch]<br/>
After click [[ChromeDriver: chrome on XP (9515cf565fe3e32c90ea5c541e1a3ddd)] -> id: ctl00_ctl00_ParentContent_cPHFilter_btnSearch]<br/>
WebElement [[ChromeDriver: chrome on XP (9515cf565fe3e32c90ea5c541e1a3ddd)] -> id: ctl00_ctl00_ParentContent_cPHFilter_btnSearch] clicked<br/>
WebElement to be clicked [[ChromeDriver: chrome on XP (9515cf565fe3e32c90ea5c541e1a3ddd)] -> xpath: //tr[@id='ctl00_ctl00_ParentContent_cPH_rptrDisplayRecords_ctl00_rowCompany']/td[1]]<br/>
After click [[ChromeDriver: chrome on XP (9515cf565fe3e32c90ea5c541e1a3ddd)] -> xpath: //tr[@id='ctl00_ctl00_ParentContent_cPH_rptrDisplayRecords_ctl00_rowCompany']/td[1]]<br/>
WebElement [[ChromeDriver: chrome on XP (9515cf565fe3e32c90ea5c541e1a3ddd)] -> xpath: //tr[@id='ctl00_ctl00_ParentContent_cPH_rptrDisplayRecords_ctl00_rowCompany']/td[1]] clicked<br/>
opening searched business<br/>
Page Refreshed<br/>
WebElement to be clicked [[ChromeDriver: chrome on XP (9515cf565fe3e32c90ea5c541e1a3ddd)] -> xpath: //span[contains(text(),'Income')]]<br/>
After click [[ChromeDriver: chrome on XP (9515cf565fe3e32c90ea5c541e1a3ddd)] -> xpath: //span[contains(text(),'Income')]]<br/>
WebElement [[ChromeDriver: chrome on XP (9515cf565fe3e32c90ea5c541e1a3ddd)] -> xpath: //span[contains(text(),'Income')]] clicked<br/>
Page Refreshed<br/>
Test execution is in onTestFailure method<br/>
<img src=".\..\screenshots\Failure\DelIRepeatInvoiceCls.funcDelRepeatInvoive - 07-Apr-2020__11_43_13PM.png" style=width:400px><br/>
</div>
</td>
<td><div><pre>org.openqa.selenium.TimeoutException: Expected condition failed: waiting for visibility of [[ChromeDriver: chrome on XP (9515cf565fe3e32c90ea5c541e1a3ddd)] -&gt; xpath: //div[@id=&apos;ctl00_divMainContent&apos;]/header/div[1]/div[3]] (tried for 2 second(s) with 500 milliseconds interval)
Build info: version: &apos;3.11.0&apos;, revision: &apos;e59cfb3&apos;, time: &apos;2018-03-11T20:26:55.152Z&apos;
System info: host: &apos;NOM_ANJALI&apos;, ip: &apos;192.168.1.26&apos;, os.name: &apos;Windows 10&apos;, os.arch: &apos;amd64&apos;, os.version: &apos;10.0&apos;, java.version: &apos;10.0.1&apos;
Driver info: org.openqa.selenium.support.events.EventFiringWebDriver
Capabilities {acceptInsecureCerts: false, acceptSslCerts: false, applicationCacheEnabled: false, browserConnectionEnabled: false, browserName: chrome, chrome: {chromedriverVersion: 2.46.628402 (536cd7adbad73a..., userDataDir: C:\Users\ADMINI~1\AppData\L...}, cssSelectorsEnabled: true, databaseEnabled: false, goog:chromeOptions: {debuggerAddress: localhost:9290}, handlesAlerts: true, hasTouchScreen: false, javascriptEnabled: true, locationContextEnabled: true, mobileEmulationEnabled: false, nativeEvents: true, networkConnectionEnabled: false, pageLoadStrategy: normal, platform: XP, platformName: XP, proxy: Proxy(), rotatable: false, setWindowRect: true, strictFileInteractability: false, takesHeapSnapshot: true, takesScreenshot: true, timeouts: {implicit: 0, pageLoad: 300000, script: 30000}, unexpectedAlertBehaviour: ignore, unhandledPromptBehavior: ignore, version: 71.0.3578.98, webStorageEnabled: true}
Session ID: 9515cf565fe3e32c90ea5c541e1a3ddd
	at org.openqa.selenium.support.ui.WebDriverWait.timeoutException(WebDriverWait.java:81)
	at org.openqa.selenium.support.ui.FluentWait.until(FluentWait.java:271)
	at com.nomisma.generic.WaitStatementLib.explicitWait(WaitStatementLib.java:30)
	at com.nomisma.BusinessPom.BusinessPom.delRepeatInvoice(BusinessPom.java:1214)
	at com.nomisma.Business.DelIRepeatInvoiceCls.funcDelRepeatInvoive(DelIRepeatInvoiceCls.java:36)
	at java.base/jdk.internal.reflect.NativeMethodAccessorImpl.invoke0(Native Method)
	at java.base/jdk.internal.reflect.NativeMethodAccessorImpl.invoke(NativeMethodAccessorImpl.java:62)
	at java.base/jdk.internal.reflect.DelegatingMethodAccessorImpl.invoke(DelegatingMethodAccessorImpl.java:43)
	at java.base/java.lang.reflect.Method.invoke(Method.java:564)
	at org.testng.internal.MethodInvocationHelper.invokeMethod(MethodInvocationHelper.java:80)
	at org.testng.internal.Invoker.invokeMethod(Invoker.java:714)
	at org.testng.internal.Invoker.invokeTestMethod(Invoker.java:901)
	at org.testng.internal.Invoker.invokeTestMethods(Invoker.java:1231)
	at org.testng.internal.TestMethodWorker.invokeTestMethods(TestMethodWorker.java:127)
	at org.testng.internal.TestMethodWorker.run(TestMethodWorker.java:111)
	at org.testng.TestRunner.privateRun(TestRunner.java:767)
	at org.testng.TestRunner.run(TestRunner.java:617)
	at org.testng.SuiteRunner.runTest(SuiteRunner.java:334)
	at org.testng.SuiteRunner.runSequentially(SuiteRunner.java:329)
	at org.testng.SuiteRunner.privateRun(SuiteRunner.java:291)
	at org.testng.SuiteRunner.run(SuiteRunner.java:240)
	at org.testng.SuiteRunnerWorker.runSuite(SuiteRunnerWorker.java:52)
	at org.testng.SuiteRunnerWorker.run(SuiteRunnerWorker.java:86)
	at org.testng.TestNG.runSuitesSequentially(TestNG.java:1198)
	at org.testng.TestNG.runSuitesLocally(TestNG.java:1123)
	at org.testng.TestNG.run(TestNG.java:1031)
	at org.testng.remote.AbstractRemoteTestNG.run(AbstractRemoteTestNG.java:114)
	at org.testng.remote.RemoteTestNG.initAndRun(RemoteTestNG.java:251)
	at org.testng.remote.RemoteTestNG.main(RemoteTestNG.java:77)
</pre></div><a href='#' onClick='toggleBox("stack-trace1786040872", this, "Click to show all stack frames", "Click to hide stack frames")'>Click to show all stack frames</a>
<div class='stack-trace' id='stack-trace1786040872'><pre>org.openqa.selenium.TimeoutException: Expected condition failed: waiting for visibility of [[ChromeDriver: chrome on XP (9515cf565fe3e32c90ea5c541e1a3ddd)] -&gt; xpath: //div[@id=&apos;ctl00_divMainContent&apos;]/header/div[1]/div[3]] (tried for 2 second(s) with 500 milliseconds interval)
Build info: version: &apos;3.11.0&apos;, revision: &apos;e59cfb3&apos;, time: &apos;2018-03-11T20:26:55.152Z&apos;
System info: host: &apos;NOM_ANJALI&apos;, ip: &apos;192.168.1.26&apos;, os.name: &apos;Windows 10&apos;, os.arch: &apos;amd64&apos;, os.version: &apos;10.0&apos;, java.version: &apos;10.0.1&apos;
Driver info: org.openqa.selenium.support.events.EventFiringWebDriver
Capabilities {acceptInsecureCerts: false, acceptSslCerts: false, applicationCacheEnabled: false, browserConnectionEnabled: false, browserName: chrome, chrome: {chromedriverVersion: 2.46.628402 (536cd7adbad73a..., userDataDir: C:\Users\ADMINI~1\AppData\L...}, cssSelectorsEnabled: true, databaseEnabled: false, goog:chromeOptions: {debuggerAddress: localhost:9290}, handlesAlerts: true, hasTouchScreen: false, javascriptEnabled: true, locationContextEnabled: true, mobileEmulationEnabled: false, nativeEvents: true, networkConnectionEnabled: false, pageLoadStrategy: normal, platform: XP, platformName: XP, proxy: Proxy(), rotatable: false, setWindowRect: true, strictFileInteractability: false, takesHeapSnapshot: true, takesScreenshot: true, timeouts: {implicit: 0, pageLoad: 300000, script: 30000}, unexpectedAlertBehaviour: ignore, unhandledPromptBehavior: ignore, version: 71.0.3578.98, webStorageEnabled: true}
Session ID: 9515cf565fe3e32c90ea5c541e1a3ddd
	at org.openqa.selenium.support.ui.WebDriverWait.timeoutException(WebDriverWait.java:81)
	at org.openqa.selenium.support.ui.FluentWait.until(FluentWait.java:271)
	at com.nomisma.generic.WaitStatementLib.explicitWait(WaitStatementLib.java:30)
	at com.nomisma.BusinessPom.BusinessPom.delRepeatInvoice(BusinessPom.java:1214)
	at com.nomisma.Business.DelIRepeatInvoiceCls.funcDelRepeatInvoive(DelIRepeatInvoiceCls.java:36)
	at java.base/jdk.internal.reflect.NativeMethodAccessorImpl.invoke0(Native Method)
	at java.base/jdk.internal.reflect.NativeMethodAccessorImpl.invoke(NativeMethodAccessorImpl.java:62)
	at java.base/jdk.internal.reflect.DelegatingMethodAccessorImpl.invoke(DelegatingMethodAccessorImpl.java:43)
	at java.base/java.lang.reflect.Method.invoke(Method.java:564)
	at org.testng.internal.MethodInvocationHelper.invokeMethod(MethodInvocationHelper.java:80)
	at org.testng.internal.Invoker.invokeMethod(Invoker.java:714)
	at org.testng.internal.Invoker.invokeTestMethod(Invoker.java:901)
	at org.testng.internal.Invoker.invokeTestMethods(Invoker.java:1231)
	at org.testng.internal.TestMethodWorker.invokeTestMethods(TestMethodWorker.java:127)
	at org.testng.internal.TestMethodWorker.run(TestMethodWorker.java:111)
	at org.testng.TestRunner.privateRun(TestRunner.java:767)
	at org.testng.TestRunner.run(TestRunner.java:617)
	at org.testng.SuiteRunner.runTest(SuiteRunner.java:334)
	at org.testng.SuiteRunner.runSequentially(SuiteRunner.java:329)
	at org.testng.SuiteRunner.privateRun(SuiteRunner.java:291)
	at org.testng.SuiteRunner.run(SuiteRunner.java:240)
	at org.testng.SuiteRunnerWorker.runSuite(SuiteRunnerWorker.java:52)
	at org.testng.SuiteRunnerWorker.run(SuiteRunnerWorker.java:86)
	at org.testng.TestNG.runSuitesSequentially(TestNG.java:1198)
	at org.testng.TestNG.runSuitesLocally(TestNG.java:1123)
	at org.testng.TestNG.run(TestNG.java:1031)
	at org.testng.remote.AbstractRemoteTestNG.run(AbstractRemoteTestNG.java:114)
	at org.testng.remote.RemoteTestNG.initAndRun(RemoteTestNG.java:251)
	at org.testng.remote.RemoteTestNG.main(RemoteTestNG.java:77)
</pre></div></td>
<td>28</td>
<td>com.nomisma.Business.DelIRepeatInvoiceCls@34f5090e</td></tr>
</table><p>
</body>
</html>