<?xml version="1.0" encoding="UTF-8"?>
<!-- Generated by org.testng.reporters.JUnitXMLReporter -->
<testsuite ignored="0" hostname="Deepika-2AT30NI" failures="1" tests="1" name="Testcase 3-Tax due amount on schedule email page when work status is submitted" time="48.477" errors="0" timestamp="2021-07-22T11:39:30 IST">
  <testcase classname="tests.testcase112_DefaultProfile2" name="GoToUrlusernamepositiveinputPositiveEnterctl00cPHpassClickLoginPositiveEnterctl00cPHFiltertxtAg" time="42.559">
    <failure type="java.lang.AssertionError" message="Unable to locate object: By.xpath: //*[@id=&amp;quot;my_table&amp;quot;]/tbody/tr[5]/td[3]/a">
      <![CDATA[java.lang.AssertionError: Unable to locate object: By.xpath: //*[@id="my_table"]/tbody/tr[5]/td[3]/a
at pages.Testcase112.Click_SA110_Underpaid_Tax(Testcase112.java:1357)
at tests.testcase112_DefaultProfile2.GoToUrlusernamepositiveinputPositiveEnterctl00cPHpassClickLoginPositiveEnterctl00cPHFiltertxtAg(testcase112_DefaultProfile2.java:214)
at java.base/java.util.ArrayList.forEach(ArrayList.java:1540)
... Removed 28 stack frames]]>
    </failure>
  </testcase> <!-- GoToUrlusernamepositiveinputPositiveEnterctl00cPHpassClickLoginPositiveEnterctl00cPHFiltertxtAg -->
</testsuite> <!-- Testcase 3-Tax due amount on schedule email page when work status is submitted -->
