<?xml version="1.0" encoding="UTF-8"?>
<!-- Generated by org.testng.reporters.JUnitReportReporter -->
<testsuite hostname="NomismaSol" failures="1" tests="1" name="com.nomisma.scriptspayroll.TestPDF" time="28.237" errors="0" timestamp="28 May 2018 06:38:53 GMT">
  <testcase classname="com.nomisma.scriptspayroll.TestPDF" name="ReadPDF" time="28.237">
    <failure message="E:\Down\ReportP32.pdf (The system cannot find the file specified)" type="java.io.FileNotFoundException">
      <![CDATA[java.io.FileNotFoundException: E:\Down\ReportP32.pdf (The system cannot find the file specified)
	at java.base/java.io.FileInputStream.open0(Native Method)
	at java.base/java.io.FileInputStream.open(Unknown Source)
	at java.base/java.io.FileInputStream.<init>(Unknown Source)
	at java.base/java.io.FileInputStream.<init>(Unknown Source)
	at java.base/sun.net.www.protocol.file.FileURLConnection.connect(Unknown Source)
	at java.base/sun.net.www.protocol.file.FileURLConnection.getInputStream(Unknown Source)
	at java.base/java.net.URL.openStream(Unknown Source)
	at com.nomisma.pom.PayrollPage2.readPDFInURL(PayrollPage2.java:857)
	at com.nomisma.scriptspayroll.TestPDF.ReadPDF(TestPDF.java:50)
	at java.base/jdk.internal.reflect.NativeMethodAccessorImpl.invoke0(Native Method)
	at java.base/jdk.internal.reflect.NativeMethodAccessorImpl.invoke(Unknown Source)
	at java.base/jdk.internal.reflect.DelegatingMethodAccessorImpl.invoke(Unknown Source)
	at java.base/java.lang.reflect.Method.invoke(Unknown Source)
	at org.testng.internal.MethodInvocationHelper.invokeMethod(MethodInvocationHelper.java:80)
	at org.testng.internal.Invoker.invokeMethod(Invoker.java:714)
	at org.testng.internal.Invoker.invokeTestMethod(Invoker.java:901)
	at org.testng.internal.Invoker.invokeTestMethods(Invoker.java:1231)
	at org.testng.internal.TestMethodWorker.invokeTestMethods(TestMethodWorker.java:127)
	at org.testng.internal.TestMethodWorker.run(TestMethodWorker.java:111)
	at org.testng.TestRunner.privateRun(TestRunner.java:767)
	at org.testng.TestRunner.run(TestRunner.java:617)
	at org.testng.SuiteRunner.runTest(SuiteRunner.java:334)
	at org.testng.SuiteRunner.access$000(SuiteRunner.java:37)
	at org.testng.SuiteRunner$SuiteWorker.run(SuiteRunner.java:368)
	at org.testng.internal.thread.ThreadUtil$2.call(ThreadUtil.java:64)
	at java.base/java.util.concurrent.FutureTask.run(Unknown Source)
	at java.base/java.util.concurrent.ThreadPoolExecutor.runWorker(Unknown Source)
	at java.base/java.util.concurrent.ThreadPoolExecutor$Worker.run(Unknown Source)
	at java.base/java.lang.Thread.run(Unknown Source)
]]>
    </failure>
  </testcase> <!-- ReadPDF -->
</testsuite> <!-- com.nomisma.scriptspayroll.TestPDF -->
