<?xml version="1.0" encoding="UTF-8"?>
<!-- Generated by org.testng.reporters.JUnitReportReporter -->
<testsuite hostname="Deepika-2AT30NI" failures="1" tests="1" name="tests.logintouploadexpense_DefaultProfile" time="60.113" errors="0" timestamp="2020-11-03T23:24:17 IST" skipped="0">
  <testcase classname="tests.logintouploadexpense_DefaultProfile" name="GoToUrlpositiveenterusernamepositiveenterpasswordClickLoginsuccessGoToUrlpositiveagentnameCl" time="60.113">
    <failure message="Unable to locate object: By.xpath: /html/body/form/main/div[10]/div[3]/div/div[3]/div/div/div[1]/div/div/div/div/div[1]/table/tbody/tr[4]/td/a" type="java.lang.AssertionError">
      <![CDATA[java.lang.AssertionError: Unable to locate object: By.xpath: /html/body/form/main/div[10]/div[3]/div/div[3]/div/div/div[1]/div/div/div/div/div[1]/table/tbody/tr[4]/td/a
at org.testng.Assert.fail(Assert.java:97)
at pages.ledger_report.Click_Ledger(ledger_report.java:101)
at tests.logintouploadexpense_DefaultProfile.GoToUrlpositiveenterusernamepositiveenterpasswordClickLoginsuccessGoToUrlpositiveagentnameCl(logintouploadexpense_DefaultProfile.java:122)
at java.base/jdk.internal.reflect.NativeMethodAccessorImpl.invoke0(Native Method)
at java.base/jdk.internal.reflect.NativeMethodAccessorImpl.invoke(NativeMethodAccessorImpl.java:62)
at java.base/jdk.internal.reflect.DelegatingMethodAccessorImpl.invoke(DelegatingMethodAccessorImpl.java:43)
at java.base/java.lang.reflect.Method.invoke(Method.java:567)
at org.testng.internal.MethodInvocationHelper.invokeMethod(MethodInvocationHelper.java:134)
at org.testng.internal.TestInvoker.invokeMethod(TestInvoker.java:597)
at org.testng.internal.TestInvoker.invokeTestMethod(TestInvoker.java:173)
at org.testng.internal.MethodRunner.runInSequence(MethodRunner.java:46)
at org.testng.internal.TestInvoker$MethodInvocationAgent.invoke(TestInvoker.java:816)
at org.testng.internal.TestInvoker.invokeTestMethods(TestInvoker.java:146)
at org.testng.internal.TestMethodWorker.invokeTestMethods(TestMethodWorker.java:146)
at org.testng.internal.TestMethodWorker.run(TestMethodWorker.java:128)
at java.base/java.util.ArrayList.forEach(ArrayList.java:1540)
at org.testng.TestRunner.privateRun(TestRunner.java:766)
at org.testng.TestRunner.run(TestRunner.java:587)
at org.testng.SuiteRunner.runTest(SuiteRunner.java:384)
at org.testng.SuiteRunner.runSequentially(SuiteRunner.java:378)
at org.testng.SuiteRunner.privateRun(SuiteRunner.java:337)
at org.testng.SuiteRunner.run(SuiteRunner.java:286)
at org.testng.SuiteRunnerWorker.runSuite(SuiteRunnerWorker.java:53)
at org.testng.SuiteRunnerWorker.run(SuiteRunnerWorker.java:96)
at org.testng.TestNG.runSuitesSequentially(TestNG.java:1187)
at org.testng.TestNG.runSuitesLocally(TestNG.java:1109)
at org.testng.TestNG.runSuites(TestNG.java:1039)
at org.testng.TestNG.run(TestNG.java:1007)
at org.testng.remote.AbstractRemoteTestNG.run(AbstractRemoteTestNG.java:115)
at org.testng.remote.RemoteTestNG.initAndRun(RemoteTestNG.java:251)
at org.testng.remote.RemoteTestNG.main(RemoteTestNG.java:77)
]]>
    </failure>
  </testcase> <!-- GoToUrlpositiveenterusernamepositiveenterpasswordClickLoginsuccessGoToUrlpositiveagentnameCl -->
  <system-out/>
</testsuite> <!-- tests.logintouploadexpense_DefaultProfile -->
