<?xml version="1.0" encoding="UTF-8"?>
<!-- Generated by org.testng.reporters.JUnitReportReporter -->
<testsuite hostname="Deepika-2AT30NI" failures="1" tests="6" name="tests.Signupprocessscenario_DefaultProfile" time="51.267" errors="0" timestamp="2020-08-18T15:21:15 IST" skipped="5">
  <testcase classname="tests.Signupprocessscenario_DefaultProfile" name="GoToUrlClickFreeTrialPositiveEnterq3namePositiveEnterq3lnamePositiveEnterq3companyPositiveEnte1" time="51.267">
    <failure message="Unable to locate object: By.xpath: //*[@id=&quot;ctl00_cPH_ddlCompanyType&quot;]" type="java.lang.AssertionError">
      <![CDATA[java.lang.AssertionError: Unable to locate object: By.xpath: //*[@id="ctl00_cPH_ddlCompanyType"]
at org.testng.Assert.fail(Assert.java:97)
at pages.company_selection.Select_ctl00cPHddlCompanyType(company_selection.java:79)
at tests.Signupprocessscenario_DefaultProfile.GoToUrlClickFreeTrialPositiveEnterq3namePositiveEnterq3lnamePositiveEnterq3companyPositiveEnte1(Signupprocessscenario_DefaultProfile.java:125)
at java.base/jdk.internal.reflect.NativeMethodAccessorImpl.invoke0(Native Method)
at java.base/jdk.internal.reflect.NativeMethodAccessorImpl.invoke(NativeMethodAccessorImpl.java:62)
at java.base/jdk.internal.reflect.DelegatingMethodAccessorImpl.invoke(DelegatingMethodAccessorImpl.java:43)
at java.base/java.lang.reflect.Method.invoke(Method.java:567)
at org.testng.internal.MethodInvocationHelper.invokeMethod(MethodInvocationHelper.java:134)
at org.testng.internal.TestInvoker.invokeMethod(TestInvoker.java:597)
at org.testng.internal.TestInvoker.invokeTestMethod(TestInvoker.java:173)
at org.testng.internal.MethodRunner.runInSequence(MethodRunner.java:46)
at org.testng.internal.TestInvoker$MethodInvocationAgent.invoke(TestInvoker.java:816)
at org.testng.internal.TestInvoker.invokeTestMethods(TestInvoker.java:146)
at org.testng.internal.TestMethodWorker.invokeTestMethods(TestMethodWorker.java:146)
at org.testng.internal.TestMethodWorker.run(TestMethodWorker.java:128)
at java.base/java.util.ArrayList.forEach(ArrayList.java:1540)
at org.testng.TestRunner.privateRun(TestRunner.java:766)
at org.testng.TestRunner.run(TestRunner.java:587)
at org.testng.SuiteRunner.runTest(SuiteRunner.java:384)
at org.testng.SuiteRunner.runSequentially(SuiteRunner.java:378)
at org.testng.SuiteRunner.privateRun(SuiteRunner.java:337)
at org.testng.SuiteRunner.run(SuiteRunner.java:286)
at org.testng.SuiteRunnerWorker.runSuite(SuiteRunnerWorker.java:53)
at org.testng.SuiteRunnerWorker.run(SuiteRunnerWorker.java:96)
at org.testng.TestNG.runSuitesSequentially(TestNG.java:1187)
at org.testng.TestNG.runSuitesLocally(TestNG.java:1109)
at org.testng.TestNG.runSuites(TestNG.java:1039)
at org.testng.TestNG.run(TestNG.java:1007)
at org.testng.remote.AbstractRemoteTestNG.run(AbstractRemoteTestNG.java:115)
at org.testng.remote.RemoteTestNG.initAndRun(RemoteTestNG.java:251)
at org.testng.remote.RemoteTestNG.main(RemoteTestNG.java:77)
]]>
    </failure>
  </testcase> <!-- GoToUrlClickFreeTrialPositiveEnterq3namePositiveEnterq3lnamePositiveEnterq3companyPositiveEnte1 -->
  <system-out/>
  <testcase classname="tests.Signupprocessscenario_DefaultProfile" name="GoToUrlClickFreeTrialPositiveEnterq3namePositiveEnterq3lnamePositiveEnterq3companyPositiveEnte4">
    <skipped/>
  </testcase> <!-- GoToUrlClickFreeTrialPositiveEnterq3namePositiveEnterq3lnamePositiveEnterq3companyPositiveEnte4 -->
  <system-out/>
  <testcase classname="tests.Signupprocessscenario_DefaultProfile" name="GoToUrlClickFreeTrialPositiveEnterq3namePositiveEnterq3lnamePositiveEnterq3companyPositiveEnte6">
    <skipped/>
  </testcase> <!-- GoToUrlClickFreeTrialPositiveEnterq3namePositiveEnterq3lnamePositiveEnterq3companyPositiveEnte6 -->
  <system-out/>
  <testcase classname="tests.Signupprocessscenario_DefaultProfile" name="GoToUrlClickFreeTrialPositiveEnterq3namePositiveEnterq3lnamePositiveEnterq3companyPositiveEnte3">
    <skipped/>
  </testcase> <!-- GoToUrlClickFreeTrialPositiveEnterq3namePositiveEnterq3lnamePositiveEnterq3companyPositiveEnte3 -->
  <system-out/>
  <testcase classname="tests.Signupprocessscenario_DefaultProfile" name="GoToUrlClickFreeTrialPositiveEnterq3namePositiveEnterq3lnamePositiveEnterq3companyPositiveEnte5">
    <skipped/>
  </testcase> <!-- GoToUrlClickFreeTrialPositiveEnterq3namePositiveEnterq3lnamePositiveEnterq3companyPositiveEnte5 -->
  <system-out/>
  <testcase classname="tests.Signupprocessscenario_DefaultProfile" name="GoToUrlClickFreeTrialPositiveEnterq3namePositiveEnterq3lnamePositiveEnterq3companyPositiveEnte2">
    <skipped/>
  </testcase> <!-- GoToUrlClickFreeTrialPositiveEnterq3namePositiveEnterq3lnamePositiveEnterq3companyPositiveEnte2 -->
  <system-out/>
</testsuite> <!-- tests.Signupprocessscenario_DefaultProfile -->
